This is pdfTeX, Version 3.14159265-2.6-1.40.16 (TeX Live 2015/Debian) (preloaded format=pdflatex 2018.10.15)  28 SEP 2019 21:42
entering extended mode
 restricted \write18 enabled.
 %&-line parsing enabled.
**main
(./main.tex
LaTeX2e <2016/02/01>
Babel <3.9q> and hyphenation patterns for 81 language(s) loaded.
(/usr/share/texlive/texmf-dist/tex/latex/base/fix-cm.sty
Package: fix-cm 2015/01/14 v1.1t fixes to LaTeX

(/usr/share/texlive/texmf-dist/tex/latex/base/ts1enc.def
File: ts1enc.def 2001/06/05 v3.0e (jk/car/fm) Standard LaTeX file
)) (./svjour3.cls
Document Class: svjour3 2007/05/08 v3.2 
LaTeX document class for Springer journals
Class Springer-SVJour3 Info: extra/valid Springer sub-package (-> *.clo) 
(Springer-SVJour3)           not found in option list of \documentclass
(Springer-SVJour3)           - autoactivating "global" style.
(./svglov3.clo
File: svglov3.clo 2009/12/18 v3.2 style option for standardised journals

SVJour Class option: svglov3.clo for standardised journals
)
LaTeX Font Info:    Redeclaring math symbol \Gamma on input line 147.
LaTeX Font Info:    Redeclaring math symbol \Delta on input line 148.
LaTeX Font Info:    Redeclaring math symbol \Theta on input line 149.
LaTeX Font Info:    Redeclaring math symbol \Lambda on input line 150.
LaTeX Font Info:    Redeclaring math symbol \Xi on input line 151.
LaTeX Font Info:    Redeclaring math symbol \Pi on input line 152.
LaTeX Font Info:    Redeclaring math symbol \Sigma on input line 153.
LaTeX Font Info:    Redeclaring math symbol \Upsilon on input line 154.
LaTeX Font Info:    Redeclaring math symbol \Phi on input line 155.
LaTeX Font Info:    Redeclaring math symbol \Psi on input line 156.
LaTeX Font Info:    Redeclaring math symbol \Omega on input line 157.
\logodepth=\dimen102
\headerboxheight=\dimen103
\betweenumberspace=\dimen104
\aftertext=\dimen105
\headlineindent=\dimen106
\c@inst=\count79
\c@auth=\count80
\instindent=\dimen107
\authrun=\box26
\authorrunning=\toks14
\titrun=\box27
\titlerunning=\toks15
\combirun=\box28
\c@lastpage=\count81
\rubricwidth=\dimen108
\c@section=\count82
\c@subsection=\count83
\c@subsubsection=\count84
\c@paragraph=\count85
\c@subparagraph=\count86
\spthmsep=\dimen109
\c@theorem=\count87
\c@case=\count88
\c@conjecture=\count89
\c@corollary=\count90
\c@definition=\count91
\c@example=\count92
\c@exercise=\count93
\c@lemma=\count94
\c@note=\count95
\c@problem=\count96
\c@property=\count97
\c@proposition=\count98
\c@question=\count99
\c@solution=\count100
\c@remark=\count101
\c@figure=\count102
\c@table=\count103
\abovecaptionskip=\skip41
\belowcaptionskip=\skip42
\figcapgap=\dimen110
\tabcapgap=\dimen111
\figgap=\dimen112
\bibindent=\dimen113
\@tempcntc=\count104
) (/usr/share/texlive/texmf-dist/tex/latex/graphics/graphicx.sty
Package: graphicx 2014/10/28 v1.0g Enhanced LaTeX Graphics (DPC,SPQR)

(/usr/share/texlive/texmf-dist/tex/latex/graphics/keyval.sty
Package: keyval 2014/10/28 v1.15 key=value parser (DPC)
\KV@toks@=\toks16
)
(/usr/share/texlive/texmf-dist/tex/latex/graphics/graphics.sty
Package: graphics 2016/01/03 v1.0q Standard LaTeX Graphics (DPC,SPQR)

(/usr/share/texlive/texmf-dist/tex/latex/graphics/trig.sty
Package: trig 2016/01/03 v1.10 sin cos tan (DPC)
)
(/usr/share/texlive/texmf-dist/tex/latex/latexconfig/graphics.cfg
File: graphics.cfg 2010/04/23 v1.9 graphics configuration of TeX Live
)
Package graphics Info: Driver file: pdftex.def on input line 95.

(/usr/share/texlive/texmf-dist/tex/latex/pdftex-def/pdftex.def
File: pdftex.def 2011/05/27 v0.06d Graphics/color for pdfTeX

(/usr/share/texlive/texmf-dist/tex/generic/oberdiek/infwarerr.sty
Package: infwarerr 2010/04/08 v1.3 Providing info/warning/error messages (HO)
)
(/usr/share/texlive/texmf-dist/tex/generic/oberdiek/ltxcmds.sty
Package: ltxcmds 2011/11/09 v1.22 LaTeX kernel commands for general use (HO)
)
\Gread@gobject=\count105
))
\Gin@req@height=\dimen114
\Gin@req@width=\dimen115
)
\c@assumption=\count106

(/usr/share/texlive/texmf-dist/tex/latex/galois/galois.sty
Package: galois 2005/03/19 v1.05, Galois connections, Patrick.Cousot@ens.fr
\@GALOISalphadepth=\skip43
\@GALOISalphaheight=\skip44
\@GALOISgammadepth=\skip45
\@GALOISwidth=\skip46
\@GALOISheight=\skip47
\@GALOISdepth=\skip48
\@GALOIStotalheight=\skip49
\@GALOISGap=\skip50
\@GALOISalphaarrowwidth=\skip51
\@GALOISalphaarrowhalfheight=\skip52
\@GALOISgammaarrowwidth=\skip53
\@GALOISgammaarrowhalfheight=\skip54
)
(/usr/share/texlive/texmf-dist/tex/latex/tools/bm.sty
Package: bm 2014/10/28 v1.1c Bold Symbol Support (DPC/FMi)
\symboldoperators=\mathgroup4
\symboldletters=\mathgroup5
\symboldsymbols=\mathgroup6
LaTeX Font Info:    Redeclaring math alphabet \mathbf on input line 141.
LaTeX Info: Redefining \bm on input line 207.
)
(/usr/share/texlive/texmf-dist/tex/latex/amsmath/amsmath.sty
Package: amsmath 2016/03/03 v2.15a AMS math features
\@mathmargin=\skip55

For additional information on amsmath, use the `?' option.
(/usr/share/texlive/texmf-dist/tex/latex/amsmath/amstext.sty
Package: amstext 2000/06/29 v2.01 AMS text

(/usr/share/texlive/texmf-dist/tex/latex/amsmath/amsgen.sty
File: amsgen.sty 1999/11/30 v2.0 generic functions
\@emptytoks=\toks17
\ex@=\dimen116
))
(/usr/share/texlive/texmf-dist/tex/latex/amsmath/amsbsy.sty
Package: amsbsy 1999/11/29 v1.2d Bold Symbols
LaTeX Info: Redefining \boldsymbol on input line 28.
\pmbraise@=\dimen117
)
(/usr/share/texlive/texmf-dist/tex/latex/amsmath/amsopn.sty
Package: amsopn 1999/12/14 v2.01 operator names
)
\inf@bad=\count107
LaTeX Info: Redefining \frac on input line 199.
\uproot@=\count108
\leftroot@=\count109
LaTeX Info: Redefining \overline on input line 297.
\classnum@=\count110
\DOTSCASE@=\count111
LaTeX Info: Redefining \ldots on input line 394.
LaTeX Info: Redefining \dots on input line 397.
LaTeX Info: Redefining \cdots on input line 518.
\Mathstrutbox@=\box29
\strutbox@=\box30
\big@size=\dimen118
LaTeX Font Info:    Redeclaring font encoding OML on input line 630.
LaTeX Font Info:    Redeclaring font encoding OMS on input line 631.


Package amsmath Warning: Unable to redefine math accent \vec.

\macc@depth=\count112
\c@MaxMatrixCols=\count113
\dotsspace@=\muskip10
\c@parentequation=\count114
\dspbrk@lvl=\count115
\tag@help=\toks18
\row@=\count116
\column@=\count117
\maxfields@=\count118
\andhelp@=\toks19
\eqnshift@=\dimen119
\alignsep@=\dimen120
\tagshift@=\dimen121
\tagwidth@=\dimen122
\totwidth@=\dimen123
\lineht@=\dimen124
\@envbody=\toks20
\multlinegap=\skip56
\multlinetaggap=\skip57
\mathdisplay@stack=\toks21
LaTeX Info: Redefining \[ on input line 2735.
LaTeX Info: Redefining \] on input line 2736.
) (/usr/share/texlive/texmf-dist/tex/latex/amsfonts/amssymb.sty
Package: amssymb 2013/01/14 v3.01 AMS font symbols

(/usr/share/texlive/texmf-dist/tex/latex/amsfonts/amsfonts.sty
Package: amsfonts 2013/01/14 v3.01 Basic AMSFonts support
\symAMSa=\mathgroup7
\symAMSb=\mathgroup8
LaTeX Font Info:    Overwriting math alphabet `\mathfrak' in version `bold'
(Font)                  U/euf/m/n --> U/euf/b/n on input line 106.
))
(/usr/share/texlive/texmf-dist/tex/latex/jknapltx/mathrsfs.sty
Package: mathrsfs 1996/01/01 Math RSFS package v1.0 (jk)
\symrsfs=\mathgroup9
)
(/usr/share/texlive/texmf-dist/tex/latex/natbib/natbib.sty
Package: natbib 2010/09/13 8.31b (PWD, AO)
\bibhang=\skip58
\bibsep=\skip59
LaTeX Info: Redefining \cite on input line 694.
\c@NAT@ctr=\count119
)
(/usr/share/texlive/texmf-dist/tex/latex/graphics/color.sty
Package: color 2016/01/03 v1.1b Standard LaTeX Color (DPC)

(/usr/share/texlive/texmf-dist/tex/latex/latexconfig/color.cfg
File: color.cfg 2007/01/18 v1.5 color configuration of teTeX/TeXLive
)
Package color Info: Driver file: pdftex.def on input line 143.
)
(/usr/share/texlive/texmf-dist/tex/latex/booktabs/booktabs.sty
Package: booktabs 2005/04/14 v1.61803 publication quality tables
\heavyrulewidth=\dimen125
\lightrulewidth=\dimen126
\cmidrulewidth=\dimen127
\belowrulesep=\dimen128
\belowbottomsep=\dimen129
\aboverulesep=\dimen130
\abovetopsep=\dimen131
\cmidrulesep=\dimen132
\cmidrulekern=\dimen133
\defaultaddspace=\dimen134
\@cmidla=\count120
\@cmidlb=\count121
\@aboverulesep=\dimen135
\@belowrulesep=\dimen136
\@thisruleclass=\count122
\@lastruleclass=\count123
\@thisrulewidth=\dimen137
)
(/usr/share/texlive/texmf-dist/tex/latex/appendix/appendix.sty
Package: appendix 2009/09/02 v1.2b extra appendix facilities
\c@@pps=\count124
\c@@ppsavesec=\count125
\c@@ppsaveapp=\count126
)
(/usr/share/texlive/texmf-dist/tex/latex/tools/enumerate.sty
Package: enumerate 2015/07/23 v3.00 enumerate extensions (DPC)
\@enLab=\toks22
)
(/usr/share/texlive/texmf-dist/tex/latex/changepage/changepage.sty
Package: changepage 2009/10/20 v1.0c check page and change page layout
\c@cp@cntr=\count127
\cp@tempcnt=\count128
)
(/usr/share/texlive/texmf-dist/tex/latex/datetime/datetime.sty
Package: datetime 2015/03/20 v2.60 Date Time Package

(/usr/share/texlive/texmf-dist/tex/latex/etoolbox/etoolbox.sty
Package: etoolbox 2015/08/02 v2.2a e-TeX tools for LaTeX (JAW)
\etb@tempcnta=\count129
)
(/usr/share/texlive/texmf-dist/tex/latex/fmtcount/fmtcount.sty
Package: fmtcount 2015/05/05 v3.01

(/usr/share/texlive/texmf-dist/tex/latex/base/ifthen.sty
Package: ifthen 2014/09/29 v1.1c Standard LaTeX ifthen package (DPC)
)
(/usr/share/texlive/texmf-dist/tex/latex/xkeyval/xkeyval.sty
Package: xkeyval 2014/12/03 v2.7a package option processing (HA)

(/usr/share/texlive/texmf-dist/tex/generic/xkeyval/xkeyval.tex
(/usr/share/texlive/texmf-dist/tex/generic/xkeyval/xkvutils.tex
\XKV@toks=\toks23
\XKV@tempa@toks=\toks24
)
\XKV@depth=\count130
File: xkeyval.tex 2014/12/03 v2.7a key=value parser (HA)
))
(/usr/share/texlive/texmf-dist/tex/latex/fmtcount/fcprefix.sty
Package: fcprefix 2012/09/28

(/usr/share/texlive/texmf-dist/tex/latex/fmtcount/fcnumparser.sty
Package: fcnumparser 2012/09/28
\fc@digit@counter=\count131
))
(/usr/share/texlive/texmf-dist/tex/generic/ifxetex/ifxetex.sty
Package: ifxetex 2010/09/12 v0.6 Provides ifxetex conditional
)
\c@padzeroesN=\count132
\fc@tmpcatcode=\count133
\@DT@modctr=\count134
\@ordinalctr=\count135
\@orgargctr=\count136
\@strctr=\count137
\@tmpstrctr=\count138
\@DT@loopN=\count139
\@DT@X=\count140

(/usr/share/texlive/texmf-dist/tex/latex/fmtcount/fc-english.def
File: fc-english.def 2013/08/17
))
(/usr/share/texlive/texmf-dist/tex/latex/datetime/datetime-defaults.sty
Package: datetime-defaults 2013/09/10
)
\@day=\count141
\@month=\count142
\@year=\count143
\c@HOUR=\count144
\c@HOURXII=\count145
\c@MINUTE=\count146
\c@TOHOUR=\count147
\c@TOMINUTE=\count148
\c@SECOND=\count149
\currenthour=\count150
\currentminute=\count151
\currentsecond=\count152
Package datetime Info: No datetime.cfg file found, using default settings on in
put line 308.
\@dtctr=\count153
\dayofyear=\count154
\dayofweek=\count155
LaTeX Info: Redefining \today on input line 736.
\dt@a=\toks25
\dt@b=\toks26
)
(/usr/share/texlive/texmf-dist/tex/latex/subfigure/subfigure.sty
Package: subfigure 2002/03/15 v2.1.5 subfigure package
\subfigtopskip=\skip60
\subfigcapskip=\skip61
\subfigcaptopadj=\dimen138
\subfigbottomskip=\skip62
\subfigcapmargin=\dimen139
\subfiglabelskip=\skip63
\c@subfigure=\count156
\c@lofdepth=\count157
\c@subtable=\count158
\c@lotdepth=\count159

****************************************
* Local config file subfigure.cfg used *
****************************************
(/usr/share/texlive/texmf-dist/tex/latex/subfigure/subfigure.cfg)
\subfig@top=\skip64
\subfig@bottom=\skip65
) (./main.aux)
\openout1 = `main.aux'.

LaTeX Font Info:    Checking defaults for OML/cmm/m/it on input line 103.
LaTeX Font Info:    ... okay on input line 103.
LaTeX Font Info:    Checking defaults for T1/cmr/m/n on input line 103.
LaTeX Font Info:    ... okay on input line 103.
LaTeX Font Info:    Checking defaults for OT1/cmr/m/n on input line 103.
LaTeX Font Info:    ... okay on input line 103.
LaTeX Font Info:    Checking defaults for OMS/cmsy/m/n on input line 103.
LaTeX Font Info:    ... okay on input line 103.
LaTeX Font Info:    Checking defaults for OMX/cmex/m/n on input line 103.
LaTeX Font Info:    ... okay on input line 103.
LaTeX Font Info:    Checking defaults for U/cmr/m/n on input line 103.
LaTeX Font Info:    ... okay on input line 103.
LaTeX Font Info:    Checking defaults for TS1/cmr/m/n on input line 103.
LaTeX Font Info:    ... okay on input line 103.
(/usr/share/texlive/texmf-dist/tex/context/base/supp-pdf.mkii
[Loading MPS to PDF converter (version 2006.09.02).]
\scratchcounter=\count160
\scratchdimen=\dimen140
\scratchbox=\box31
\nofMPsegments=\count161
\nofMParguments=\count162
\everyMPshowfont=\toks27
\MPscratchCnt=\count163
\MPscratchDim=\dimen141
\MPnumerator=\count164
\makeMPintoPDFobject=\count165
\everyMPtoPDFconversion=\toks28
) (/usr/share/texlive/texmf-dist/tex/generic/oberdiek/pdftexcmds.sty
Package: pdftexcmds 2011/11/29 v0.20 Utility functions of pdfTeX for LuaTeX (HO
)

(/usr/share/texlive/texmf-dist/tex/generic/oberdiek/ifluatex.sty
Package: ifluatex 2010/03/01 v1.3 Provides the ifluatex switch (HO)
Package ifluatex Info: LuaTeX not detected.
)
(/usr/share/texlive/texmf-dist/tex/generic/oberdiek/ifpdf.sty
Package: ifpdf 2011/01/30 v2.3 Provides the ifpdf switch (HO)
Package ifpdf Info: pdfTeX in PDF mode is detected.
)
Package pdftexcmds Info: LuaTeX not detected.
Package pdftexcmds Info: \pdf@primitive is available.
Package pdftexcmds Info: \pdf@ifprimitive is available.
Package pdftexcmds Info: \pdfdraftmode found.
)
(/usr/share/texlive/texmf-dist/tex/latex/oberdiek/epstopdf-base.sty
Package: epstopdf-base 2010/02/09 v2.5 Base part for package epstopdf

(/usr/share/texlive/texmf-dist/tex/latex/oberdiek/grfext.sty
Package: grfext 2010/08/19 v1.1 Manage graphics extensions (HO)

(/usr/share/texlive/texmf-dist/tex/generic/oberdiek/kvdefinekeys.sty
Package: kvdefinekeys 2011/04/07 v1.3 Define keys (HO)
))
(/usr/share/texlive/texmf-dist/tex/latex/oberdiek/kvoptions.sty
Package: kvoptions 2011/06/30 v3.11 Key value format for package options (HO)

(/usr/share/texlive/texmf-dist/tex/generic/oberdiek/kvsetkeys.sty
Package: kvsetkeys 2012/04/25 v1.16 Key value parser (HO)

(/usr/share/texlive/texmf-dist/tex/generic/oberdiek/etexcmds.sty
Package: etexcmds 2011/02/16 v1.5 Avoid name clashes with e-TeX commands (HO)
Package etexcmds Info: Could not find \expanded.
(etexcmds)             That can mean that you are not using pdfTeX 1.50 or
(etexcmds)             that some package has redefined \expanded.
(etexcmds)             In the latter case, load this package earlier.
)))
Package grfext Info: Graphics extension search list:
(grfext)             [.png,.pdf,.jpg,.mps,.jpeg,.jbig2,.jb2,.PNG,.PDF,.JPG,.JPE
G,.JBIG2,.JB2,.eps]
(grfext)             \AppendGraphicsExtensions on input line 452.

(/usr/share/texlive/texmf-dist/tex/latex/latexconfig/epstopdf-sys.cfg
File: epstopdf-sys.cfg 2010/07/13 v1.3 Configuration of (r)epstopdf for TeX Liv
e
))
LaTeX Font Info:    Try loading font information for U+msa on input line 140.

(/usr/share/texlive/texmf-dist/tex/latex/amsfonts/umsa.fd
File: umsa.fd 2013/01/14 v3.01 AMS symbols A
)
LaTeX Font Info:    Try loading font information for U+msb on input line 140.

(/usr/share/texlive/texmf-dist/tex/latex/amsfonts/umsb.fd
File: umsb.fd 2013/01/14 v3.01 AMS symbols B
)
LaTeX Font Info:    Try loading font information for U+rsfs on input line 140.

(/usr/share/texlive/texmf-dist/tex/latex/jknapltx/ursfs.fd
File: ursfs.fd 1998/03/24 rsfs font definition file (jk)
)
Overfull \hbox (12.3905pt too wide) in paragraph at lines 144--153
[]\OT1/cmr/m/n/10 This pa-per con-sid-ers test-ing re-gres-sion co-ef-fi-cients
 in high-dimensional
 []

[1{/var/lib/texmf/fonts/map/pdftex/updmap/pdftex.map}]
Overfull \hbox (0.71582pt too wide) in paragraph at lines 174--180
\OT1/cmr/m/n/10 high-dimensional set-ting. In fact, if $[]$ is nor-mal dis-trib
uted and $[][\OT1/cmr/bx/n/10 X[]\OT1/cmr/m/n/10 ; \OT1/cmr/bx/n/10 X[]\OT1/cmr
/m/n/10 ] =
 []

[2]
Overfull \hbox (16.0564pt too wide) in paragraph at lines 260--264
[]\OT1/cmr/m/n/10 (\OML/cmm/m/it/10 ^^O[]\OT1/cmr/m/n/10 ) = \OML/cmm/m/it/10 ^
^^[]$\OT1/cmr/m/it/10 . Fur-ther-more, sup-pose $\OML/cmm/m/it/10 q < n$\OT1/cm
r/m/it/10 , $[]\OT1/cmr/m/n/10 (\OT1/cmr/bx/n/10 X[]\OT1/cmr/m/n/10 ) = \OML/cm
m/m/it/10 q$ \OT1/cmr/m/it/10 and $[]\OT1/cmr/m/n/10 ([\OT1/cmr/bx/n/10 X[]\OT1
/cmr/m/n/10 ; \OT1/cmr/bx/n/10 X[]\OT1/cmr/m/n/10 ]) =
 []

[3]
Overfull \hbox (20.25092pt too wide) in paragraph at lines 286--290
[]\OT1/cmr/m/it/10 Suppose As-sump-tion 1[] holds. Fur-ther-more, as-sume $[] \
OMS/cmsy/m/n/10 ^^X N[]\OT1/cmr/m/n/10 (0\OML/cmm/m/it/10 ; ^^^[]\OT1/cmr/bx/n/
10 I[]\OT1/cmr/m/n/10 )$\OT1/cmr/m/it/10 .
 []

[4] [5] [6]
Overfull \hbox (0.88953pt too wide) in paragraph at lines 548--557
\OT1/cmr/m/n/10 The nu-mer-a-tor and the de-nom-i-na-tor of the above ex-pres-s
ion are both quadratic
 []

[7] [8] [9] [10]
Overfull \hbox (30.89273pt too wide) in paragraph at lines 842--850
\OT1/cmr/m/n/10 et al. (2006) si-mul-ta-ne-ously, we con-sider the gen-eral sta
tis-tic $[]\OML/cmm/m/it/10 =[]$\OT1/cmr/m/n/10 .
 []

[11] [12]
Overfull \hbox (1.90643pt too wide) in paragraph at lines 1231--1237
\OT1/cmr/m/n/10 is pos-i-tive def-i-nite if $\OML/cmm/m/it/10 w[] \OT1/cmr/m/n/
10 = [] = \OML/cmm/m/it/10 w[] \OT1/cmr/m/n/10 = 0$. In other words, $[](\OMS/c
msy/m/n/10 ^^@\OML/cmm/m/it/10 ^^M[]; ^^M[]w[]\OT1/cmr/m/n/10 )$
 []

[13] [14]
Package epstopdf Info: Source file: <code/figure/50_uniform_t_dense.eps>
(epstopdf)                    date: 2019-09-26 22:26:37
(epstopdf)                    size: 14855 bytes
(epstopdf)             Output file: <code/figure/50_uniform_t_dense-eps-convert
ed-to.pdf>
(epstopdf)                    date: 2019-09-26 22:27:12
(epstopdf)                    size: 12342 bytes
(epstopdf)             Command: <repstopdf --outfile=code/figure/50_uniform_t_d
ense-eps-converted-to.pdf code/figure/50_uniform_t_dense.eps>
(epstopdf)             \includegraphics on input line 1319.
Package epstopdf Info: Output file is already uptodate.


pdfTeX warning: pdflatex (file ./code/figure/50_uniform_t_dense-eps-converted-t
o.pdf): PDF inclusion: found PDF version <1.7>, but at most version <1.5> allow
ed

<code/figure/50_uniform_t_dense-eps-converted-to.pdf, id=68, 455.7025pt x 273.0
2pt>
File: code/figure/50_uniform_t_dense-eps-converted-to.pdf Graphic file (type pd
f)
 <use code/figure/50_uniform_t_dense-eps-converted-to.pdf>
Package pdftex.def Info: code/figure/50_uniform_t_dense-eps-converted-to.pdf us
ed on input line 1319.
(pdftex.def)             Requested size: 152.09897pt x 91.12585pt.
Package epstopdf Info: Source file: <code/figure/50_uniform_t_sparse.eps>
(epstopdf)                    date: 2019-09-26 22:26:38
(epstopdf)                    size: 14341 bytes
(epstopdf)             Output file: <code/figure/50_uniform_t_sparse-eps-conver
ted-to.pdf>
(epstopdf)                    date: 2019-09-26 22:27:12
(epstopdf)                    size: 11706 bytes
(epstopdf)             Command: <repstopdf --outfile=code/figure/50_uniform_t_s
parse-eps-converted-to.pdf code/figure/50_uniform_t_sparse.eps>
(epstopdf)             \includegraphics on input line 1322.
Package epstopdf Info: Output file is already uptodate.


pdfTeX warning: pdflatex (file ./code/figure/50_uniform_t_sparse-eps-converted-
to.pdf): PDF inclusion: found PDF version <1.7>, but at most version <1.5> allo
wed

<code/figure/50_uniform_t_sparse-eps-converted-to.pdf, id=69, 455.7025pt x 273.
02pt>
File: code/figure/50_uniform_t_sparse-eps-converted-to.pdf Graphic file (type p
df)
 <use code/figure/50_uniform_t_sparse-eps-converted-to.pdf>
Package pdftex.def Info: code/figure/50_uniform_t_sparse-eps-converted-to.pdf u
sed on input line 1322.
(pdftex.def)             Requested size: 152.09897pt x 91.12585pt.
Package epstopdf Info: Source file: <code/figure/50_uniform_chi_dense.eps>
(epstopdf)                    date: 2019-09-26 22:26:38
(epstopdf)                    size: 14933 bytes
(epstopdf)             Output file: <code/figure/50_uniform_chi_dense-eps-conve
rted-to.pdf>
(epstopdf)                    date: 2019-09-26 22:27:12
(epstopdf)                    size: 12296 bytes
(epstopdf)             Command: <repstopdf --outfile=code/figure/50_uniform_chi
_dense-eps-converted-to.pdf code/figure/50_uniform_chi_dense.eps>
(epstopdf)             \includegraphics on input line 1326.
Package epstopdf Info: Output file is already uptodate.


pdfTeX warning: pdflatex (file ./code/figure/50_uniform_chi_dense-eps-converted
-to.pdf): PDF inclusion: found PDF version <1.7>, but at most version <1.5> all
owed

<code/figure/50_uniform_chi_dense-eps-converted-to.pdf, id=70, 455.7025pt x 273
.02pt>
File: code/figure/50_uniform_chi_dense-eps-converted-to.pdf Graphic file (type 
pdf)
 <use code/figure/50_uniform_chi_dense-eps-converted-to.pdf>
Package pdftex.def Info: code/figure/50_uniform_chi_dense-eps-converted-to.pdf 
used on input line 1326.
(pdftex.def)             Requested size: 152.09897pt x 91.12585pt.
Package epstopdf Info: Source file: <code/figure/50_uniform_chi_sparse.eps>
(epstopdf)                    date: 2019-09-26 22:26:38
(epstopdf)                    size: 15016 bytes
(epstopdf)             Output file: <code/figure/50_uniform_chi_sparse-eps-conv
erted-to.pdf>
(epstopdf)                    date: 2019-09-26 22:27:13
(epstopdf)                    size: 12792 bytes
(epstopdf)             Command: <repstopdf --outfile=code/figure/50_uniform_chi
_sparse-eps-converted-to.pdf code/figure/50_uniform_chi_sparse.eps>
(epstopdf)             \includegraphics on input line 1329.
Package epstopdf Info: Output file is already uptodate.


pdfTeX warning: pdflatex (file ./code/figure/50_uniform_chi_sparse-eps-converte
d-to.pdf): PDF inclusion: found PDF version <1.7>, but at most version <1.5> al
lowed

<code/figure/50_uniform_chi_sparse-eps-converted-to.pdf, id=71, 455.7025pt x 27
3.02pt>
File: code/figure/50_uniform_chi_sparse-eps-converted-to.pdf Graphic file (type
 pdf)
 <use code/figure/50_uniform_chi_sparse-eps-converted-to.pdf>
Package pdftex.def Info: code/figure/50_uniform_chi_sparse-eps-converted-to.pdf
 used on input line 1329.
(pdftex.def)             Requested size: 152.09897pt x 91.12585pt.
Package epstopdf Info: Source file: <code/figure/100_uniform_t_dense.eps>
(epstopdf)                    date: 2019-09-26 22:26:39
(epstopdf)                    size: 15013 bytes
(epstopdf)             Output file: <code/figure/100_uniform_t_dense-eps-conver
ted-to.pdf>
(epstopdf)                    date: 2019-09-26 22:27:13
(epstopdf)                    size: 12483 bytes
(epstopdf)             Command: <repstopdf --outfile=code/figure/100_uniform_t_
dense-eps-converted-to.pdf code/figure/100_uniform_t_dense.eps>
(epstopdf)             \includegraphics on input line 1333.
Package epstopdf Info: Output file is already uptodate.


pdfTeX warning: pdflatex (file ./code/figure/100_uniform_t_dense-eps-converted-
to.pdf): PDF inclusion: found PDF version <1.7>, but at most version <1.5> allo
wed

<code/figure/100_uniform_t_dense-eps-converted-to.pdf, id=72, 455.7025pt x 273.
02pt>
File: code/figure/100_uniform_t_dense-eps-converted-to.pdf Graphic file (type p
df)
 <use code/figure/100_uniform_t_dense-eps-converted-to.pdf>
Package pdftex.def Info: code/figure/100_uniform_t_dense-eps-converted-to.pdf u
sed on input line 1333.
(pdftex.def)             Requested size: 152.09897pt x 91.12585pt.
Package epstopdf Info: Source file: <code/figure/100_uniform_t_sparse.eps>
(epstopdf)                    date: 2019-09-26 22:26:39
(epstopdf)                    size: 15237 bytes
(epstopdf)             Output file: <code/figure/100_uniform_t_sparse-eps-conve
rted-to.pdf>
(epstopdf)                    date: 2019-09-26 22:27:13
(epstopdf)                    size: 13051 bytes
(epstopdf)             Command: <repstopdf --outfile=code/figure/100_uniform_t_
sparse-eps-converted-to.pdf code/figure/100_uniform_t_sparse.eps>
(epstopdf)             \includegraphics on input line 1336.
Package epstopdf Info: Output file is already uptodate.


pdfTeX warning: pdflatex (file ./code/figure/100_uniform_t_sparse-eps-converted
-to.pdf): PDF inclusion: found PDF version <1.7>, but at most version <1.5> all
owed

<code/figure/100_uniform_t_sparse-eps-converted-to.pdf, id=73, 455.7025pt x 273
.02pt>
File: code/figure/100_uniform_t_sparse-eps-converted-to.pdf Graphic file (type 
pdf)
 <use code/figure/100_uniform_t_sparse-eps-converted-to.pdf>
Package pdftex.def Info: code/figure/100_uniform_t_sparse-eps-converted-to.pdf 
used on input line 1336.
(pdftex.def)             Requested size: 152.09897pt x 91.12585pt.
Package epstopdf Info: Source file: <code/figure/100_uniform_chi_dense.eps>
(epstopdf)                    date: 2019-09-26 22:26:39
(epstopdf)                    size: 15173 bytes
(epstopdf)             Output file: <code/figure/100_uniform_chi_dense-eps-conv
erted-to.pdf>
(epstopdf)                    date: 2019-09-26 22:27:14
(epstopdf)                    size: 13421 bytes
(epstopdf)             Command: <repstopdf --outfile=code/figure/100_uniform_ch
i_dense-eps-converted-to.pdf code/figure/100_uniform_chi_dense.eps>
(epstopdf)             \includegraphics on input line 1340.
Package epstopdf Info: Output file is already uptodate.


pdfTeX warning: pdflatex (file ./code/figure/100_uniform_chi_dense-eps-converte
d-to.pdf): PDF inclusion: found PDF version <1.7>, but at most version <1.5> al
lowed

<code/figure/100_uniform_chi_dense-eps-converted-to.pdf, id=74, 455.7025pt x 27
3.02pt>
File: code/figure/100_uniform_chi_dense-eps-converted-to.pdf Graphic file (type
 pdf)
 <use code/figure/100_uniform_chi_dense-eps-converted-to.pdf>
Package pdftex.def Info: code/figure/100_uniform_chi_dense-eps-converted-to.pdf
 used on input line 1340.
(pdftex.def)             Requested size: 152.09897pt x 91.12585pt.
Package epstopdf Info: Source file: <code/figure/100_uniform_chi_sparse.eps>
(epstopdf)                    date: 2019-09-26 22:26:39
(epstopdf)                    size: 15245 bytes
(epstopdf)             Output file: <code/figure/100_uniform_chi_sparse-eps-con
verted-to.pdf>
(epstopdf)                    date: 2019-09-26 22:27:14
(epstopdf)                    size: 12495 bytes
(epstopdf)             Command: <repstopdf --outfile=code/figure/100_uniform_ch
i_sparse-eps-converted-to.pdf code/figure/100_uniform_chi_sparse.eps>
(epstopdf)             \includegraphics on input line 1343.
Package epstopdf Info: Output file is already uptodate.


pdfTeX warning: pdflatex (file ./code/figure/100_uniform_chi_sparse-eps-convert
ed-to.pdf): PDF inclusion: found PDF version <1.7>, but at most version <1.5> a
llowed

<code/figure/100_uniform_chi_sparse-eps-converted-to.pdf, id=75, 455.7025pt x 2
73.02pt>
File: code/figure/100_uniform_chi_sparse-eps-converted-to.pdf Graphic file (typ
e pdf)
 <use code/figure/100_uniform_chi_sparse-eps-converted-to.pdf>
Package pdftex.def Info: code/figure/100_uniform_chi_sparse-eps-converted-to.pd
f used on input line 1343.
(pdftex.def)             Requested size: 152.09897pt x 91.12585pt.
Package epstopdf Info: Source file: <code/figure/50_equalCor_t_dense.eps>
(epstopdf)                    date: 2019-09-26 22:26:40
(epstopdf)                    size: 15026 bytes
(epstopdf)             Output file: <code/figure/50_equalCor_t_dense-eps-conver
ted-to.pdf>
(epstopdf)                    date: 2019-09-26 22:27:14
(epstopdf)                    size: 13033 bytes
(epstopdf)             Command: <repstopdf --outfile=code/figure/50_equalCor_t_
dense-eps-converted-to.pdf code/figure/50_equalCor_t_dense.eps>
(epstopdf)             \includegraphics on input line 1353.
Package epstopdf Info: Output file is already uptodate.


pdfTeX warning: pdflatex (file ./code/figure/50_equalCor_t_dense-eps-converted-
to.pdf): PDF inclusion: found PDF version <1.7>, but at most version <1.5> allo
wed

<code/figure/50_equalCor_t_dense-eps-converted-to.pdf, id=76, 455.7025pt x 273.
02pt>
File: code/figure/50_equalCor_t_dense-eps-converted-to.pdf Graphic file (type p
df)
 <use code/figure/50_equalCor_t_dense-eps-converted-to.pdf>
Package pdftex.def Info: code/figure/50_equalCor_t_dense-eps-converted-to.pdf u
sed on input line 1353.
(pdftex.def)             Requested size: 152.09897pt x 91.12585pt.
Package epstopdf Info: Source file: <code/figure/50_equalCor_t_sparse.eps>
(epstopdf)                    date: 2019-09-26 22:26:40
(epstopdf)                    size: 14663 bytes
(epstopdf)             Output file: <code/figure/50_equalCor_t_sparse-eps-conve
rted-to.pdf>
(epstopdf)                    date: 2019-09-26 22:27:15
(epstopdf)                    size: 12172 bytes
(epstopdf)             Command: <repstopdf --outfile=code/figure/50_equalCor_t_
sparse-eps-converted-to.pdf code/figure/50_equalCor_t_sparse.eps>
(epstopdf)             \includegraphics on input line 1356.
Package epstopdf Info: Output file is already uptodate.


pdfTeX warning: pdflatex (file ./code/figure/50_equalCor_t_sparse-eps-converted
-to.pdf): PDF inclusion: found PDF version <1.7>, but at most version <1.5> all
owed

<code/figure/50_equalCor_t_sparse-eps-converted-to.pdf, id=77, 455.7025pt x 273
.02pt>
File: code/figure/50_equalCor_t_sparse-eps-converted-to.pdf Graphic file (type 
pdf)
 <use code/figure/50_equalCor_t_sparse-eps-converted-to.pdf>
Package pdftex.def Info: code/figure/50_equalCor_t_sparse-eps-converted-to.pdf 
used on input line 1356.
(pdftex.def)             Requested size: 152.09897pt x 91.12585pt.
Package epstopdf Info: Source file: <code/figure/50_equalCor_chi_dense.eps>
(epstopdf)                    date: 2019-09-26 22:26:40
(epstopdf)                    size: 15145 bytes
(epstopdf)             Output file: <code/figure/50_equalCor_chi_dense-eps-conv
erted-to.pdf>
(epstopdf)                    date: 2019-09-26 22:27:15
(epstopdf)                    size: 12735 bytes
(epstopdf)             Command: <repstopdf --outfile=code/figure/50_equalCor_ch
i_dense-eps-converted-to.pdf code/figure/50_equalCor_chi_dense.eps>
(epstopdf)             \includegraphics on input line 1360.
Package epstopdf Info: Output file is already uptodate.


pdfTeX warning: pdflatex (file ./code/figure/50_equalCor_chi_dense-eps-converte
d-to.pdf): PDF inclusion: found PDF version <1.7>, but at most version <1.5> al
lowed

<code/figure/50_equalCor_chi_dense-eps-converted-to.pdf, id=78, 455.7025pt x 27
3.02pt>
File: code/figure/50_equalCor_chi_dense-eps-converted-to.pdf Graphic file (type
 pdf)
 <use code/figure/50_equalCor_chi_dense-eps-converted-to.pdf>
Package pdftex.def Info: code/figure/50_equalCor_chi_dense-eps-converted-to.pdf
 used on input line 1360.
(pdftex.def)             Requested size: 152.09897pt x 91.12585pt.
Package epstopdf Info: Source file: <code/figure/50_equalCor_chi_sparse.eps>
(epstopdf)                    date: 2019-09-26 22:26:41
(epstopdf)                    size: 14679 bytes
(epstopdf)             Output file: <code/figure/50_equalCor_chi_sparse-eps-con
verted-to.pdf>
(epstopdf)                    date: 2019-09-26 22:27:15
(epstopdf)                    size: 11985 bytes
(epstopdf)             Command: <repstopdf --outfile=code/figure/50_equalCor_ch
i_sparse-eps-converted-to.pdf code/figure/50_equalCor_chi_sparse.eps>
(epstopdf)             \includegraphics on input line 1363.
Package epstopdf Info: Output file is already uptodate.


pdfTeX warning: pdflatex (file ./code/figure/50_equalCor_chi_sparse-eps-convert
ed-to.pdf): PDF inclusion: found PDF version <1.7>, but at most version <1.5> a
llowed

<code/figure/50_equalCor_chi_sparse-eps-converted-to.pdf, id=79, 455.7025pt x 2
73.02pt>
File: code/figure/50_equalCor_chi_sparse-eps-converted-to.pdf Graphic file (typ
e pdf)
 <use code/figure/50_equalCor_chi_sparse-eps-converted-to.pdf>
Package pdftex.def Info: code/figure/50_equalCor_chi_sparse-eps-converted-to.pd
f used on input line 1363.
(pdftex.def)             Requested size: 152.09897pt x 91.12585pt.
Package epstopdf Info: Source file: <code/figure/100_equalCor_t_dense.eps>
(epstopdf)                    date: 2019-09-26 22:26:41
(epstopdf)                    size: 14058 bytes
(epstopdf)             Output file: <code/figure/100_equalCor_t_dense-eps-conve
rted-to.pdf>
(epstopdf)                    date: 2019-09-26 22:27:15
(epstopdf)                    size: 11530 bytes
(epstopdf)             Command: <repstopdf --outfile=code/figure/100_equalCor_t
_dense-eps-converted-to.pdf code/figure/100_equalCor_t_dense.eps>
(epstopdf)             \includegraphics on input line 1367.
Package epstopdf Info: Output file is already uptodate.


pdfTeX warning: pdflatex (file ./code/figure/100_equalCor_t_dense-eps-converted
-to.pdf): PDF inclusion: found PDF version <1.7>, but at most version <1.5> all
owed

<code/figure/100_equalCor_t_dense-eps-converted-to.pdf, id=80, 455.7025pt x 273
.02pt>
File: code/figure/100_equalCor_t_dense-eps-converted-to.pdf Graphic file (type 
pdf)
 <use code/figure/100_equalCor_t_dense-eps-converted-to.pdf>
Package pdftex.def Info: code/figure/100_equalCor_t_dense-eps-converted-to.pdf 
used on input line 1367.
(pdftex.def)             Requested size: 152.09897pt x 91.12585pt.
Package epstopdf Info: Source file: <code/figure/100_equalCor_t_sparse.eps>
(epstopdf)                    date: 2019-09-26 22:26:41
(epstopdf)                    size: 14667 bytes
(epstopdf)             Output file: <code/figure/100_equalCor_t_sparse-eps-conv
erted-to.pdf>
(epstopdf)                    date: 2019-09-26 22:27:16
(epstopdf)                    size: 11966 bytes
(epstopdf)             Command: <repstopdf --outfile=code/figure/100_equalCor_t
_sparse-eps-converted-to.pdf code/figure/100_equalCor_t_sparse.eps>
(epstopdf)             \includegraphics on input line 1370.
Package epstopdf Info: Output file is already uptodate.


pdfTeX warning: pdflatex (file ./code/figure/100_equalCor_t_sparse-eps-converte
d-to.pdf): PDF inclusion: found PDF version <1.7>, but at most version <1.5> al
lowed

<code/figure/100_equalCor_t_sparse-eps-converted-to.pdf, id=81, 455.7025pt x 27
3.02pt>
File: code/figure/100_equalCor_t_sparse-eps-converted-to.pdf Graphic file (type
 pdf)
 <use code/figure/100_equalCor_t_sparse-eps-converted-to.pdf>
Package pdftex.def Info: code/figure/100_equalCor_t_sparse-eps-converted-to.pdf
 used on input line 1370.
(pdftex.def)             Requested size: 152.09897pt x 91.12585pt.
Package epstopdf Info: Source file: <code/figure/100_equalCor_chi_dense.eps>
(epstopdf)                    date: 2019-09-26 22:26:42
(epstopdf)                    size: 14688 bytes
(epstopdf)             Output file: <code/figure/100_equalCor_chi_dense-eps-con
verted-to.pdf>
(epstopdf)                    date: 2019-09-26 22:27:16
(epstopdf)                    size: 11957 bytes
(epstopdf)             Command: <repstopdf --outfile=code/figure/100_equalCor_c
hi_dense-eps-converted-to.pdf code/figure/100_equalCor_chi_dense.eps>
(epstopdf)             \includegraphics on input line 1374.
Package epstopdf Info: Output file is already uptodate.


pdfTeX warning: pdflatex (file ./code/figure/100_equalCor_chi_dense-eps-convert
ed-to.pdf): PDF inclusion: found PDF version <1.7>, but at most version <1.5> a
llowed

<code/figure/100_equalCor_chi_dense-eps-converted-to.pdf, id=82, 455.7025pt x 2
73.02pt>
File: code/figure/100_equalCor_chi_dense-eps-converted-to.pdf Graphic file (typ
e pdf)
 <use code/figure/100_equalCor_chi_dense-eps-converted-to.pdf>
Package pdftex.def Info: code/figure/100_equalCor_chi_dense-eps-converted-to.pd
f used on input line 1374.
(pdftex.def)             Requested size: 152.09897pt x 91.12585pt.
Package epstopdf Info: Source file: <code/figure/100_equalCor_chi_sparse.eps>
(epstopdf)                    date: 2019-09-26 22:26:42
(epstopdf)                    size: 14445 bytes
(epstopdf)             Output file: <code/figure/100_equalCor_chi_sparse-eps-co
nverted-to.pdf>
(epstopdf)                    date: 2019-09-26 22:27:16
(epstopdf)                    size: 11875 bytes
(epstopdf)             Command: <repstopdf --outfile=code/figure/100_equalCor_c
hi_sparse-eps-converted-to.pdf code/figure/100_equalCor_chi_sparse.eps>
(epstopdf)             \includegraphics on input line 1377.
Package epstopdf Info: Output file is already uptodate.


pdfTeX warning: pdflatex (file ./code/figure/100_equalCor_chi_sparse-eps-conver
ted-to.pdf): PDF inclusion: found PDF version <1.7>, but at most version <1.5> 
allowed

<code/figure/100_equalCor_chi_sparse-eps-converted-to.pdf, id=83, 455.7025pt x 
273.02pt>
File: code/figure/100_equalCor_chi_sparse-eps-converted-to.pdf Graphic file (ty
pe pdf)
 <use code/figure/100_equalCor_chi_sparse-eps-converted-to.pdf>
Package pdftex.def Info: code/figure/100_equalCor_chi_sparse-eps-converted-to.p
df used on input line 1377.
(pdftex.def)             Requested size: 152.09897pt x 91.12585pt.
Package epstopdf Info: Source file: <code/figure/50_factor_t_dense.eps>
(epstopdf)                    date: 2019-09-26 22:26:42
(epstopdf)                    size: 17312 bytes
(epstopdf)             Output file: <code/figure/50_factor_t_dense-eps-converte
d-to.pdf>
(epstopdf)                    date: 2019-09-26 22:27:17
(epstopdf)                    size: 16763 bytes
(epstopdf)             Command: <repstopdf --outfile=code/figure/50_factor_t_de
nse-eps-converted-to.pdf code/figure/50_factor_t_dense.eps>
(epstopdf)             \includegraphics on input line 1387.
Package epstopdf Info: Output file is already uptodate.


pdfTeX warning: pdflatex (file ./code/figure/50_factor_t_dense-eps-converted-to
.pdf): PDF inclusion: found PDF version <1.7>, but at most version <1.5> allowe
d

<code/figure/50_factor_t_dense-eps-converted-to.pdf, id=84, 455.7025pt x 273.02
pt>
File: code/figure/50_factor_t_dense-eps-converted-to.pdf Graphic file (type pdf
)
 <use code/figure/50_factor_t_dense-eps-converted-to.pdf>
Package pdftex.def Info: code/figure/50_factor_t_dense-eps-converted-to.pdf use
d on input line 1387.
(pdftex.def)             Requested size: 152.09897pt x 91.12585pt.
Package epstopdf Info: Source file: <code/figure/50_factor_t_sparse.eps>
(epstopdf)                    date: 2019-09-26 22:26:43
(epstopdf)                    size: 17351 bytes
(epstopdf)             Output file: <code/figure/50_factor_t_sparse-eps-convert
ed-to.pdf>
(epstopdf)                    date: 2019-09-26 22:27:17
(epstopdf)                    size: 16478 bytes
(epstopdf)             Command: <repstopdf --outfile=code/figure/50_factor_t_sp
arse-eps-converted-to.pdf code/figure/50_factor_t_sparse.eps>
(epstopdf)             \includegraphics on input line 1390.
Package epstopdf Info: Output file is already uptodate.


pdfTeX warning: pdflatex (file ./code/figure/50_factor_t_sparse-eps-converted-t
o.pdf): PDF inclusion: found PDF version <1.7>, but at most version <1.5> allow
ed

<code/figure/50_factor_t_sparse-eps-converted-to.pdf, id=85, 455.7025pt x 273.0
2pt>
File: code/figure/50_factor_t_sparse-eps-converted-to.pdf Graphic file (type pd
f)
 <use code/figure/50_factor_t_sparse-eps-converted-to.pdf>
Package pdftex.def Info: code/figure/50_factor_t_sparse-eps-converted-to.pdf us
ed on input line 1390.
(pdftex.def)             Requested size: 152.09897pt x 91.12585pt.
Package epstopdf Info: Source file: <code/figure/50_factor_chi_dense.eps>
(epstopdf)                    date: 2019-09-26 22:26:43
(epstopdf)                    size: 16844 bytes
(epstopdf)             Output file: <code/figure/50_factor_chi_dense-eps-conver
ted-to.pdf>
(epstopdf)                    date: 2019-09-26 22:27:17
(epstopdf)                    size: 16355 bytes
(epstopdf)             Command: <repstopdf --outfile=code/figure/50_factor_chi_
dense-eps-converted-to.pdf code/figure/50_factor_chi_dense.eps>
(epstopdf)             \includegraphics on input line 1394.
Package epstopdf Info: Output file is already uptodate.


pdfTeX warning: pdflatex (file ./code/figure/50_factor_chi_dense-eps-converted-
to.pdf): PDF inclusion: found PDF version <1.7>, but at most version <1.5> allo
wed

<code/figure/50_factor_chi_dense-eps-converted-to.pdf, id=86, 455.7025pt x 273.
02pt>
File: code/figure/50_factor_chi_dense-eps-converted-to.pdf Graphic file (type p
df)
 <use code/figure/50_factor_chi_dense-eps-converted-to.pdf>
Package pdftex.def Info: code/figure/50_factor_chi_dense-eps-converted-to.pdf u
sed on input line 1394.
(pdftex.def)             Requested size: 152.09897pt x 91.12585pt.
Package epstopdf Info: Source file: <code/figure/50_factor_chi_sparse.eps>
(epstopdf)                    date: 2019-09-26 22:26:43
(epstopdf)                    size: 16535 bytes
(epstopdf)             Output file: <code/figure/50_factor_chi_sparse-eps-conve
rted-to.pdf>
(epstopdf)                    date: 2019-09-26 22:27:18
(epstopdf)                    size: 15398 bytes
(epstopdf)             Command: <repstopdf --outfile=code/figure/50_factor_chi_
sparse-eps-converted-to.pdf code/figure/50_factor_chi_sparse.eps>
(epstopdf)             \includegraphics on input line 1397.
Package epstopdf Info: Output file is already uptodate.


pdfTeX warning: pdflatex (file ./code/figure/50_factor_chi_sparse-eps-converted
-to.pdf): PDF inclusion: found PDF version <1.7>, but at most version <1.5> all
owed

<code/figure/50_factor_chi_sparse-eps-converted-to.pdf, id=87, 455.7025pt x 273
.02pt>
File: code/figure/50_factor_chi_sparse-eps-converted-to.pdf Graphic file (type 
pdf)
 <use code/figure/50_factor_chi_sparse-eps-converted-to.pdf>
Package pdftex.def Info: code/figure/50_factor_chi_sparse-eps-converted-to.pdf 
used on input line 1397.
(pdftex.def)             Requested size: 152.09897pt x 91.12585pt.
Package epstopdf Info: Source file: <code/figure/100_factor_t_dense.eps>
(epstopdf)                    date: 2019-09-26 22:26:43
(epstopdf)                    size: 16399 bytes
(epstopdf)             Output file: <code/figure/100_factor_t_dense-eps-convert
ed-to.pdf>
(epstopdf)                    date: 2019-09-26 22:27:18
(epstopdf)                    size: 14747 bytes
(epstopdf)             Command: <repstopdf --outfile=code/figure/100_factor_t_d
ense-eps-converted-to.pdf code/figure/100_factor_t_dense.eps>
(epstopdf)             \includegraphics on input line 1401.
Package epstopdf Info: Output file is already uptodate.


pdfTeX warning: pdflatex (file ./code/figure/100_factor_t_dense-eps-converted-t
o.pdf): PDF inclusion: found PDF version <1.7>, but at most version <1.5> allow
ed

<code/figure/100_factor_t_dense-eps-converted-to.pdf, id=88, 455.7025pt x 273.0
2pt>
File: code/figure/100_factor_t_dense-eps-converted-to.pdf Graphic file (type pd
f)
 <use code/figure/100_factor_t_dense-eps-converted-to.pdf>
Package pdftex.def Info: code/figure/100_factor_t_dense-eps-converted-to.pdf us
ed on input line 1401.
(pdftex.def)             Requested size: 152.09897pt x 91.12585pt.
Package epstopdf Info: Source file: <code/figure/100_factor_t_sparse.eps>
(epstopdf)                    date: 2019-09-26 22:26:44
(epstopdf)                    size: 16211 bytes
(epstopdf)             Output file: <code/figure/100_factor_t_sparse-eps-conver
ted-to.pdf>
(epstopdf)                    date: 2019-09-26 22:27:18
(epstopdf)                    size: 14440 bytes
(epstopdf)             Command: <repstopdf --outfile=code/figure/100_factor_t_s
parse-eps-converted-to.pdf code/figure/100_factor_t_sparse.eps>
(epstopdf)             \includegraphics on input line 1404.
Package epstopdf Info: Output file is already uptodate.


pdfTeX warning: pdflatex (file ./code/figure/100_factor_t_sparse-eps-converted-
to.pdf): PDF inclusion: found PDF version <1.7>, but at most version <1.5> allo
wed

<code/figure/100_factor_t_sparse-eps-converted-to.pdf, id=89, 455.7025pt x 273.
02pt>
File: code/figure/100_factor_t_sparse-eps-converted-to.pdf Graphic file (type p
df)
 <use code/figure/100_factor_t_sparse-eps-converted-to.pdf>
Package pdftex.def Info: code/figure/100_factor_t_sparse-eps-converted-to.pdf u
sed on input line 1404.
(pdftex.def)             Requested size: 152.09897pt x 91.12585pt.
Package epstopdf Info: Source file: <code/figure/100_factor_chi_dense.eps>
(epstopdf)                    date: 2019-09-26 22:26:44
(epstopdf)                    size: 15908 bytes
(epstopdf)             Output file: <code/figure/100_factor_chi_dense-eps-conve
rted-to.pdf>
(epstopdf)                    date: 2019-09-26 22:27:18
(epstopdf)                    size: 13843 bytes
(epstopdf)             Command: <repstopdf --outfile=code/figure/100_factor_chi
_dense-eps-converted-to.pdf code/figure/100_factor_chi_dense.eps>
(epstopdf)             \includegraphics on input line 1408.
Package epstopdf Info: Output file is already uptodate.


pdfTeX warning: pdflatex (file ./code/figure/100_factor_chi_dense-eps-converted
-to.pdf): PDF inclusion: found PDF version <1.7>, but at most version <1.5> all
owed

<code/figure/100_factor_chi_dense-eps-converted-to.pdf, id=90, 455.7025pt x 273
.02pt>
File: code/figure/100_factor_chi_dense-eps-converted-to.pdf Graphic file (type 
pdf)
 <use code/figure/100_factor_chi_dense-eps-converted-to.pdf>
Package pdftex.def Info: code/figure/100_factor_chi_dense-eps-converted-to.pdf 
used on input line 1408.
(pdftex.def)             Requested size: 152.09897pt x 91.12585pt.
Package epstopdf Info: Source file: <code/figure/100_factor_chi_sparse.eps>
(epstopdf)                    date: 2019-09-26 22:26:44
(epstopdf)                    size: 16166 bytes
(epstopdf)             Output file: <code/figure/100_factor_chi_sparse-eps-conv
erted-to.pdf>
(epstopdf)                    date: 2019-09-26 22:27:19
(epstopdf)                    size: 14437 bytes
(epstopdf)             Command: <repstopdf --outfile=code/figure/100_factor_chi
_sparse-eps-converted-to.pdf code/figure/100_factor_chi_sparse.eps>
(epstopdf)             \includegraphics on input line 1411.
Package epstopdf Info: Output file is already uptodate.


pdfTeX warning: pdflatex (file ./code/figure/100_factor_chi_sparse-eps-converte
d-to.pdf): PDF inclusion: found PDF version <1.7>, but at most version <1.5> al
lowed

<code/figure/100_factor_chi_sparse-eps-converted-to.pdf, id=91, 455.7025pt x 27
3.02pt>
File: code/figure/100_factor_chi_sparse-eps-converted-to.pdf Graphic file (type
 pdf)
 <use code/figure/100_factor_chi_sparse-eps-converted-to.pdf>
Package pdftex.def Info: code/figure/100_factor_chi_sparse-eps-converted-to.pdf
 used on input line 1411.
(pdftex.def)             Requested size: 152.09897pt x 91.12585pt.
Package epstopdf Info: Source file: <code/figure/50_rowCor_t_dense.eps>
(epstopdf)                    date: 2019-09-26 22:26:45
(epstopdf)                    size: 15155 bytes
(epstopdf)             Output file: <code/figure/50_rowCor_t_dense-eps-converte
d-to.pdf>
(epstopdf)                    date: 2019-09-26 22:27:19
(epstopdf)                    size: 13058 bytes
(epstopdf)             Command: <repstopdf --outfile=code/figure/50_rowCor_t_de
nse-eps-converted-to.pdf code/figure/50_rowCor_t_dense.eps>
(epstopdf)             \includegraphics on input line 1420.
Package epstopdf Info: Output file is already uptodate.


pdfTeX warning: pdflatex (file ./code/figure/50_rowCor_t_dense-eps-converted-to
.pdf): PDF inclusion: found PDF version <1.7>, but at most version <1.5> allowe
d

<code/figure/50_rowCor_t_dense-eps-converted-to.pdf, id=92, 455.7025pt x 273.02
pt>
File: code/figure/50_rowCor_t_dense-eps-converted-to.pdf Graphic file (type pdf
)
 <use code/figure/50_rowCor_t_dense-eps-converted-to.pdf>
Package pdftex.def Info: code/figure/50_rowCor_t_dense-eps-converted-to.pdf use
d on input line 1420.
(pdftex.def)             Requested size: 152.09897pt x 91.12585pt.
Package epstopdf Info: Source file: <code/figure/50_rowCor_t_sparse.eps>
(epstopdf)                    date: 2019-09-26 22:26:45
(epstopdf)                    size: 15181 bytes
(epstopdf)             Output file: <code/figure/50_rowCor_t_sparse-eps-convert
ed-to.pdf>
(epstopdf)                    date: 2019-09-26 22:27:19
(epstopdf)                    size: 12809 bytes
(epstopdf)             Command: <repstopdf --outfile=code/figure/50_rowCor_t_sp
arse-eps-converted-to.pdf code/figure/50_rowCor_t_sparse.eps>
(epstopdf)             \includegraphics on input line 1423.
Package epstopdf Info: Output file is already uptodate.


pdfTeX warning: pdflatex (file ./code/figure/50_rowCor_t_sparse-eps-converted-t
o.pdf): PDF inclusion: found PDF version <1.7>, but at most version <1.5> allow
ed

<code/figure/50_rowCor_t_sparse-eps-converted-to.pdf, id=93, 455.7025pt x 273.0
2pt>
File: code/figure/50_rowCor_t_sparse-eps-converted-to.pdf Graphic file (type pd
f)
 <use code/figure/50_rowCor_t_sparse-eps-converted-to.pdf>
Package pdftex.def Info: code/figure/50_rowCor_t_sparse-eps-converted-to.pdf us
ed on input line 1423.
(pdftex.def)             Requested size: 152.09897pt x 91.12585pt.
Package epstopdf Info: Source file: <code/figure/50_rowCor_chi_dense.eps>
(epstopdf)                    date: 2019-09-26 22:26:45
(epstopdf)                    size: 14681 bytes
(epstopdf)             Output file: <code/figure/50_rowCor_chi_dense-eps-conver
ted-to.pdf>
(epstopdf)                    date: 2019-09-26 22:27:20
(epstopdf)                    size: 12192 bytes
(epstopdf)             Command: <repstopdf --outfile=code/figure/50_rowCor_chi_
dense-eps-converted-to.pdf code/figure/50_rowCor_chi_dense.eps>
(epstopdf)             \includegraphics on input line 1427.
Package epstopdf Info: Output file is already uptodate.


pdfTeX warning: pdflatex (file ./code/figure/50_rowCor_chi_dense-eps-converted-
to.pdf): PDF inclusion: found PDF version <1.7>, but at most version <1.5> allo
wed

<code/figure/50_rowCor_chi_dense-eps-converted-to.pdf, id=94, 455.7025pt x 273.
02pt>
File: code/figure/50_rowCor_chi_dense-eps-converted-to.pdf Graphic file (type p
df)
 <use code/figure/50_rowCor_chi_dense-eps-converted-to.pdf>
Package pdftex.def Info: code/figure/50_rowCor_chi_dense-eps-converted-to.pdf u
sed on input line 1427.
(pdftex.def)             Requested size: 152.09897pt x 91.12585pt.
Package epstopdf Info: Source file: <code/figure/50_rowCor_chi_sparse.eps>
(epstopdf)                    date: 2019-09-26 22:26:46
(epstopdf)                    size: 16494 bytes
(epstopdf)             Output file: <code/figure/50_rowCor_chi_sparse-eps-conve
rted-to.pdf>
(epstopdf)                    date: 2019-09-26 22:27:20
(epstopdf)                    size: 14283 bytes
(epstopdf)             Command: <repstopdf --outfile=code/figure/50_rowCor_chi_
sparse-eps-converted-to.pdf code/figure/50_rowCor_chi_sparse.eps>
(epstopdf)             \includegraphics on input line 1430.
Package epstopdf Info: Output file is already uptodate.


pdfTeX warning: pdflatex (file ./code/figure/50_rowCor_chi_sparse-eps-converted
-to.pdf): PDF inclusion: found PDF version <1.7>, but at most version <1.5> all
owed

<code/figure/50_rowCor_chi_sparse-eps-converted-to.pdf, id=95, 455.7025pt x 273
.02pt>
File: code/figure/50_rowCor_chi_sparse-eps-converted-to.pdf Graphic file (type 
pdf)
 <use code/figure/50_rowCor_chi_sparse-eps-converted-to.pdf>
Package pdftex.def Info: code/figure/50_rowCor_chi_sparse-eps-converted-to.pdf 
used on input line 1430.
(pdftex.def)             Requested size: 152.09897pt x 91.12585pt.
Package epstopdf Info: Source file: <code/figure/100_rowCor_t_dense.eps>
(epstopdf)                    date: 2019-09-26 22:26:46
(epstopdf)                    size: 14222 bytes
(epstopdf)             Output file: <code/figure/100_rowCor_t_dense-eps-convert
ed-to.pdf>
(epstopdf)                    date: 2019-09-26 22:27:20
(epstopdf)                    size: 11672 bytes
(epstopdf)             Command: <repstopdf --outfile=code/figure/100_rowCor_t_d
ense-eps-converted-to.pdf code/figure/100_rowCor_t_dense.eps>
(epstopdf)             \includegraphics on input line 1434.
Package epstopdf Info: Output file is already uptodate.


pdfTeX warning: pdflatex (file ./code/figure/100_rowCor_t_dense-eps-converted-t
o.pdf): PDF inclusion: found PDF version <1.7>, but at most version <1.5> allow
ed

<code/figure/100_rowCor_t_dense-eps-converted-to.pdf, id=96, 455.7025pt x 273.0
2pt>
File: code/figure/100_rowCor_t_dense-eps-converted-to.pdf Graphic file (type pd
f)
 <use code/figure/100_rowCor_t_dense-eps-converted-to.pdf>
Package pdftex.def Info: code/figure/100_rowCor_t_dense-eps-converted-to.pdf us
ed on input line 1434.
(pdftex.def)             Requested size: 152.09897pt x 91.12585pt.
Package epstopdf Info: Source file: <code/figure/100_rowCor_t_sparse.eps>
(epstopdf)                    date: 2019-09-26 22:26:46
(epstopdf)                    size: 14606 bytes
(epstopdf)             Output file: <code/figure/100_rowCor_t_sparse-eps-conver
ted-to.pdf>
(epstopdf)                    date: 2019-09-26 22:27:21
(epstopdf)                    size: 11996 bytes
(epstopdf)             Command: <repstopdf --outfile=code/figure/100_rowCor_t_s
parse-eps-converted-to.pdf code/figure/100_rowCor_t_sparse.eps>
(epstopdf)             \includegraphics on input line 1437.
Package epstopdf Info: Output file is already uptodate.


pdfTeX warning: pdflatex (file ./code/figure/100_rowCor_t_sparse-eps-converted-
to.pdf): PDF inclusion: found PDF version <1.7>, but at most version <1.5> allo
wed

<code/figure/100_rowCor_t_sparse-eps-converted-to.pdf, id=97, 455.7025pt x 273.
02pt>
File: code/figure/100_rowCor_t_sparse-eps-converted-to.pdf Graphic file (type p
df)
 <use code/figure/100_rowCor_t_sparse-eps-converted-to.pdf>
Package pdftex.def Info: code/figure/100_rowCor_t_sparse-eps-converted-to.pdf u
sed on input line 1437.
(pdftex.def)             Requested size: 152.09897pt x 91.12585pt.
Package epstopdf Info: Source file: <code/figure/100_rowCor_chi_dense.eps>
(epstopdf)                    date: 2019-09-26 22:26:47
(epstopdf)                    size: 14138 bytes
(epstopdf)             Output file: <code/figure/100_rowCor_chi_dense-eps-conve
rted-to.pdf>
(epstopdf)                    date: 2019-09-26 22:27:21
(epstopdf)                    size: 11584 bytes
(epstopdf)             Command: <repstopdf --outfile=code/figure/100_rowCor_chi
_dense-eps-converted-to.pdf code/figure/100_rowCor_chi_dense.eps>
(epstopdf)             \includegraphics on input line 1441.
Package epstopdf Info: Output file is already uptodate.


pdfTeX warning: pdflatex (file ./code/figure/100_rowCor_chi_dense-eps-converted
-to.pdf): PDF inclusion: found PDF version <1.7>, but at most version <1.5> all
owed

<code/figure/100_rowCor_chi_dense-eps-converted-to.pdf, id=98, 455.7025pt x 273
.02pt>
File: code/figure/100_rowCor_chi_dense-eps-converted-to.pdf Graphic file (type 
pdf)
 <use code/figure/100_rowCor_chi_dense-eps-converted-to.pdf>
Package pdftex.def Info: code/figure/100_rowCor_chi_dense-eps-converted-to.pdf 
used on input line 1441.
(pdftex.def)             Requested size: 152.09897pt x 91.12585pt.
Package epstopdf Info: Source file: <code/figure/100_rowCor_chi_sparse.eps>
(epstopdf)                    date: 2019-09-26 22:26:47
(epstopdf)                    size: 14670 bytes
(epstopdf)             Output file: <code/figure/100_rowCor_chi_sparse-eps-conv
erted-to.pdf>
(epstopdf)                    date: 2019-09-26 22:27:21
(epstopdf)                    size: 11895 bytes
(epstopdf)             Command: <repstopdf --outfile=code/figure/100_rowCor_chi
_sparse-eps-converted-to.pdf code/figure/100_rowCor_chi_sparse.eps>
(epstopdf)             \includegraphics on input line 1444.
Package epstopdf Info: Output file is already uptodate.


pdfTeX warning: pdflatex (file ./code/figure/100_rowCor_chi_sparse-eps-converte
d-to.pdf): PDF inclusion: found PDF version <1.7>, but at most version <1.5> al
lowed

<code/figure/100_rowCor_chi_sparse-eps-converted-to.pdf, id=99, 455.7025pt x 27
3.02pt>
File: code/figure/100_rowCor_chi_sparse-eps-converted-to.pdf Graphic file (type
 pdf)
 <use code/figure/100_rowCor_chi_sparse-eps-converted-to.pdf>
Package pdftex.def Info: code/figure/100_rowCor_chi_sparse-eps-converted-to.pdf
 used on input line 1444.
(pdftex.def)             Requested size: 152.09897pt x 91.12585pt.

Overfull \hbox (1.97287pt too wide) in paragraph at lines 1557--1564
\OT1/cmr/m/n/10 ting. We have pro-posed a Bayesian-motivated test statis-tic fo
r high-dimensional
 []

[15] [16 <./code/figure/50_uniform_t_dense-eps-converted-to.pdf> <./code/figure
/50_uniform_t_sparse-eps-converted-to.pdf> <./code/figure/50_uniform_chi_dense-
eps-converted-to.pdf> <./code/figure/50_uniform_chi_sparse-eps-converted-to.pdf
> <./code/figure/100_uniform_t_dense-eps-converted-to.pdf> <./code/figure/100_u
niform_t_sparse-eps-converted-to.pdf> <./code/figure/100_uniform_chi_dense-eps-
converted-to.pdf> <./code/figure/100_uniform_chi_sparse-eps-converted-to.pdf>]
[17 <./code/figure/50_equalCor_t_dense-eps-converted-to.pdf> <./code/figure/50_
equalCor_t_sparse-eps-converted-to.pdf> <./code/figure/50_equalCor_chi_dense-ep
s-converted-to.pdf> <./code/figure/50_equalCor_chi_sparse-eps-converted-to.pdf>
 <./code/figure/100_equalCor_t_dense-eps-converted-to.pdf> <./code/figure/100_e
qualCor_t_sparse-eps-converted-to.pdf> <./code/figure/100_equalCor_chi_dense-ep
s-converted-to.pdf> <./code/figure/100_equalCor_chi_sparse-eps-converted-to.pdf
>] [18 <./code/figure/50_factor_t_dense-eps-converted-to.pdf> <./code/figure/50
_factor_t_sparse-eps-converted-to.pdf> <./code/figure/50_factor_chi_dense-eps-c
onverted-to.pdf> <./code/figure/50_factor_chi_sparse-eps-converted-to.pdf> <./c
ode/figure/100_factor_t_dense-eps-converted-to.pdf> <./code/figure/100_factor_t
_sparse-eps-converted-to.pdf> <./code/figure/100_factor_chi_dense-eps-converted
-to.pdf> <./code/figure/100_factor_chi_sparse-eps-converted-to.pdf>] [19 <./cod
e/figure/50_rowCor_t_dense-eps-converted-to.pdf> <./code/figure/50_rowCor_t_spa
rse-eps-converted-to.pdf> <./code/figure/50_rowCor_chi_dense-eps-converted-to.p
df> <./code/figure/50_rowCor_chi_sparse-eps-converted-to.pdf> <./code/figure/10
0_rowCor_t_dense-eps-converted-to.pdf> <./code/figure/100_rowCor_t_sparse-eps-c
onverted-to.pdf> <./code/figure/100_rowCor_chi_dense-eps-converted-to.pdf> <./c
ode/figure/100_rowCor_chi_sparse-eps-converted-to.pdf>] [20] [21] [22]
Overfull \hbox (5.9116pt too wide) in paragraph at lines 2155--2163
[]\OT1/cmr/m/n/8 The con-di-tion [] im-plies that $[][\OML/cmm/m/it/8 S[]\OMS/c
msy/m/n/8 j[]\OT1/cmr/m/n/8 ] \OMS/cmsy/m/n/8 ! \OT1/cmr/m/n/8 0$ al-most surel
y. Then al-most surely, $\OMS/cmsy/m/n/8 L\OT1/cmr/m/n/8 (\OML/cmm/m/it/8 S[]\O
MS/cmsy/m/n/8 j[]\OT1/cmr/m/n/8 ) \U/msa/m/n/8  
 []

[23] [24]
Overfull \hbox (20.38666pt too wide) in paragraph at lines 2361--2374
\OT1/cmr/m/n/8 Then there ex-ists a se-quence of pos-i-tive in-te-gers $\OML/cm
m/m/it/8 r\OT1/cmr/m/n/8 (\OML/cmm/m/it/8 n\OT1/cmr/m/n/8 ) \OMS/cmsy/m/n/8 ! 1
$ \OT1/cmr/m/n/8 such that $[]\OML/cmm/m/it/8 =[] \OMS/cmsy/m/n/8 !
 []


Overfull \hbox (28.30144pt too wide) in paragraph at lines 2385--2392
\OT1/cmr/m/n/8 which is a sum of in-de-pen-dent ran-dom vari-ables. The first t
erm is neg-li-gi-ble since $[]([][] \OML/cmm/m/it/8 a[]\OT1/cmr/m/n/8 (\OML/cmm
/m/it/8 z[] \OMS/cmsy/m/n/8 ^^@
 []

[25] [26] [27]
Missing character: There is no  in font cmr8!
Missing character: There is no  in font cmr8!
Missing character: There is no  in font cmr8!
 [28] [29] (./main.aux) ) 
Here is how much of TeX's memory you used:
 5656 strings out of 493029
 83511 string characters out of 6136233
 170837 words of memory out of 5000000
 9016 multiletter control sequences out of 15000+600000
 16224 words of font info for 61 fonts, out of 8000000 for 9000
 1141 hyphenation exceptions out of 8191
 38i,23n,36p,1015b,332s stack positions out of 5000i,500n,10000p,200000b,80000s
</usr/share/texlive/texmf-dist/fonts/type1/public/amsf
onts/cm/cmbsy10.pfb></usr/share/texlive/texmf-dist/fonts/type1/public/amsfonts/
cm/cmbx10.pfb></usr/share/texlive/texmf-dist/fonts/type1/public/amsfonts/cm/cmb
x12.pfb></usr/share/texlive/texmf-dist/fonts/type1/public/amsfonts/cm/cmbx8.pfb
></usr/share/texlive/texmf-dist/fonts/type1/public/amsfonts/cm/cmbxti10.pfb></u
sr/share/texlive/texmf-dist/fonts/type1/public/amsfonts/cm/cmex10.pfb></usr/sha
re/texlive/texmf-dist/fonts/type1/public/amsfonts/cmextra/cmex7.pfb></usr/share
/texlive/texmf-dist/fonts/type1/public/amsfonts/cmextra/cmex8.pfb></usr/share/t
exlive/texmf-dist/fonts/type1/public/amsfonts/cm/cmmi10.pfb></usr/share/texlive
/texmf-dist/fonts/type1/public/amsfonts/cm/cmmi5.pfb></usr/share/texlive/texmf-
dist/fonts/type1/public/amsfonts/cm/cmmi6.pfb></usr/share/texlive/texmf-dist/fo
nts/type1/public/amsfonts/cm/cmmi7.pfb></usr/share/texlive/texmf-dist/fonts/typ
e1/public/amsfonts/cm/cmmi8.pfb></usr/share/texlive/texmf-dist/fonts/type1/publ
ic/amsfonts/cm/cmmib10.pfb></usr/share/texlive/texmf-dist/fonts/type1/public/am
sfonts/cmextra/cmmib7.pfb></usr/share/texlive/texmf-dist/fonts/type1/public/ams
fonts/cm/cmr10.pfb></usr/share/texlive/texmf-dist/fonts/type1/public/amsfonts/c
m/cmr5.pfb></usr/share/texlive/texmf-dist/fonts/type1/public/amsfonts/cm/cmr6.p
fb></usr/share/texlive/texmf-dist/fonts/type1/public/amsfonts/cm/cmr7.pfb></usr
/share/texlive/texmf-dist/fonts/type1/public/amsfonts/cm/cmr8.pfb></usr/share/t
exlive/texmf-dist/fonts/type1/public/amsfonts/cm/cmsy10.pfb></usr/share/texlive
/texmf-dist/fonts/type1/public/amsfonts/cm/cmsy5.pfb></usr/share/texlive/texmf-
dist/fonts/type1/public/amsfonts/cm/cmsy6.pfb></usr/share/texlive/texmf-dist/fo
nts/type1/public/amsfonts/cm/cmsy7.pfb></usr/share/texlive/texmf-dist/fonts/typ
e1/public/amsfonts/cm/cmsy8.pfb></usr/share/texlive/texmf-dist/fonts/type1/publ
ic/amsfonts/cm/cmti10.pfb></usr/share/texlive/texmf-dist/fonts/type1/public/ams
fonts/cm/cmti8.pfb></usr/share/texlive/texmf-dist/fonts/type1/public/amsfonts/s
ymbols/msam10.pfb></usr/share/texlive/texmf-dist/fonts/type1/public/amsfonts/sy
mbols/msam5.pfb></usr/share/texlive/texmf-dist/fonts/type1/public/amsfonts/symb
ols/msam7.pfb></usr/share/texlive/texmf-dist/fonts/type1/public/amsfonts/symbol
s/msbm10.pfb></usr/share/texlive/texmf-dist/fonts/type1/public/amsfonts/symbols
/msbm7.pfb></usr/share/texlive/texmf-dist/fonts/type1/public/rsfs/rsfs10.pfb>
Output written on main.pdf (29 pages, 779303 bytes).
PDF statistics:
 488 PDF objects out of 1000 (max. 8388607)
 324 compressed objects within 4 object streams
 0 named destinations out of 1000 (max. 500000)
 161 words of extra memory for PDF output out of 10000 (max. 10000000)

