This is pdfTeX, Version 3.14159265-2.6-1.40.16 (TeX Live 2015/Debian) (preloaded format=pdflatex 2018.10.15)  21 MAR 2019 15:22
entering extended mode
 restricted \write18 enabled.
 %&-line parsing enabled.
**main
(./main.tex
LaTeX2e <2016/02/01>
Babel <3.9q> and hyphenation patterns for 81 language(s) loaded.
(/usr/share/texlive/texmf-dist/tex/latex/base/article.cls
Document Class: article 2014/09/29 v1.4h Standard LaTeX document class
(/usr/share/texlive/texmf-dist/tex/latex/base/size11.clo
File: size11.clo 2014/09/29 v1.4h Standard LaTeX file (size option)
)
\c@part=\count79
\c@section=\count80
\c@subsection=\count81
\c@subsubsection=\count82
\c@paragraph=\count83
\c@subparagraph=\count84
\c@figure=\count85
\c@table=\count86
\abovecaptionskip=\skip41
\belowcaptionskip=\skip42
\bibindent=\dimen102
)
(/usr/share/texlive/texmf-dist/tex/latex/lineno/lineno.sty
Package: lineno 2005/11/02 line numbers on paragraphs v4.41
\linenopenalty=\count87
\output=\toks14
\linenoprevgraf=\count88
\linenumbersep=\dimen103
\linenumberwidth=\dimen104
\c@linenumber=\count89
\c@pagewiselinenumber=\count90
\c@LN@truepage=\count91
\c@internallinenumber=\count92
\c@internallinenumbers=\count93
\quotelinenumbersep=\dimen105
\bframerule=\dimen106
\bframesep=\dimen107
\bframebox=\box26
LaTeX Info: Redefining \\ on input line 3056.
)
(/usr/share/texlive/texmf-dist/tex/latex/hyperref/hyperref.sty
Package: hyperref 2012/11/06 v6.83m Hypertext links for LaTeX

(/usr/share/texlive/texmf-dist/tex/generic/oberdiek/hobsub-hyperref.sty
Package: hobsub-hyperref 2012/05/28 v1.13 Bundle oberdiek, subset hyperref (HO)


(/usr/share/texlive/texmf-dist/tex/generic/oberdiek/hobsub-generic.sty
Package: hobsub-generic 2012/05/28 v1.13 Bundle oberdiek, subset generic (HO)
Package: hobsub 2012/05/28 v1.13 Construct package bundles (HO)
Package: infwarerr 2010/04/08 v1.3 Providing info/warning/error messages (HO)
Package: ltxcmds 2011/11/09 v1.22 LaTeX kernel commands for general use (HO)
Package: ifluatex 2010/03/01 v1.3 Provides the ifluatex switch (HO)
Package ifluatex Info: LuaTeX not detected.
Package: ifvtex 2010/03/01 v1.5 Detect VTeX and its facilities (HO)
Package ifvtex Info: VTeX not detected.
Package: intcalc 2007/09/27 v1.1 Expandable calculations with integers (HO)
Package: ifpdf 2011/01/30 v2.3 Provides the ifpdf switch (HO)
Package ifpdf Info: pdfTeX in PDF mode is detected.
Package: etexcmds 2011/02/16 v1.5 Avoid name clashes with e-TeX commands (HO)
Package etexcmds Info: Could not find \expanded.
(etexcmds)             That can mean that you are not using pdfTeX 1.50 or
(etexcmds)             that some package has redefined \expanded.
(etexcmds)             In the latter case, load this package earlier.
Package: kvsetkeys 2012/04/25 v1.16 Key value parser (HO)
Package: kvdefinekeys 2011/04/07 v1.3 Define keys (HO)
Package: pdftexcmds 2011/11/29 v0.20 Utility functions of pdfTeX for LuaTeX (HO
)
Package pdftexcmds Info: LuaTeX not detected.
Package pdftexcmds Info: \pdf@primitive is available.
Package pdftexcmds Info: \pdf@ifprimitive is available.
Package pdftexcmds Info: \pdfdraftmode found.
Package: pdfescape 2011/11/25 v1.13 Implements pdfTeX's escape features (HO)
Package: bigintcalc 2012/04/08 v1.3 Expandable calculations on big integers (HO
)
Package: bitset 2011/01/30 v1.1 Handle bit-vector datatype (HO)
Package: uniquecounter 2011/01/30 v1.2 Provide unlimited unique counter (HO)
)
Package hobsub Info: Skipping package `hobsub' (already loaded).
Package: letltxmacro 2010/09/02 v1.4 Let assignment for LaTeX macros (HO)
Package: hopatch 2012/05/28 v1.2 Wrapper for package hooks (HO)
Package: xcolor-patch 2011/01/30 xcolor patch
Package: atveryend 2011/06/30 v1.8 Hooks at the very end of document (HO)
Package atveryend Info: \enddocument detected (standard20110627).
Package: atbegshi 2011/10/05 v1.16 At begin shipout hook (HO)
Package: refcount 2011/10/16 v3.4 Data extraction from label references (HO)
Package: hycolor 2011/01/30 v1.7 Color options for hyperref/bookmark (HO)
)
(/usr/share/texlive/texmf-dist/tex/latex/graphics/keyval.sty
Package: keyval 2014/10/28 v1.15 key=value parser (DPC)
\KV@toks@=\toks15
)
(/usr/share/texlive/texmf-dist/tex/generic/ifxetex/ifxetex.sty
Package: ifxetex 2010/09/12 v0.6 Provides ifxetex conditional
)
(/usr/share/texlive/texmf-dist/tex/latex/oberdiek/auxhook.sty
Package: auxhook 2011/03/04 v1.3 Hooks for auxiliary files (HO)
)
(/usr/share/texlive/texmf-dist/tex/latex/oberdiek/kvoptions.sty
Package: kvoptions 2011/06/30 v3.11 Key value format for package options (HO)
)
\@linkdim=\dimen108
\Hy@linkcounter=\count94
\Hy@pagecounter=\count95

(/usr/share/texlive/texmf-dist/tex/latex/hyperref/pd1enc.def
File: pd1enc.def 2012/11/06 v6.83m Hyperref: PDFDocEncoding definition (HO)
)
\Hy@SavedSpaceFactor=\count96

(/usr/share/texlive/texmf-dist/tex/latex/latexconfig/hyperref.cfg
File: hyperref.cfg 2002/06/06 v1.2 hyperref configuration of TeXLive
)
Package hyperref Info: Hyper figures OFF on input line 4443.
Package hyperref Info: Link nesting OFF on input line 4448.
Package hyperref Info: Hyper index ON on input line 4451.
Package hyperref Info: Plain pages OFF on input line 4458.
Package hyperref Info: Backreferencing OFF on input line 4463.
Package hyperref Info: Implicit mode ON; LaTeX internals redefined.
Package hyperref Info: Bookmarks ON on input line 4688.
\c@Hy@tempcnt=\count97

(/usr/share/texlive/texmf-dist/tex/latex/url/url.sty
\Urlmuskip=\muskip10
Package: url 2013/09/16  ver 3.4  Verb mode for urls, etc.
)
LaTeX Info: Redefining \url on input line 5041.
\XeTeXLinkMargin=\dimen109
\Fld@menulength=\count98
\Field@Width=\dimen110
\Fld@charsize=\dimen111
Package hyperref Info: Hyper figures OFF on input line 6295.
Package hyperref Info: Link nesting OFF on input line 6300.
Package hyperref Info: Hyper index ON on input line 6303.
Package hyperref Info: backreferencing OFF on input line 6310.
Package hyperref Info: Link coloring OFF on input line 6315.
Package hyperref Info: Link coloring with OCG OFF on input line 6320.
Package hyperref Info: PDF/A mode OFF on input line 6325.
LaTeX Info: Redefining \ref on input line 6365.
LaTeX Info: Redefining \pageref on input line 6369.
\Hy@abspage=\count99
\c@Item=\count100
\c@Hfootnote=\count101
)

Package hyperref Message: Driver (autodetected): hpdftex.

(/usr/share/texlive/texmf-dist/tex/latex/hyperref/hpdftex.def
File: hpdftex.def 2012/11/06 v6.83m Hyperref driver for pdfTeX
\Fld@listcount=\count102
\c@bookmark@seq@number=\count103

(/usr/share/texlive/texmf-dist/tex/latex/oberdiek/rerunfilecheck.sty
Package: rerunfilecheck 2011/04/15 v1.7 Rerun checks for auxiliary files (HO)
Package uniquecounter Info: New unique counter `rerunfilecheck' on input line 2
82.
)
\Hy@SectionHShift=\skip43
)
(/usr/share/texlive/texmf-dist/tex/latex/geometry/geometry.sty
Package: geometry 2010/09/12 v5.6 Page Geometry
\Gm@cnth=\count104
\Gm@cntv=\count105
\c@Gm@tempcnt=\count106
\Gm@bindingoffset=\dimen112
\Gm@wd@mp=\dimen113
\Gm@odd@mp=\dimen114
\Gm@even@mp=\dimen115
\Gm@layoutwidth=\dimen116
\Gm@layoutheight=\dimen117
\Gm@layouthoffset=\dimen118
\Gm@layoutvoffset=\dimen119
\Gm@dimlist=\toks16
)
(/usr/share/texlive/texmf-dist/tex/latex/preprint/authblk.sty
Package: authblk 2001/02/27 1.3 (PWD)
\affilsep=\skip44
\@affilsep=\skip45
\c@Maxaffil=\count107
\c@authors=\count108
\c@affil=\count109
)
(/usr/share/texlive/texmf-dist/tex/latex/galois/galois.sty
Package: galois 2005/03/19 v1.05, Galois connections, Patrick.Cousot@ens.fr
\@GALOISalphadepth=\skip46
\@GALOISalphaheight=\skip47
\@GALOISgammadepth=\skip48
\@GALOISwidth=\skip49
\@GALOISheight=\skip50
\@GALOISdepth=\skip51
\@GALOIStotalheight=\skip52
\@GALOISGap=\skip53
\@GALOISalphaarrowwidth=\skip54
\@GALOISalphaarrowhalfheight=\skip55
\@GALOISgammaarrowwidth=\skip56
\@GALOISgammaarrowhalfheight=\skip57
)
(/usr/share/texlive/texmf-dist/tex/latex/tools/bm.sty
Package: bm 2014/10/28 v1.1c Bold Symbol Support (DPC/FMi)
\symboldoperators=\mathgroup4
\symboldletters=\mathgroup5
\symboldsymbols=\mathgroup6
LaTeX Font Info:    Redeclaring math alphabet \mathbf on input line 141.
LaTeX Info: Redefining \bm on input line 207.
)
(/usr/share/texlive/texmf-dist/tex/latex/amsmath/amsmath.sty
Package: amsmath 2016/03/03 v2.15a AMS math features
\@mathmargin=\skip58

For additional information on amsmath, use the `?' option.
(/usr/share/texlive/texmf-dist/tex/latex/amsmath/amstext.sty
Package: amstext 2000/06/29 v2.01 AMS text

(/usr/share/texlive/texmf-dist/tex/latex/amsmath/amsgen.sty
File: amsgen.sty 1999/11/30 v2.0 generic functions
\@emptytoks=\toks17
\ex@=\dimen120
))
(/usr/share/texlive/texmf-dist/tex/latex/amsmath/amsbsy.sty
Package: amsbsy 1999/11/29 v1.2d Bold Symbols
LaTeX Info: Redefining \boldsymbol on input line 28.
\pmbraise@=\dimen121
)
(/usr/share/texlive/texmf-dist/tex/latex/amsmath/amsopn.sty
Package: amsopn 1999/12/14 v2.01 operator names
)
\inf@bad=\count110
LaTeX Info: Redefining \frac on input line 199.
\uproot@=\count111
\leftroot@=\count112
LaTeX Info: Redefining \overline on input line 297.
\classnum@=\count113
\DOTSCASE@=\count114
LaTeX Info: Redefining \ldots on input line 394.
LaTeX Info: Redefining \dots on input line 397.
LaTeX Info: Redefining \cdots on input line 518.
\Mathstrutbox@=\box27
\strutbox@=\box28
\big@size=\dimen122
LaTeX Font Info:    Redeclaring font encoding OML on input line 630.
LaTeX Font Info:    Redeclaring font encoding OMS on input line 631.
\macc@depth=\count115
\c@MaxMatrixCols=\count116
\dotsspace@=\muskip11
\c@parentequation=\count117
\dspbrk@lvl=\count118
\tag@help=\toks18
\row@=\count119
\column@=\count120
\maxfields@=\count121
\andhelp@=\toks19
\eqnshift@=\dimen123
\alignsep@=\dimen124
\tagshift@=\dimen125
\tagwidth@=\dimen126
\totwidth@=\dimen127
\lineht@=\dimen128
\@envbody=\toks20
\multlinegap=\skip59
\multlinetaggap=\skip60
\mathdisplay@stack=\toks21
LaTeX Info: Redefining \[ on input line 2735.
LaTeX Info: Redefining \] on input line 2736.
)
(/usr/share/texlive/texmf-dist/tex/latex/amsfonts/amssymb.sty
Package: amssymb 2013/01/14 v3.01 AMS font symbols

(/usr/share/texlive/texmf-dist/tex/latex/amsfonts/amsfonts.sty
Package: amsfonts 2013/01/14 v3.01 Basic AMSFonts support
\symAMSa=\mathgroup7
\symAMSb=\mathgroup8
LaTeX Font Info:    Overwriting math alphabet `\mathfrak' in version `bold'
(Font)                  U/euf/m/n --> U/euf/b/n on input line 106.
))
(/usr/share/texlive/texmf-dist/tex/latex/jknapltx/mathrsfs.sty
Package: mathrsfs 1996/01/01 Math RSFS package v1.0 (jk)
\symrsfs=\mathgroup9
)
(/usr/share/texlive/texmf-dist/tex/latex/amscls/amsthm.sty
Package: amsthm 2015/03/04 v2.20.2
\thm@style=\toks22
\thm@bodyfont=\toks23
\thm@headfont=\toks24
\thm@notefont=\toks25
\thm@headpunct=\toks26
\thm@preskip=\skip61
\thm@postskip=\skip62
\thm@headsep=\skip63
\dth@everypar=\toks27
)
(/usr/share/texlive/texmf-dist/tex/latex/natbib/natbib.sty
Package: natbib 2010/09/13 8.31b (PWD, AO)
\bibhang=\skip64
\bibsep=\skip65
LaTeX Info: Redefining \cite on input line 694.
\c@NAT@ctr=\count122
)
(/usr/share/texlive/texmf-dist/tex/latex/graphics/graphicx.sty
Package: graphicx 2014/10/28 v1.0g Enhanced LaTeX Graphics (DPC,SPQR)

(/usr/share/texlive/texmf-dist/tex/latex/graphics/graphics.sty
Package: graphics 2016/01/03 v1.0q Standard LaTeX Graphics (DPC,SPQR)

(/usr/share/texlive/texmf-dist/tex/latex/graphics/trig.sty
Package: trig 2016/01/03 v1.10 sin cos tan (DPC)
)
(/usr/share/texlive/texmf-dist/tex/latex/latexconfig/graphics.cfg
File: graphics.cfg 2010/04/23 v1.9 graphics configuration of TeX Live
)
Package graphics Info: Driver file: pdftex.def on input line 95.

(/usr/share/texlive/texmf-dist/tex/latex/pdftex-def/pdftex.def
File: pdftex.def 2011/05/27 v0.06d Graphics/color for pdfTeX
\Gread@gobject=\count123
))
\Gin@req@height=\dimen129
\Gin@req@width=\dimen130
)
(/usr/share/texlive/texmf-dist/tex/latex/graphics/color.sty
Package: color 2016/01/03 v1.1b Standard LaTeX Color (DPC)

(/usr/share/texlive/texmf-dist/tex/latex/latexconfig/color.cfg
File: color.cfg 2007/01/18 v1.5 color configuration of teTeX/TeXLive
)
Package color Info: Driver file: pdftex.def on input line 143.
)
(/usr/share/texlive/texmf-dist/tex/latex/booktabs/booktabs.sty
Package: booktabs 2005/04/14 v1.61803 publication quality tables
\heavyrulewidth=\dimen131
\lightrulewidth=\dimen132
\cmidrulewidth=\dimen133
\belowrulesep=\dimen134
\belowbottomsep=\dimen135
\aboverulesep=\dimen136
\abovetopsep=\dimen137
\cmidrulesep=\dimen138
\cmidrulekern=\dimen139
\defaultaddspace=\dimen140
\@cmidla=\count124
\@cmidlb=\count125
\@aboverulesep=\dimen141
\@belowrulesep=\dimen142
\@thisruleclass=\count126
\@lastruleclass=\count127
\@thisrulewidth=\dimen143
)
(/usr/share/texlive/texmf-dist/tex/latex/appendix/appendix.sty
Package: appendix 2009/09/02 v1.2b extra appendix facilities
\c@@pps=\count128
\c@@ppsavesec=\count129
\c@@ppsaveapp=\count130
)
(/usr/share/texlive/texmf-dist/tex/latex/tools/enumerate.sty
Package: enumerate 2015/07/23 v3.00 enumerate extensions (DPC)
\@enLab=\toks28
)
(/usr/share/texlive/texmf-dist/tex/latex/changepage/changepage.sty
Package: changepage 2009/10/20 v1.0c check page and change page layout
\c@cp@cntr=\count131
\cp@tempcnt=\count132
)
(/usr/share/texlive/texmf-dist/tex/latex/datetime/datetime.sty
Package: datetime 2015/03/20 v2.60 Date Time Package

(/usr/share/texlive/texmf-dist/tex/latex/etoolbox/etoolbox.sty
Package: etoolbox 2015/08/02 v2.2a e-TeX tools for LaTeX (JAW)
\etb@tempcnta=\count133
)
(/usr/share/texlive/texmf-dist/tex/latex/fmtcount/fmtcount.sty
Package: fmtcount 2015/05/05 v3.01

(/usr/share/texlive/texmf-dist/tex/latex/base/ifthen.sty
Package: ifthen 2014/09/29 v1.1c Standard LaTeX ifthen package (DPC)
)
(/usr/share/texlive/texmf-dist/tex/latex/xkeyval/xkeyval.sty
Package: xkeyval 2014/12/03 v2.7a package option processing (HA)

(/usr/share/texlive/texmf-dist/tex/generic/xkeyval/xkeyval.tex
(/usr/share/texlive/texmf-dist/tex/generic/xkeyval/xkvutils.tex
\XKV@toks=\toks29
\XKV@tempa@toks=\toks30
)
\XKV@depth=\count134
File: xkeyval.tex 2014/12/03 v2.7a key=value parser (HA)
))
(/usr/share/texlive/texmf-dist/tex/latex/fmtcount/fcprefix.sty
Package: fcprefix 2012/09/28

(/usr/share/texlive/texmf-dist/tex/latex/fmtcount/fcnumparser.sty
Package: fcnumparser 2012/09/28
\fc@digit@counter=\count135
))
\c@padzeroesN=\count136
\fc@tmpcatcode=\count137
\@DT@modctr=\count138
\@ordinalctr=\count139
\@orgargctr=\count140
\@strctr=\count141
\@tmpstrctr=\count142
\@DT@loopN=\count143
\@DT@X=\count144

(/usr/share/texlive/texmf-dist/tex/latex/fmtcount/fc-english.def
File: fc-english.def 2013/08/17
))
(/usr/share/texlive/texmf-dist/tex/latex/datetime/datetime-defaults.sty
Package: datetime-defaults 2013/09/10
)
\@day=\count145
\@month=\count146
\@year=\count147
\c@HOUR=\count148
\c@HOURXII=\count149
\c@MINUTE=\count150
\c@TOHOUR=\count151
\c@TOMINUTE=\count152
\c@SECOND=\count153
\currenthour=\count154
\currentminute=\count155
\currentsecond=\count156
Package datetime Info: No datetime.cfg file found, using default settings on in
put line 308.
\@dtctr=\count157
\dayofyear=\count158
\dayofweek=\count159
LaTeX Info: Redefining \today on input line 736.
\dt@a=\toks31
\dt@b=\toks32
)
(/usr/share/texlive/texmf-dist/tex/latex/subfigure/subfigure.sty
Package: subfigure 2002/03/15 v2.1.5 subfigure package
\subfigtopskip=\skip66
\subfigcapskip=\skip67
\subfigcaptopadj=\dimen144
\subfigbottomskip=\skip68
\subfigcapmargin=\dimen145
\subfiglabelskip=\skip69
\c@subfigure=\count160
\c@lofdepth=\count161
\c@subtable=\count162
\c@lotdepth=\count163

****************************************
* Local config file subfigure.cfg used *
****************************************
(/usr/share/texlive/texmf-dist/tex/latex/subfigure/subfigure.cfg)
\subfig@top=\skip70
\subfig@bottom=\skip71
)
\c@theorem=\count164
\c@proposition=\count165
\c@corollary=\count166
\c@lemma=\count167
\c@example=\count168
\c@assumption=\count169
\c@condition=\count170
\c@definition=\count171
\c@remark=\count172
 (./main.aux)
\openout1 = `main.aux'.

LaTeX Font Info:    Checking defaults for OML/cmm/m/it on input line 91.
LaTeX Font Info:    ... okay on input line 91.
LaTeX Font Info:    Checking defaults for T1/cmr/m/n on input line 91.
LaTeX Font Info:    ... okay on input line 91.
LaTeX Font Info:    Checking defaults for OT1/cmr/m/n on input line 91.
LaTeX Font Info:    ... okay on input line 91.
LaTeX Font Info:    Checking defaults for OMS/cmsy/m/n on input line 91.
LaTeX Font Info:    ... okay on input line 91.
LaTeX Font Info:    Checking defaults for OMX/cmex/m/n on input line 91.
LaTeX Font Info:    ... okay on input line 91.
LaTeX Font Info:    Checking defaults for U/cmr/m/n on input line 91.
LaTeX Font Info:    ... okay on input line 91.
LaTeX Font Info:    Checking defaults for PD1/pdf/m/n on input line 91.
LaTeX Font Info:    ... okay on input line 91.
\AtBeginShipoutBox=\box29
Package hyperref Info: Link coloring OFF on input line 91.
(/usr/share/texlive/texmf-dist/tex/latex/hyperref/nameref.sty
Package: nameref 2012/10/27 v2.43 Cross-referencing by name of section

(/usr/share/texlive/texmf-dist/tex/generic/oberdiek/gettitlestring.sty
Package: gettitlestring 2010/12/03 v1.4 Cleanup title references (HO)
)
\c@section@level=\count173
)
LaTeX Info: Redefining \ref on input line 91.
LaTeX Info: Redefining \pageref on input line 91.
LaTeX Info: Redefining \nameref on input line 91.

(./main.out) (./main.out)
\@outlinefile=\write3
\openout3 = `main.out'.


*geometry* driver: auto-detecting
*geometry* detected driver: pdftex
*geometry* verbose mode - [ preamble ] result:
* driver: pdftex
* paper: <default>
* layout: <same size as paper>
* layoutoffset:(h,v)=(0.0pt,0.0pt)
* modes: 
* h-part:(L,W,R)=(72.26999pt, 469.75502pt, 72.26999pt)
* v-part:(T,H,B)=(72.26999pt, 650.43001pt, 72.26999pt)
* \paperwidth=614.295pt
* \paperheight=794.96999pt
* \textwidth=469.75502pt
* \textheight=650.43001pt
* \oddsidemargin=0.0pt
* \evensidemargin=0.0pt
* \topmargin=-37.0pt
* \headheight=12.0pt
* \headsep=25.0pt
* \topskip=11.0pt
* \footskip=30.0pt
* \marginparwidth=59.0pt
* \marginparsep=10.0pt
* \columnsep=10.0pt
* \skip\footins=10.0pt plus 4.0pt minus 2.0pt
* \hoffset=0.0pt
* \voffset=0.0pt
* \mag=1000
* \@twocolumnfalse
* \@twosidefalse
* \@mparswitchfalse
* \@reversemarginfalse
* (1in=72.27pt=25.4mm, 1cm=28.453pt)

(/usr/share/texlive/texmf-dist/tex/context/base/supp-pdf.mkii
[Loading MPS to PDF converter (version 2006.09.02).]
\scratchcounter=\count174
\scratchdimen=\dimen146
\scratchbox=\box30
\nofMPsegments=\count175
\nofMParguments=\count176
\everyMPshowfont=\toks33
\MPscratchCnt=\count177
\MPscratchDim=\dimen147
\MPnumerator=\count178
\makeMPintoPDFobject=\count179
\everyMPtoPDFconversion=\toks34
) (/usr/share/texlive/texmf-dist/tex/latex/oberdiek/epstopdf-base.sty
Package: epstopdf-base 2010/02/09 v2.5 Base part for package epstopdf

(/usr/share/texlive/texmf-dist/tex/latex/oberdiek/grfext.sty
Package: grfext 2010/08/19 v1.1 Manage graphics extensions (HO)
)
Package grfext Info: Graphics extension search list:
(grfext)             [.png,.pdf,.jpg,.mps,.jpeg,.jbig2,.jb2,.PNG,.PDF,.JPG,.JPE
G,.JBIG2,.JB2,.eps]
(grfext)             \AppendGraphicsExtensions on input line 452.

(/usr/share/texlive/texmf-dist/tex/latex/latexconfig/epstopdf-sys.cfg
File: epstopdf-sys.cfg 2010/07/13 v1.3 Configuration of (r)epstopdf for TeX Liv
e
))
LaTeX Font Info:    Try loading font information for U+msa on input line 108.

(/usr/share/texlive/texmf-dist/tex/latex/amsfonts/umsa.fd
File: umsa.fd 2013/01/14 v3.01 AMS symbols A
)
LaTeX Font Info:    Try loading font information for U+msb on input line 108.

(/usr/share/texlive/texmf-dist/tex/latex/amsfonts/umsb.fd
File: umsb.fd 2013/01/14 v3.01 AMS symbols B
)
LaTeX Font Info:    Try loading font information for U+rsfs on input line 108.

(/usr/share/texlive/texmf-dist/tex/latex/jknapltx/ursfs.fd
File: ursfs.fd 1998/03/24 rsfs font definition file (jk)
)
LaTeX Font Info:    Try loading font information for OMS+cmr on input line 108.


(/usr/share/texlive/texmf-dist/tex/latex/base/omscmr.fd
File: omscmr.fd 2014/09/29 v2.5h Standard LaTeX font definitions
)
LaTeX Font Info:    Font shape `OMS/cmr/m/n' in size <8> not available
(Font)              Font shape `OMS/cmsy/m/n' tried instead on input line 108.
LaTeX Font Info:    Font shape `OMS/cmr/m/n' in size <6> not available
(Font)              Font shape `OMS/cmsy/m/n' tried instead on input line 108.
 [1

{/var/lib/texmf/fonts/map/pdftex/updmap/pdftex.map}] [2] [3] [4] [5] [6] [7] [8
] [9] [10] [11]
LaTeX Font Info:    Font shape `OMS/cmr/m/n' in size <10.95> not available
(Font)              Font shape `OMS/cmsy/m/n' tried instead on input line 1047.

Package epstopdf Info: Source file: <code/figure/50_uniform_t_dense.eps>
(epstopdf)                    date: 2019-03-16 20:57:04
(epstopdf)                    size: 12361 bytes
(epstopdf)             Output file: <code/figure/50_uniform_t_dense-eps-convert
ed-to.pdf>
(epstopdf)                    date: 2019-03-16 20:57:45
(epstopdf)                    size: 11014 bytes
(epstopdf)             Command: <repstopdf --outfile=code/figure/50_uniform_t_d
ense-eps-converted-to.pdf code/figure/50_uniform_t_dense.eps>
(epstopdf)             \includegraphics on input line 1068.
Package epstopdf Info: Output file is already uptodate.


pdfTeX warning: pdflatex (file ./code/figure/50_uniform_t_dense-eps-converted-t
o.pdf): PDF inclusion: found PDF version <1.7>, but at most version <1.5> allow
ed

<code/figure/50_uniform_t_dense-eps-converted-to.pdf, id=246, 458.71375pt x 281
.05pt>
File: code/figure/50_uniform_t_dense-eps-converted-to.pdf Graphic file (type pd
f)
 <use code/figure/50_uniform_t_dense-eps-converted-to.pdf>
Package pdftex.def Info: code/figure/50_uniform_t_dense-eps-converted-to.pdf us
ed on input line 1068.
(pdftex.def)             Requested size: 211.38832pt x 129.51613pt.
Package epstopdf Info: Source file: <code/figure/50_uniform_t_sparse.eps>
(epstopdf)                    date: 2019-03-16 20:57:04
(epstopdf)                    size: 12501 bytes
(epstopdf)             Output file: <code/figure/50_uniform_t_sparse-eps-conver
ted-to.pdf>
(epstopdf)                    date: 2019-03-16 20:57:45
(epstopdf)                    size: 11096 bytes
(epstopdf)             Command: <repstopdf --outfile=code/figure/50_uniform_t_s
parse-eps-converted-to.pdf code/figure/50_uniform_t_sparse.eps>
(epstopdf)             \includegraphics on input line 1071.
Package epstopdf Info: Output file is already uptodate.


pdfTeX warning: pdflatex (file ./code/figure/50_uniform_t_sparse-eps-converted-
to.pdf): PDF inclusion: found PDF version <1.7>, but at most version <1.5> allo
wed

<code/figure/50_uniform_t_sparse-eps-converted-to.pdf, id=247, 458.71375pt x 28
1.05pt>
File: code/figure/50_uniform_t_sparse-eps-converted-to.pdf Graphic file (type p
df)
 <use code/figure/50_uniform_t_sparse-eps-converted-to.pdf>
Package pdftex.def Info: code/figure/50_uniform_t_sparse-eps-converted-to.pdf u
sed on input line 1071.
(pdftex.def)             Requested size: 211.38832pt x 129.51613pt.
Package epstopdf Info: Source file: <code/figure/50_uniform_chi_dense.eps>
(epstopdf)                    date: 2019-03-16 20:57:05
(epstopdf)                    size: 12421 bytes
(epstopdf)             Output file: <code/figure/50_uniform_chi_dense-eps-conve
rted-to.pdf>
(epstopdf)                    date: 2019-03-16 20:57:45
(epstopdf)                    size: 11226 bytes
(epstopdf)             Command: <repstopdf --outfile=code/figure/50_uniform_chi
_dense-eps-converted-to.pdf code/figure/50_uniform_chi_dense.eps>
(epstopdf)             \includegraphics on input line 1075.
Package epstopdf Info: Output file is already uptodate.


pdfTeX warning: pdflatex (file ./code/figure/50_uniform_chi_dense-eps-converted
-to.pdf): PDF inclusion: found PDF version <1.7>, but at most version <1.5> all
owed

<code/figure/50_uniform_chi_dense-eps-converted-to.pdf, id=248, 458.71375pt x 2
81.05pt>
File: code/figure/50_uniform_chi_dense-eps-converted-to.pdf Graphic file (type 
pdf)
 <use code/figure/50_uniform_chi_dense-eps-converted-to.pdf>
Package pdftex.def Info: code/figure/50_uniform_chi_dense-eps-converted-to.pdf 
used on input line 1075.
(pdftex.def)             Requested size: 211.38832pt x 129.51613pt.
Package epstopdf Info: Source file: <code/figure/50_uniform_chi_sparse.eps>
(epstopdf)                    date: 2019-03-16 20:57:05
(epstopdf)                    size: 12498 bytes
(epstopdf)             Output file: <code/figure/50_uniform_chi_sparse-eps-conv
erted-to.pdf>
(epstopdf)                    date: 2019-03-16 20:57:46
(epstopdf)                    size: 11077 bytes
(epstopdf)             Command: <repstopdf --outfile=code/figure/50_uniform_chi
_sparse-eps-converted-to.pdf code/figure/50_uniform_chi_sparse.eps>
(epstopdf)             \includegraphics on input line 1078.
Package epstopdf Info: Output file is already uptodate.


pdfTeX warning: pdflatex (file ./code/figure/50_uniform_chi_sparse-eps-converte
d-to.pdf): PDF inclusion: found PDF version <1.7>, but at most version <1.5> al
lowed

<code/figure/50_uniform_chi_sparse-eps-converted-to.pdf, id=249, 458.71375pt x 
281.05pt>
File: code/figure/50_uniform_chi_sparse-eps-converted-to.pdf Graphic file (type
 pdf)
 <use code/figure/50_uniform_chi_sparse-eps-converted-to.pdf>
Package pdftex.def Info: code/figure/50_uniform_chi_sparse-eps-converted-to.pdf
 used on input line 1078.
(pdftex.def)             Requested size: 211.38832pt x 129.51613pt.
Package epstopdf Info: Source file: <code/figure/100_uniform_t_dense.eps>
(epstopdf)                    date: 2019-03-16 20:57:06
(epstopdf)                    size: 13070 bytes
(epstopdf)             Output file: <code/figure/100_uniform_t_dense-eps-conver
ted-to.pdf>
(epstopdf)                    date: 2019-03-16 20:57:46
(epstopdf)                    size: 12510 bytes
(epstopdf)             Command: <repstopdf --outfile=code/figure/100_uniform_t_
dense-eps-converted-to.pdf code/figure/100_uniform_t_dense.eps>
(epstopdf)             \includegraphics on input line 1082.
Package epstopdf Info: Output file is already uptodate.


pdfTeX warning: pdflatex (file ./code/figure/100_uniform_t_dense-eps-converted-
to.pdf): PDF inclusion: found PDF version <1.7>, but at most version <1.5> allo
wed

<code/figure/100_uniform_t_dense-eps-converted-to.pdf, id=250, 458.71375pt x 28
1.05pt>
File: code/figure/100_uniform_t_dense-eps-converted-to.pdf Graphic file (type p
df)
 <use code/figure/100_uniform_t_dense-eps-converted-to.pdf>
Package pdftex.def Info: code/figure/100_uniform_t_dense-eps-converted-to.pdf u
sed on input line 1082.
(pdftex.def)             Requested size: 211.38832pt x 129.51613pt.
Package epstopdf Info: Source file: <code/figure/100_uniform_t_sparse.eps>
(epstopdf)                    date: 2019-03-16 20:57:06
(epstopdf)                    size: 13665 bytes
(epstopdf)             Output file: <code/figure/100_uniform_t_sparse-eps-conve
rted-to.pdf>
(epstopdf)                    date: 2019-03-16 20:57:46
(epstopdf)                    size: 12854 bytes
(epstopdf)             Command: <repstopdf --outfile=code/figure/100_uniform_t_
sparse-eps-converted-to.pdf code/figure/100_uniform_t_sparse.eps>
(epstopdf)             \includegraphics on input line 1085.
Package epstopdf Info: Output file is already uptodate.


pdfTeX warning: pdflatex (file ./code/figure/100_uniform_t_sparse-eps-converted
-to.pdf): PDF inclusion: found PDF version <1.7>, but at most version <1.5> all
owed

<code/figure/100_uniform_t_sparse-eps-converted-to.pdf, id=251, 458.71375pt x 2
81.05pt>
File: code/figure/100_uniform_t_sparse-eps-converted-to.pdf Graphic file (type 
pdf)
 <use code/figure/100_uniform_t_sparse-eps-converted-to.pdf>
Package pdftex.def Info: code/figure/100_uniform_t_sparse-eps-converted-to.pdf 
used on input line 1085.
(pdftex.def)             Requested size: 211.38832pt x 129.51613pt.
Package epstopdf Info: Source file: <code/figure/100_uniform_chi_dense.eps>
(epstopdf)                    date: 2019-03-16 20:57:06
(epstopdf)                    size: 13343 bytes
(epstopdf)             Output file: <code/figure/100_uniform_chi_dense-eps-conv
erted-to.pdf>
(epstopdf)                    date: 2019-03-16 20:57:46
(epstopdf)                    size: 12355 bytes
(epstopdf)             Command: <repstopdf --outfile=code/figure/100_uniform_ch
i_dense-eps-converted-to.pdf code/figure/100_uniform_chi_dense.eps>
(epstopdf)             \includegraphics on input line 1089.
Package epstopdf Info: Output file is already uptodate.


pdfTeX warning: pdflatex (file ./code/figure/100_uniform_chi_dense-eps-converte
d-to.pdf): PDF inclusion: found PDF version <1.7>, but at most version <1.5> al
lowed

<code/figure/100_uniform_chi_dense-eps-converted-to.pdf, id=252, 458.71375pt x 
281.05pt>
File: code/figure/100_uniform_chi_dense-eps-converted-to.pdf Graphic file (type
 pdf)
 <use code/figure/100_uniform_chi_dense-eps-converted-to.pdf>
Package pdftex.def Info: code/figure/100_uniform_chi_dense-eps-converted-to.pdf
 used on input line 1089.
(pdftex.def)             Requested size: 211.38832pt x 129.51613pt.
Package epstopdf Info: Source file: <code/figure/100_uniform_chi_sparse.eps>
(epstopdf)                    date: 2019-03-16 20:57:07
(epstopdf)                    size: 12982 bytes
(epstopdf)             Output file: <code/figure/100_uniform_chi_sparse-eps-con
verted-to.pdf>
(epstopdf)                    date: 2019-03-16 20:57:47
(epstopdf)                    size: 11783 bytes
(epstopdf)             Command: <repstopdf --outfile=code/figure/100_uniform_ch
i_sparse-eps-converted-to.pdf code/figure/100_uniform_chi_sparse.eps>
(epstopdf)             \includegraphics on input line 1092.
Package epstopdf Info: Output file is already uptodate.


pdfTeX warning: pdflatex (file ./code/figure/100_uniform_chi_sparse-eps-convert
ed-to.pdf): PDF inclusion: found PDF version <1.7>, but at most version <1.5> a
llowed

<code/figure/100_uniform_chi_sparse-eps-converted-to.pdf, id=253, 458.71375pt x
 281.05pt>
File: code/figure/100_uniform_chi_sparse-eps-converted-to.pdf Graphic file (typ
e pdf)
 <use code/figure/100_uniform_chi_sparse-eps-converted-to.pdf>
Package pdftex.def Info: code/figure/100_uniform_chi_sparse-eps-converted-to.pd
f used on input line 1092.
(pdftex.def)             Requested size: 211.38832pt x 129.51613pt.


LaTeX Warning: Float too large for page by 3.28284pt on input line 1096.

Package epstopdf Info: Source file: <code/figure/50_equalCor_t_dense.eps>
(epstopdf)                    date: 2019-03-16 20:57:07
(epstopdf)                    size: 13232 bytes
(epstopdf)             Output file: <code/figure/50_equalCor_t_dense-eps-conver
ted-to.pdf>
(epstopdf)                    date: 2019-03-16 20:57:47
(epstopdf)                    size: 12482 bytes
(epstopdf)             Command: <repstopdf --outfile=code/figure/50_equalCor_t_
dense-eps-converted-to.pdf code/figure/50_equalCor_t_dense.eps>
(epstopdf)             \includegraphics on input line 1102.
Package epstopdf Info: Output file is already uptodate.


pdfTeX warning: pdflatex (file ./code/figure/50_equalCor_t_dense-eps-converted-
to.pdf): PDF inclusion: found PDF version <1.7>, but at most version <1.5> allo
wed

<code/figure/50_equalCor_t_dense-eps-converted-to.pdf, id=254, 458.71375pt x 28
1.05pt>
File: code/figure/50_equalCor_t_dense-eps-converted-to.pdf Graphic file (type p
df)
 <use code/figure/50_equalCor_t_dense-eps-converted-to.pdf>
Package pdftex.def Info: code/figure/50_equalCor_t_dense-eps-converted-to.pdf u
sed on input line 1102.
(pdftex.def)             Requested size: 211.38832pt x 129.51613pt.
Package epstopdf Info: Source file: <code/figure/50_equalCor_t_sparse.eps>
(epstopdf)                    date: 2019-03-16 20:57:07
(epstopdf)                    size: 12522 bytes
(epstopdf)             Output file: <code/figure/50_equalCor_t_sparse-eps-conve
rted-to.pdf>
(epstopdf)                    date: 2019-03-16 20:57:47
(epstopdf)                    size: 11432 bytes
(epstopdf)             Command: <repstopdf --outfile=code/figure/50_equalCor_t_
sparse-eps-converted-to.pdf code/figure/50_equalCor_t_sparse.eps>
(epstopdf)             \includegraphics on input line 1105.
Package epstopdf Info: Output file is already uptodate.


pdfTeX warning: pdflatex (file ./code/figure/50_equalCor_t_sparse-eps-converted
-to.pdf): PDF inclusion: found PDF version <1.7>, but at most version <1.5> all
owed

<code/figure/50_equalCor_t_sparse-eps-converted-to.pdf, id=255, 458.71375pt x 2
81.05pt>
File: code/figure/50_equalCor_t_sparse-eps-converted-to.pdf Graphic file (type 
pdf)
 <use code/figure/50_equalCor_t_sparse-eps-converted-to.pdf>
Package pdftex.def Info: code/figure/50_equalCor_t_sparse-eps-converted-to.pdf 
used on input line 1105.
(pdftex.def)             Requested size: 211.38832pt x 129.51613pt.
Package epstopdf Info: Source file: <code/figure/50_equalCor_chi_dense.eps>
(epstopdf)                    date: 2019-03-16 20:57:08
(epstopdf)                    size: 13050 bytes
(epstopdf)             Output file: <code/figure/50_equalCor_chi_dense-eps-conv
erted-to.pdf>
(epstopdf)                    date: 2019-03-16 20:57:48
(epstopdf)                    size: 12217 bytes
(epstopdf)             Command: <repstopdf --outfile=code/figure/50_equalCor_ch
i_dense-eps-converted-to.pdf code/figure/50_equalCor_chi_dense.eps>
(epstopdf)             \includegraphics on input line 1109.
Package epstopdf Info: Output file is already uptodate.


pdfTeX warning: pdflatex (file ./code/figure/50_equalCor_chi_dense-eps-converte
d-to.pdf): PDF inclusion: found PDF version <1.7>, but at most version <1.5> al
lowed

<code/figure/50_equalCor_chi_dense-eps-converted-to.pdf, id=256, 458.71375pt x 
281.05pt>
File: code/figure/50_equalCor_chi_dense-eps-converted-to.pdf Graphic file (type
 pdf)
 <use code/figure/50_equalCor_chi_dense-eps-converted-to.pdf>
Package pdftex.def Info: code/figure/50_equalCor_chi_dense-eps-converted-to.pdf
 used on input line 1109.
(pdftex.def)             Requested size: 211.38832pt x 129.51613pt.
Package epstopdf Info: Source file: <code/figure/50_equalCor_chi_sparse.eps>
(epstopdf)                    date: 2019-03-16 20:57:08
(epstopdf)                    size: 12816 bytes
(epstopdf)             Output file: <code/figure/50_equalCor_chi_sparse-eps-con
verted-to.pdf>
(epstopdf)                    date: 2019-03-16 20:57:48
(epstopdf)                    size: 11555 bytes
(epstopdf)             Command: <repstopdf --outfile=code/figure/50_equalCor_ch
i_sparse-eps-converted-to.pdf code/figure/50_equalCor_chi_sparse.eps>
(epstopdf)             \includegraphics on input line 1112.
Package epstopdf Info: Output file is already uptodate.


pdfTeX warning: pdflatex (file ./code/figure/50_equalCor_chi_sparse-eps-convert
ed-to.pdf): PDF inclusion: found PDF version <1.7>, but at most version <1.5> a
llowed

<code/figure/50_equalCor_chi_sparse-eps-converted-to.pdf, id=257, 458.71375pt x
 281.05pt>
File: code/figure/50_equalCor_chi_sparse-eps-converted-to.pdf Graphic file (typ
e pdf)
 <use code/figure/50_equalCor_chi_sparse-eps-converted-to.pdf>
Package pdftex.def Info: code/figure/50_equalCor_chi_sparse-eps-converted-to.pd
f used on input line 1112.
(pdftex.def)             Requested size: 211.38832pt x 129.51613pt.
Package epstopdf Info: Source file: <code/figure/100_equalCor_t_dense.eps>
(epstopdf)                    date: 2019-03-16 20:57:08
(epstopdf)                    size: 12503 bytes
(epstopdf)             Output file: <code/figure/100_equalCor_t_dense-eps-conve
rted-to.pdf>
(epstopdf)                    date: 2019-03-16 20:57:49
(epstopdf)                    size: 11172 bytes
(epstopdf)             Command: <repstopdf --outfile=code/figure/100_equalCor_t
_dense-eps-converted-to.pdf code/figure/100_equalCor_t_dense.eps>
(epstopdf)             \includegraphics on input line 1116.
Package epstopdf Info: Output file is already uptodate.


pdfTeX warning: pdflatex (file ./code/figure/100_equalCor_t_dense-eps-converted
-to.pdf): PDF inclusion: found PDF version <1.7>, but at most version <1.5> all
owed

<code/figure/100_equalCor_t_dense-eps-converted-to.pdf, id=258, 458.71375pt x 2
81.05pt>
File: code/figure/100_equalCor_t_dense-eps-converted-to.pdf Graphic file (type 
pdf)
 <use code/figure/100_equalCor_t_dense-eps-converted-to.pdf>
Package pdftex.def Info: code/figure/100_equalCor_t_dense-eps-converted-to.pdf 
used on input line 1116.
(pdftex.def)             Requested size: 211.38832pt x 129.51613pt.
Package epstopdf Info: Source file: <code/figure/100_equalCor_t_sparse.eps>
(epstopdf)                    date: 2019-03-16 20:57:09
(epstopdf)                    size: 12392 bytes
(epstopdf)             Output file: <code/figure/100_equalCor_t_sparse-eps-conv
erted-to.pdf>
(epstopdf)                    date: 2019-03-16 20:57:49
(epstopdf)                    size: 11046 bytes
(epstopdf)             Command: <repstopdf --outfile=code/figure/100_equalCor_t
_sparse-eps-converted-to.pdf code/figure/100_equalCor_t_sparse.eps>
(epstopdf)             \includegraphics on input line 1119.
Package epstopdf Info: Output file is already uptodate.


pdfTeX warning: pdflatex (file ./code/figure/100_equalCor_t_sparse-eps-converte
d-to.pdf): PDF inclusion: found PDF version <1.7>, but at most version <1.5> al
lowed

<code/figure/100_equalCor_t_sparse-eps-converted-to.pdf, id=259, 458.71375pt x 
281.05pt>
File: code/figure/100_equalCor_t_sparse-eps-converted-to.pdf Graphic file (type
 pdf)
 <use code/figure/100_equalCor_t_sparse-eps-converted-to.pdf>
Package pdftex.def Info: code/figure/100_equalCor_t_sparse-eps-converted-to.pdf
 used on input line 1119.
(pdftex.def)             Requested size: 211.38832pt x 129.51613pt.
Package epstopdf Info: Source file: <code/figure/100_equalCor_chi_dense.eps>
(epstopdf)                    date: 2019-03-16 20:57:09
(epstopdf)                    size: 12513 bytes
(epstopdf)             Output file: <code/figure/100_equalCor_chi_dense-eps-con
verted-to.pdf>
(epstopdf)                    date: 2019-03-16 20:57:49
(epstopdf)                    size: 11106 bytes
(epstopdf)             Command: <repstopdf --outfile=code/figure/100_equalCor_c
hi_dense-eps-converted-to.pdf code/figure/100_equalCor_chi_dense.eps>
(epstopdf)             \includegraphics on input line 1123.
Package epstopdf Info: Output file is already uptodate.


pdfTeX warning: pdflatex (file ./code/figure/100_equalCor_chi_dense-eps-convert
ed-to.pdf): PDF inclusion: found PDF version <1.7>, but at most version <1.5> a
llowed

<code/figure/100_equalCor_chi_dense-eps-converted-to.pdf, id=260, 458.71375pt x
 281.05pt>
File: code/figure/100_equalCor_chi_dense-eps-converted-to.pdf Graphic file (typ
e pdf)
 <use code/figure/100_equalCor_chi_dense-eps-converted-to.pdf>
Package pdftex.def Info: code/figure/100_equalCor_chi_dense-eps-converted-to.pd
f used on input line 1123.
(pdftex.def)             Requested size: 211.38832pt x 129.51613pt.
Package epstopdf Info: Source file: <code/figure/100_equalCor_chi_sparse.eps>
(epstopdf)                    date: 2019-03-16 20:57:09
(epstopdf)                    size: 12747 bytes
(epstopdf)             Output file: <code/figure/100_equalCor_chi_sparse-eps-co
nverted-to.pdf>
(epstopdf)                    date: 2019-03-16 20:57:50
(epstopdf)                    size: 11408 bytes
(epstopdf)             Command: <repstopdf --outfile=code/figure/100_equalCor_c
hi_sparse-eps-converted-to.pdf code/figure/100_equalCor_chi_sparse.eps>
(epstopdf)             \includegraphics on input line 1126.
Package epstopdf Info: Output file is already uptodate.


pdfTeX warning: pdflatex (file ./code/figure/100_equalCor_chi_sparse-eps-conver
ted-to.pdf): PDF inclusion: found PDF version <1.7>, but at most version <1.5> 
allowed

<code/figure/100_equalCor_chi_sparse-eps-converted-to.pdf, id=261, 458.71375pt 
x 281.05pt>
File: code/figure/100_equalCor_chi_sparse-eps-converted-to.pdf Graphic file (ty
pe pdf)
 <use code/figure/100_equalCor_chi_sparse-eps-converted-to.pdf>
Package pdftex.def Info: code/figure/100_equalCor_chi_sparse-eps-converted-to.p
df used on input line 1126.
(pdftex.def)             Requested size: 211.38832pt x 129.51613pt.


LaTeX Warning: Float too large for page by 3.28284pt on input line 1130.

Package epstopdf Info: Source file: <code/figure/50_factor_t_dense.eps>
(epstopdf)                    date: 2019-03-16 20:57:10
(epstopdf)                    size: 14854 bytes
(epstopdf)             Output file: <code/figure/50_factor_t_dense-eps-converte
d-to.pdf>
(epstopdf)                    date: 2019-03-16 20:57:50
(epstopdf)                    size: 15222 bytes
(epstopdf)             Command: <repstopdf --outfile=code/figure/50_factor_t_de
nse-eps-converted-to.pdf code/figure/50_factor_t_dense.eps>
(epstopdf)             \includegraphics on input line 1136.
Package epstopdf Info: Output file is already uptodate.


pdfTeX warning: pdflatex (file ./code/figure/50_factor_t_dense-eps-converted-to
.pdf): PDF inclusion: found PDF version <1.7>, but at most version <1.5> allowe
d

<code/figure/50_factor_t_dense-eps-converted-to.pdf, id=262, 458.71375pt x 281.
05pt>
File: code/figure/50_factor_t_dense-eps-converted-to.pdf Graphic file (type pdf
)
 <use code/figure/50_factor_t_dense-eps-converted-to.pdf>
Package pdftex.def Info: code/figure/50_factor_t_dense-eps-converted-to.pdf use
d on input line 1136.
(pdftex.def)             Requested size: 211.38832pt x 129.51613pt.
Package epstopdf Info: Source file: <code/figure/50_factor_t_sparse.eps>
(epstopdf)                    date: 2019-03-16 20:57:10
(epstopdf)                    size: 14928 bytes
(epstopdf)             Output file: <code/figure/50_factor_t_sparse-eps-convert
ed-to.pdf>
(epstopdf)                    date: 2019-03-16 20:57:50
(epstopdf)                    size: 15711 bytes
(epstopdf)             Command: <repstopdf --outfile=code/figure/50_factor_t_sp
arse-eps-converted-to.pdf code/figure/50_factor_t_sparse.eps>
(epstopdf)             \includegraphics on input line 1139.
Package epstopdf Info: Output file is already uptodate.


pdfTeX warning: pdflatex (file ./code/figure/50_factor_t_sparse-eps-converted-t
o.pdf): PDF inclusion: found PDF version <1.7>, but at most version <1.5> allow
ed

<code/figure/50_factor_t_sparse-eps-converted-to.pdf, id=263, 458.71375pt x 281
.05pt>
File: code/figure/50_factor_t_sparse-eps-converted-to.pdf Graphic file (type pd
f)
 <use code/figure/50_factor_t_sparse-eps-converted-to.pdf>
Package pdftex.def Info: code/figure/50_factor_t_sparse-eps-converted-to.pdf us
ed on input line 1139.
(pdftex.def)             Requested size: 211.38832pt x 129.51613pt.
Package epstopdf Info: Source file: <code/figure/50_factor_chi_dense.eps>
(epstopdf)                    date: 2019-03-16 20:57:11
(epstopdf)                    size: 13749 bytes
(epstopdf)             Output file: <code/figure/50_factor_chi_dense-eps-conver
ted-to.pdf>
(epstopdf)                    date: 2019-03-16 20:57:51
(epstopdf)                    size: 13574 bytes
(epstopdf)             Command: <repstopdf --outfile=code/figure/50_factor_chi_
dense-eps-converted-to.pdf code/figure/50_factor_chi_dense.eps>
(epstopdf)             \includegraphics on input line 1143.
Package epstopdf Info: Output file is already uptodate.


pdfTeX warning: pdflatex (file ./code/figure/50_factor_chi_dense-eps-converted-
to.pdf): PDF inclusion: found PDF version <1.7>, but at most version <1.5> allo
wed

<code/figure/50_factor_chi_dense-eps-converted-to.pdf, id=264, 458.71375pt x 28
1.05pt>
File: code/figure/50_factor_chi_dense-eps-converted-to.pdf Graphic file (type p
df)
 <use code/figure/50_factor_chi_dense-eps-converted-to.pdf>
Package pdftex.def Info: code/figure/50_factor_chi_dense-eps-converted-to.pdf u
sed on input line 1143.
(pdftex.def)             Requested size: 211.38832pt x 129.51613pt.
Package epstopdf Info: Source file: <code/figure/50_factor_chi_sparse.eps>
(epstopdf)                    date: 2019-03-16 20:57:11
(epstopdf)                    size: 14722 bytes
(epstopdf)             Output file: <code/figure/50_factor_chi_sparse-eps-conve
rted-to.pdf>
(epstopdf)                    date: 2019-03-16 20:57:51
(epstopdf)                    size: 15100 bytes
(epstopdf)             Command: <repstopdf --outfile=code/figure/50_factor_chi_
sparse-eps-converted-to.pdf code/figure/50_factor_chi_sparse.eps>
(epstopdf)             \includegraphics on input line 1146.
Package epstopdf Info: Output file is already uptodate.


pdfTeX warning: pdflatex (file ./code/figure/50_factor_chi_sparse-eps-converted
-to.pdf): PDF inclusion: found PDF version <1.7>, but at most version <1.5> all
owed

<code/figure/50_factor_chi_sparse-eps-converted-to.pdf, id=265, 458.71375pt x 2
81.05pt>
File: code/figure/50_factor_chi_sparse-eps-converted-to.pdf Graphic file (type 
pdf)
 <use code/figure/50_factor_chi_sparse-eps-converted-to.pdf>
Package pdftex.def Info: code/figure/50_factor_chi_sparse-eps-converted-to.pdf 
used on input line 1146.
(pdftex.def)             Requested size: 211.38832pt x 129.51613pt.
Package epstopdf Info: Source file: <code/figure/100_factor_t_dense.eps>
(epstopdf)                    date: 2019-03-16 20:57:11
(epstopdf)                    size: 13777 bytes
(epstopdf)             Output file: <code/figure/100_factor_t_dense-eps-convert
ed-to.pdf>
(epstopdf)                    date: 2019-03-16 20:57:51
(epstopdf)                    size: 13388 bytes
(epstopdf)             Command: <repstopdf --outfile=code/figure/100_factor_t_d
ense-eps-converted-to.pdf code/figure/100_factor_t_dense.eps>
(epstopdf)             \includegraphics on input line 1150.
Package epstopdf Info: Output file is already uptodate.


pdfTeX warning: pdflatex (file ./code/figure/100_factor_t_dense-eps-converted-t
o.pdf): PDF inclusion: found PDF version <1.7>, but at most version <1.5> allow
ed

<code/figure/100_factor_t_dense-eps-converted-to.pdf, id=266, 458.71375pt x 281
.05pt>
File: code/figure/100_factor_t_dense-eps-converted-to.pdf Graphic file (type pd
f)
 <use code/figure/100_factor_t_dense-eps-converted-to.pdf>
Package pdftex.def Info: code/figure/100_factor_t_dense-eps-converted-to.pdf us
ed on input line 1150.
(pdftex.def)             Requested size: 211.38832pt x 129.51613pt.
Package epstopdf Info: Source file: <code/figure/100_factor_t_sparse.eps>
(epstopdf)                    date: 2019-03-16 20:57:12
(epstopdf)                    size: 13726 bytes
(epstopdf)             Output file: <code/figure/100_factor_t_sparse-eps-conver
ted-to.pdf>
(epstopdf)                    date: 2019-03-16 20:57:52
(epstopdf)                    size: 13271 bytes
(epstopdf)             Command: <repstopdf --outfile=code/figure/100_factor_t_s
parse-eps-converted-to.pdf code/figure/100_factor_t_sparse.eps>
(epstopdf)             \includegraphics on input line 1153.
Package epstopdf Info: Output file is already uptodate.


pdfTeX warning: pdflatex (file ./code/figure/100_factor_t_sparse-eps-converted-
to.pdf): PDF inclusion: found PDF version <1.7>, but at most version <1.5> allo
wed

<code/figure/100_factor_t_sparse-eps-converted-to.pdf, id=267, 458.71375pt x 28
1.05pt>
File: code/figure/100_factor_t_sparse-eps-converted-to.pdf Graphic file (type p
df)
 <use code/figure/100_factor_t_sparse-eps-converted-to.pdf>
Package pdftex.def Info: code/figure/100_factor_t_sparse-eps-converted-to.pdf u
sed on input line 1153.
(pdftex.def)             Requested size: 211.38832pt x 129.51613pt.
Package epstopdf Info: Source file: <code/figure/100_factor_chi_dense.eps>
(epstopdf)                    date: 2019-03-16 20:57:12
(epstopdf)                    size: 13557 bytes
(epstopdf)             Output file: <code/figure/100_factor_chi_dense-eps-conve
rted-to.pdf>
(epstopdf)                    date: 2019-03-16 20:57:52
(epstopdf)                    size: 13065 bytes
(epstopdf)             Command: <repstopdf --outfile=code/figure/100_factor_chi
_dense-eps-converted-to.pdf code/figure/100_factor_chi_dense.eps>
(epstopdf)             \includegraphics on input line 1157.
Package epstopdf Info: Output file is already uptodate.


pdfTeX warning: pdflatex (file ./code/figure/100_factor_chi_dense-eps-converted
-to.pdf): PDF inclusion: found PDF version <1.7>, but at most version <1.5> all
owed

<code/figure/100_factor_chi_dense-eps-converted-to.pdf, id=268, 458.71375pt x 2
81.05pt>
File: code/figure/100_factor_chi_dense-eps-converted-to.pdf Graphic file (type 
pdf)
 <use code/figure/100_factor_chi_dense-eps-converted-to.pdf>
Package pdftex.def Info: code/figure/100_factor_chi_dense-eps-converted-to.pdf 
used on input line 1157.
(pdftex.def)             Requested size: 211.38832pt x 129.51613pt.
Package epstopdf Info: Source file: <code/figure/100_factor_chi_sparse.eps>
(epstopdf)                    date: 2019-03-16 20:57:13
(epstopdf)                    size: 13622 bytes
(epstopdf)             Output file: <code/figure/100_factor_chi_sparse-eps-conv
erted-to.pdf>
(epstopdf)                    date: 2019-03-16 20:57:52
(epstopdf)                    size: 13583 bytes
(epstopdf)             Command: <repstopdf --outfile=code/figure/100_factor_chi
_sparse-eps-converted-to.pdf code/figure/100_factor_chi_sparse.eps>
(epstopdf)             \includegraphics on input line 1160.
Package epstopdf Info: Output file is already uptodate.


pdfTeX warning: pdflatex (file ./code/figure/100_factor_chi_sparse-eps-converte
d-to.pdf): PDF inclusion: found PDF version <1.7>, but at most version <1.5> al
lowed

<code/figure/100_factor_chi_sparse-eps-converted-to.pdf, id=269, 458.71375pt x 
281.05pt>
File: code/figure/100_factor_chi_sparse-eps-converted-to.pdf Graphic file (type
 pdf)
 <use code/figure/100_factor_chi_sparse-eps-converted-to.pdf>
Package pdftex.def Info: code/figure/100_factor_chi_sparse-eps-converted-to.pdf
 used on input line 1160.
(pdftex.def)             Requested size: 211.38832pt x 129.51613pt.


LaTeX Warning: Float too large for page by 3.28284pt on input line 1164.

[12] [13 <./code/figure/50_uniform_t_dense-eps-converted-to.pdf> <./code/figure
/50_uniform_t_sparse-eps-converted-to.pdf> <./code/figure/50_uniform_chi_dense-
eps-converted-to.pdf> <./code/figure/50_uniform_chi_sparse-eps-converted-to.pdf
> <./code/figure/100_uniform_t_dense-eps-converted-to.pdf> <./code/figure/100_u
niform_t_sparse-eps-converted-to.pdf> <./code/figure/100_uniform_chi_dense-eps-
converted-to.pdf> <./code/figure/100_uniform_chi_sparse-eps-converted-to.pdf>]
[14 <./code/figure/50_equalCor_t_dense-eps-converted-to.pdf> <./code/figure/50_
equalCor_t_sparse-eps-converted-to.pdf> <./code/figure/50_equalCor_chi_dense-ep
s-converted-to.pdf> <./code/figure/50_equalCor_chi_sparse-eps-converted-to.pdf>
 <./code/figure/100_equalCor_t_dense-eps-converted-to.pdf> <./code/figure/100_e
qualCor_t_sparse-eps-converted-to.pdf> <./code/figure/100_equalCor_chi_dense-ep
s-converted-to.pdf> <./code/figure/100_equalCor_chi_sparse-eps-converted-to.pdf
>] [15 <./code/figure/50_factor_t_dense-eps-converted-to.pdf> <./code/figure/50
_factor_t_sparse-eps-converted-to.pdf> <./code/figure/50_factor_chi_dense-eps-c
onverted-to.pdf> <./code/figure/50_factor_chi_sparse-eps-converted-to.pdf> <./c
ode/figure/100_factor_t_dense-eps-converted-to.pdf> <./code/figure/100_factor_t
_sparse-eps-converted-to.pdf> <./code/figure/100_factor_chi_dense-eps-converted
-to.pdf> <./code/figure/100_factor_chi_sparse-eps-converted-to.pdf>] [16]
[17] [18] [19] [20] [21]
Overfull \hbox (18.80147pt too wide) in paragraph at lines 1964--1968
[]\OT1/cmr/m/n/10.95 From [[], The-o-rem 2.1], one can ob-tain the ex-plicit fo
rms of $[] []$
 []

[22]
Overfull \hbox (12.88023pt too wide) in paragraph at lines 2037--2042
\OT1/cmr/m/n/10.95 In what fol-lows, we as-sume $\OML/cmm/m/it/10.95 c \OMS/cms
y/m/n/10.95 2 \OT1/cmr/m/n/10.95 (0\OML/cmm/m/it/10.95 ; \OT1/cmr/m/n/10.95 +\O
MS/cmsy/m/n/10.95 1\OT1/cmr/m/n/10.95 )$. By Helly se-lec-tion the-o-rem, we ca
n as-sume $[][] \OMS/cmsy/m/n/10.95 j\OML/cmm/m/it/10.95 b[]\OMS/cmsy/m/n/10.95
 j\OML/cmm/m/it/10.95 =\OMS/cmsy/m/n/10.95 k\OT1/cmr/bx/n/10.95 b\OMS/cmsy/m/n/
10.95 k \OT1/cmr/m/n/10.95 =
 []

[23]
Overfull \hbox (5.92715pt too wide) in paragraph at lines 2170--2179
\OT1/cmr/m/n/10.95 Note that $[][] []$ is in-de-pen-dent of $[][] \OML/cmm/m/it
/10.95 b[]z[]$ \OT1/cmr/m/n/10.95 and $[][] \OML/cmm/m/it/10.95 b[]z[] \OMS/cms
y/m/n/10.95 ^^X N\OT1/cmr/m/n/10.95 (0\OML/cmm/m/it/10.95 ; [][] b[]\OT1/cmr/m/
n/10.95 )$.
 []

[24] (./main.bbl [25] [26] [27])
Package atveryend Info: Empty hook `BeforeClearDocument' on input line 2486.
 [28]
Package atveryend Info: Empty hook `AfterLastShipout' on input line 2486.
 (./main.aux)
Package atveryend Info: Executing hook `AtVeryEndDocument' on input line 2486.
Package atveryend Info: Executing hook `AtEndAfterFileList' on input line 2486.

Package rerunfilecheck Info: File `main.out' has not changed.
(rerunfilecheck)             Checksum: 48E02D1B466318B0F7EAAA3160DAB830;394.
Package atveryend Info: Empty hook `AtVeryVeryEnd' on input line 2486.
 ) 
Here is how much of TeX's memory you used:
 9410 strings out of 493029
 136358 string characters out of 6136233
 251839 words of memory out of 5000000
 12608 multiletter control sequences out of 15000+600000
 21156 words of font info for 79 fonts, out of 8000000 for 9000
 1141 hyphenation exceptions out of 8191
 35i,22n,36p,1015b,485s stack positions out of 5000i,500n,10000p,200000b,80000s
</usr/share/texlive/texmf-dist/fonts/type1/public/amsfonts/cm/cmbx10.pfb></us
r/share/texlive/texmf-dist/fonts/type1/public/amsfonts/cm/cmbx12.pfb></usr/shar
e/texlive/texmf-dist/fonts/type1/public/amsfonts/cm/cmbxti10.pfb></usr/share/te
xlive/texmf-dist/fonts/type1/public/amsfonts/cm/cmex10.pfb></usr/share/texlive/
texmf-dist/fonts/type1/public/amsfonts/cm/cmmi10.pfb></usr/share/texlive/texmf-
dist/fonts/type1/public/amsfonts/cm/cmmi6.pfb></usr/share/texlive/texmf-dist/fo
nts/type1/public/amsfonts/cm/cmmi8.pfb></usr/share/texlive/texmf-dist/fonts/typ
e1/public/amsfonts/cm/cmmi9.pfb></usr/share/texlive/texmf-dist/fonts/type1/publ
ic/amsfonts/cm/cmmib10.pfb></usr/share/texlive/texmf-dist/fonts/type1/public/am
sfonts/cmextra/cmmib9.pfb></usr/share/texlive/texmf-dist/fonts/type1/public/ams
fonts/cm/cmr10.pfb></usr/share/texlive/texmf-dist/fonts/type1/public/amsfonts/c
m/cmr12.pfb></usr/share/texlive/texmf-dist/fonts/type1/public/amsfonts/cm/cmr17
.pfb></usr/share/texlive/texmf-dist/fonts/type1/public/amsfonts/cm/cmr6.pfb></u
sr/share/texlive/texmf-dist/fonts/type1/public/amsfonts/cm/cmr8.pfb></usr/share
/texlive/texmf-dist/fonts/type1/public/amsfonts/cm/cmr9.pfb></usr/share/texlive
/texmf-dist/fonts/type1/public/amsfonts/cm/cmsy10.pfb></usr/share/texlive/texmf
-dist/fonts/type1/public/amsfonts/cm/cmsy6.pfb></usr/share/texlive/texmf-dist/f
onts/type1/public/amsfonts/cm/cmsy8.pfb></usr/share/texlive/texmf-dist/fonts/ty
pe1/public/amsfonts/cm/cmsy9.pfb></usr/share/texlive/texmf-dist/fonts/type1/pub
lic/amsfonts/cm/cmti10.pfb></usr/share/texlive/texmf-dist/fonts/type1/public/am
sfonts/symbols/msam10.pfb></usr/share/texlive/texmf-dist/fonts/type1/public/ams
fonts/symbols/msam7.pfb></usr/share/texlive/texmf-dist/fonts/type1/public/amsfo
nts/symbols/msbm10.pfb></usr/share/texlive/texmf-dist/fonts/type1/public/rsfs/r
sfs10.pfb>
Output written on main.pdf (28 pages, 606449 bytes).
PDF statistics:
 705 PDF objects out of 1000 (max. 8388607)
 572 compressed objects within 6 object streams
 131 named destinations out of 1000 (max. 500000)
 177 words of extra memory for PDF output out of 10000 (max. 10000000)

