This is pdfTeX, Version 3.14159265-2.6-1.40.16 (TeX Live 2015/Debian) (preloaded format=pdflatex 2018.10.15)  25 JAN 2019 11:27
entering extended mode
 restricted \write18 enabled.
 %&-line parsing enabled.
**main
(./main.tex
LaTeX2e <2016/02/01>
Babel <3.9q> and hyphenation patterns for 81 language(s) loaded.
(./imsart.cls
Document Class: imsart 2010/04/27 driver class for package imsart.sty
(/usr/share/texlive/texmf-dist/tex/latex/base/article.cls
Document Class: article 2014/09/29 v1.4h Standard LaTeX document class
(/usr/share/texlive/texmf-dist/tex/latex/base/size10.clo
File: size10.clo 2014/09/29 v1.4h Standard LaTeX file (size option)
)
\c@part=\count79
\c@section=\count80
\c@subsection=\count81
\c@subsubsection=\count82
\c@paragraph=\count83
\c@subparagraph=\count84
\c@figure=\count85
\c@table=\count86
\abovecaptionskip=\skip41
\belowcaptionskip=\skip42
\bibindent=\dimen102
) (./imsart.sty
File: imsart.sty 2014/10/16IMS article style (VS)

No file imsart.cnf.
\c@firstpage=\count87
\c@lastpage=\count88
\c@thanks=\count89
\c@addressref=\count90
(/usr/share/texlive/texmf-dist/tex/latex/graphics/keyval.sty
Package: keyval 2014/10/28 v1.15 key=value parser (DPC)
\KV@toks@=\toks14
)
\c@emailref=\count91
\c@author=\count92
\c@address=\count93
\sv@mathsurround=\dimen103
\sv@parindent=\dimen104
\fm@box=\box26
\fm@size=\dimen105
\t@xtheight=\dimen106
\abstract@box=\box27
\keyword@box=\box28
\pre@kwd@depth=\dimen107
\authors@list=\toks15
\keywords@list=\toks16

No file imsart-bj.cnf.
)) (/usr/share/texlive/texmf-dist/tex/latex/amscls/amsthm.sty
Package: amsthm 2015/03/04 v2.20.2
\thm@style=\toks17
\thm@bodyfont=\toks18
\thm@headfont=\toks19
\thm@notefont=\toks20
\thm@headpunct=\toks21
\thm@preskip=\skip43
\thm@postskip=\skip44
\thm@headsep=\skip45
\dth@everypar=\toks22
)
(/usr/share/texlive/texmf-dist/tex/latex/amsmath/amsmath.sty
Package: amsmath 2016/03/03 v2.15a AMS math features
\@mathmargin=\skip46

For additional information on amsmath, use the `?' option.
(/usr/share/texlive/texmf-dist/tex/latex/amsmath/amstext.sty
Package: amstext 2000/06/29 v2.01 AMS text

(/usr/share/texlive/texmf-dist/tex/latex/amsmath/amsgen.sty
File: amsgen.sty 1999/11/30 v2.0 generic functions
\@emptytoks=\toks23
\ex@=\dimen108
))
(/usr/share/texlive/texmf-dist/tex/latex/amsmath/amsbsy.sty
Package: amsbsy 1999/11/29 v1.2d Bold Symbols
\pmbraise@=\dimen109
)
(/usr/share/texlive/texmf-dist/tex/latex/amsmath/amsopn.sty
Package: amsopn 1999/12/14 v2.01 operator names
)
\inf@bad=\count94
LaTeX Info: Redefining \frac on input line 199.
\uproot@=\count95
\leftroot@=\count96
LaTeX Info: Redefining \overline on input line 297.
\classnum@=\count97
\DOTSCASE@=\count98
LaTeX Info: Redefining \ldots on input line 394.
LaTeX Info: Redefining \dots on input line 397.
LaTeX Info: Redefining \cdots on input line 518.
\Mathstrutbox@=\box29
\strutbox@=\box30
\big@size=\dimen110
LaTeX Font Info:    Redeclaring font encoding OML on input line 630.
LaTeX Font Info:    Redeclaring font encoding OMS on input line 631.
\macc@depth=\count99
\c@MaxMatrixCols=\count100
\dotsspace@=\muskip10
\c@parentequation=\count101
\dspbrk@lvl=\count102
\tag@help=\toks24
\row@=\count103
\column@=\count104
\maxfields@=\count105
\andhelp@=\toks25
\eqnshift@=\dimen111
\alignsep@=\dimen112
\tagshift@=\dimen113
\tagwidth@=\dimen114
\totwidth@=\dimen115
\lineht@=\dimen116
\@envbody=\toks26
\multlinegap=\skip47
\multlinetaggap=\skip48
\mathdisplay@stack=\toks27
LaTeX Info: Redefining \[ on input line 2735.
LaTeX Info: Redefining \] on input line 2736.
)
(/usr/share/texlive/texmf-dist/tex/latex/hyperref/hyperref.sty
Package: hyperref 2012/11/06 v6.83m Hypertext links for LaTeX

(/usr/share/texlive/texmf-dist/tex/generic/oberdiek/hobsub-hyperref.sty
Package: hobsub-hyperref 2012/05/28 v1.13 Bundle oberdiek, subset hyperref (HO)


(/usr/share/texlive/texmf-dist/tex/generic/oberdiek/hobsub-generic.sty
Package: hobsub-generic 2012/05/28 v1.13 Bundle oberdiek, subset generic (HO)
Package: hobsub 2012/05/28 v1.13 Construct package bundles (HO)
Package: infwarerr 2010/04/08 v1.3 Providing info/warning/error messages (HO)
Package: ltxcmds 2011/11/09 v1.22 LaTeX kernel commands for general use (HO)
Package: ifluatex 2010/03/01 v1.3 Provides the ifluatex switch (HO)
Package ifluatex Info: LuaTeX not detected.
Package: ifvtex 2010/03/01 v1.5 Detect VTeX and its facilities (HO)
Package ifvtex Info: VTeX not detected.
Package: intcalc 2007/09/27 v1.1 Expandable calculations with integers (HO)
Package: ifpdf 2011/01/30 v2.3 Provides the ifpdf switch (HO)
Package ifpdf Info: pdfTeX in PDF mode is detected.
Package: etexcmds 2011/02/16 v1.5 Avoid name clashes with e-TeX commands (HO)
Package etexcmds Info: Could not find \expanded.
(etexcmds)             That can mean that you are not using pdfTeX 1.50 or
(etexcmds)             that some package has redefined \expanded.
(etexcmds)             In the latter case, load this package earlier.
Package: kvsetkeys 2012/04/25 v1.16 Key value parser (HO)
Package: kvdefinekeys 2011/04/07 v1.3 Define keys (HO)
Package: pdftexcmds 2011/11/29 v0.20 Utility functions of pdfTeX for LuaTeX (HO
)
Package pdftexcmds Info: LuaTeX not detected.
Package pdftexcmds Info: \pdf@primitive is available.
Package pdftexcmds Info: \pdf@ifprimitive is available.
Package pdftexcmds Info: \pdfdraftmode found.
Package: pdfescape 2011/11/25 v1.13 Implements pdfTeX's escape features (HO)
Package: bigintcalc 2012/04/08 v1.3 Expandable calculations on big integers (HO
)
Package: bitset 2011/01/30 v1.1 Handle bit-vector datatype (HO)
Package: uniquecounter 2011/01/30 v1.2 Provide unlimited unique counter (HO)
)
Package hobsub Info: Skipping package `hobsub' (already loaded).
Package: letltxmacro 2010/09/02 v1.4 Let assignment for LaTeX macros (HO)
Package: hopatch 2012/05/28 v1.2 Wrapper for package hooks (HO)
Package: xcolor-patch 2011/01/30 xcolor patch
Package: atveryend 2011/06/30 v1.8 Hooks at the very end of document (HO)
Package atveryend Info: \old@enddocument detected (standard20110627).
Package: atbegshi 2011/10/05 v1.16 At begin shipout hook (HO)
Package: refcount 2011/10/16 v3.4 Data extraction from label references (HO)
Package: hycolor 2011/01/30 v1.7 Color options for hyperref/bookmark (HO)
)
(/usr/share/texlive/texmf-dist/tex/generic/ifxetex/ifxetex.sty
Package: ifxetex 2010/09/12 v0.6 Provides ifxetex conditional
)
(/usr/share/texlive/texmf-dist/tex/latex/oberdiek/auxhook.sty
Package: auxhook 2011/03/04 v1.3 Hooks for auxiliary files (HO)
)
(/usr/share/texlive/texmf-dist/tex/latex/oberdiek/kvoptions.sty
Package: kvoptions 2011/06/30 v3.11 Key value format for package options (HO)
)
\@linkdim=\dimen117
\Hy@linkcounter=\count106
\Hy@pagecounter=\count107

(/usr/share/texlive/texmf-dist/tex/latex/hyperref/pd1enc.def
File: pd1enc.def 2012/11/06 v6.83m Hyperref: PDFDocEncoding definition (HO)
)
\Hy@SavedSpaceFactor=\count108

(/usr/share/texlive/texmf-dist/tex/latex/latexconfig/hyperref.cfg
File: hyperref.cfg 2002/06/06 v1.2 hyperref configuration of TeXLive
)
Package hyperref Info: Option `colorlinks' set `true' on input line 4319.


Package hyperref Warning: Option `pagecolor' is not available anymore.

Package hyperref Info: Option `linktocpage' set `true' on input line 4319.
Package hyperref Info: Option `colorlinks' set `true' on input line 4319.
Package hyperref Info: Hyper figures OFF on input line 4443.
Package hyperref Info: Link nesting OFF on input line 4448.
Package hyperref Info: Hyper index ON on input line 4451.
Package hyperref Info: Plain pages OFF on input line 4458.
Package hyperref Info: Backreferencing OFF on input line 4463.
Package hyperref Info: Implicit mode ON; LaTeX internals redefined.
Package hyperref Info: Bookmarks ON on input line 4688.
\c@Hy@tempcnt=\count109
(/usr/share/texlive/texmf-dist/tex/latex/url/url.sty
\Urlmuskip=\muskip11
Package: url 2013/09/16  ver 3.4  Verb mode for urls, etc.
)
LaTeX Info: Redefining \url on input line 5041.
\XeTeXLinkMargin=\dimen118
\Fld@menulength=\count110
\Field@Width=\dimen119
\Fld@charsize=\dimen120
Package hyperref Info: Hyper figures OFF on input line 6295.
Package hyperref Info: Link nesting OFF on input line 6300.
Package hyperref Info: Hyper index ON on input line 6303.
Package hyperref Info: backreferencing OFF on input line 6310.
Package hyperref Info: Link coloring ON on input line 6313.
Package hyperref Info: Link coloring with OCG OFF on input line 6320.
Package hyperref Info: PDF/A mode OFF on input line 6325.
LaTeX Info: Redefining \ref on input line 6365.
LaTeX Info: Redefining \pageref on input line 6369.
\Hy@abspage=\count111
\c@Item=\count112
\c@Hfootnote=\count113
)

Package hyperref Message: Driver (autodetected): hpdftex.

(/usr/share/texlive/texmf-dist/tex/latex/hyperref/hpdftex.def
File: hpdftex.def 2012/11/06 v6.83m Hyperref driver for pdfTeX
\Fld@listcount=\count114
\c@bookmark@seq@number=\count115

(/usr/share/texlive/texmf-dist/tex/latex/oberdiek/rerunfilecheck.sty
Package: rerunfilecheck 2011/04/15 v1.7 Rerun checks for auxiliary files (HO)
Package uniquecounter Info: New unique counter `rerunfilecheck' on input line 2
82.
)
\Hy@SectionHShift=\skip49
)
(/usr/share/texlive/texmf-dist/tex/latex/natbib/natbib.sty
Package: natbib 2010/09/13 8.31b (PWD, AO)
\bibhang=\skip50
\bibsep=\skip51
LaTeX Info: Redefining \cite on input line 694.
\c@NAT@ctr=\count116
)
(/usr/share/texlive/texmf-dist/tex/latex/galois/galois.sty
Package: galois 2005/03/19 v1.05, Galois connections, Patrick.Cousot@ens.fr
\@GALOISalphadepth=\skip52
\@GALOISalphaheight=\skip53
\@GALOISgammadepth=\skip54
\@GALOISwidth=\skip55
\@GALOISheight=\skip56
\@GALOISdepth=\skip57
\@GALOIStotalheight=\skip58
\@GALOISGap=\skip59
\@GALOISalphaarrowwidth=\skip60
\@GALOISalphaarrowhalfheight=\skip61
\@GALOISgammaarrowwidth=\skip62
\@GALOISgammaarrowhalfheight=\skip63
)
(/usr/share/texlive/texmf-dist/tex/latex/tools/bm.sty
Package: bm 2014/10/28 v1.1c Bold Symbol Support (DPC/FMi)
\symboldoperators=\mathgroup4
\symboldletters=\mathgroup5
\symboldsymbols=\mathgroup6
LaTeX Font Info:    Redeclaring math alphabet \mathbf on input line 141.
LaTeX Info: Redefining \bm on input line 207.
)
(/usr/share/texlive/texmf-dist/tex/latex/amsfonts/amssymb.sty
Package: amssymb 2013/01/14 v3.01 AMS font symbols

(/usr/share/texlive/texmf-dist/tex/latex/amsfonts/amsfonts.sty
Package: amsfonts 2013/01/14 v3.01 Basic AMSFonts support


Package amsfonts Warning: The 'psamsfonts' option is obsolete in AMSFonts v3.

\symAMSa=\mathgroup7
\symAMSb=\mathgroup8
LaTeX Font Info:    Overwriting math alphabet `\mathfrak' in version `bold'
(Font)                  U/euf/m/n --> U/euf/b/n on input line 106.
)) (/usr/share/texlive/texmf-dist/tex/latex/jknapltx/mathrsfs.sty
Package: mathrsfs 1996/01/01 Math RSFS package v1.0 (jk)
\symrsfs=\mathgroup9
)
(/usr/share/texlive/texmf-dist/tex/latex/graphics/graphicx.sty
Package: graphicx 2014/10/28 v1.0g Enhanced LaTeX Graphics (DPC,SPQR)

(/usr/share/texlive/texmf-dist/tex/latex/graphics/graphics.sty
Package: graphics 2016/01/03 v1.0q Standard LaTeX Graphics (DPC,SPQR)

(/usr/share/texlive/texmf-dist/tex/latex/graphics/trig.sty
Package: trig 2016/01/03 v1.10 sin cos tan (DPC)
)
(/usr/share/texlive/texmf-dist/tex/latex/latexconfig/graphics.cfg
File: graphics.cfg 2010/04/23 v1.9 graphics configuration of TeX Live
)
Package graphics Info: Driver file: pdftex.def on input line 95.

(/usr/share/texlive/texmf-dist/tex/latex/pdftex-def/pdftex.def
File: pdftex.def 2011/05/27 v0.06d Graphics/color for pdfTeX
\Gread@gobject=\count117
))
\Gin@req@height=\dimen121
\Gin@req@width=\dimen122
)
(/usr/share/texlive/texmf-dist/tex/latex/graphics/color.sty
Package: color 2016/01/03 v1.1b Standard LaTeX Color (DPC)

(/usr/share/texlive/texmf-dist/tex/latex/latexconfig/color.cfg
File: color.cfg 2007/01/18 v1.5 color configuration of teTeX/TeXLive
)
Package color Info: Driver file: pdftex.def on input line 143.
)
(/usr/share/texlive/texmf-dist/tex/latex/booktabs/booktabs.sty
Package: booktabs 2005/04/14 v1.61803 publication quality tables
\heavyrulewidth=\dimen123
\lightrulewidth=\dimen124
\cmidrulewidth=\dimen125
\belowrulesep=\dimen126
\belowbottomsep=\dimen127
\aboverulesep=\dimen128
\abovetopsep=\dimen129
\cmidrulesep=\dimen130
\cmidrulekern=\dimen131
\defaultaddspace=\dimen132
\@cmidla=\count118
\@cmidlb=\count119
\@aboverulesep=\dimen133
\@belowrulesep=\dimen134
\@thisruleclass=\count120
\@lastruleclass=\count121
\@thisrulewidth=\dimen135
)
(/usr/share/texlive/texmf-dist/tex/latex/appendix/appendix.sty
Package: appendix 2009/09/02 v1.2b extra appendix facilities
\c@@pps=\count122
\c@@ppsavesec=\count123
\c@@ppsaveapp=\count124
)
(/usr/share/texlive/texmf-dist/tex/latex/tools/enumerate.sty
Package: enumerate 2015/07/23 v3.00 enumerate extensions (DPC)
\@enLab=\toks28
)
(/usr/share/texlive/texmf-dist/tex/latex/changepage/changepage.sty
Package: changepage 2009/10/20 v1.0c check page and change page layout
\c@cp@cntr=\count125
\cp@tempcnt=\count126
)
(/usr/share/texlive/texmf-dist/tex/latex/subfigure/subfigure.sty
Package: subfigure 2002/03/15 v2.1.5 subfigure package
\subfigtopskip=\skip64
\subfigcapskip=\skip65
\subfigcaptopadj=\dimen136
\subfigbottomskip=\skip66
\subfigcapmargin=\dimen137
\subfiglabelskip=\skip67
\c@subfigure=\count127
\c@lofdepth=\count128
\c@subtable=\count129
\c@lotdepth=\count130

****************************************
* Local config file subfigure.cfg used *
****************************************
(/usr/share/texlive/texmf-dist/tex/latex/subfigure/subfigure.cfg)
\subfig@top=\skip68
\subfig@bottom=\skip69
)
\c@theorem=\count131
\c@proposition=\count132
\c@corollary=\count133
\c@lemma=\count134
\c@example=\count135
\c@assumption=\count136
\c@condition=\count137
\c@definition=\count138
\c@remark=\count139
 (./main.aux

LaTeX Warning: Label `athanks' multiply defined.


LaTeX Warning: Label `bthanks' multiply defined.

)
\openout1 = `main.aux'.

LaTeX Font Info:    Checking defaults for OML/cmm/m/it on input line 94.
LaTeX Font Info:    ... okay on input line 94.
LaTeX Font Info:    Checking defaults for T1/cmr/m/n on input line 94.
LaTeX Font Info:    ... okay on input line 94.
LaTeX Font Info:    Checking defaults for OT1/cmr/m/n on input line 94.
LaTeX Font Info:    ... okay on input line 94.
LaTeX Font Info:    Checking defaults for OMS/cmsy/m/n on input line 94.
LaTeX Font Info:    ... okay on input line 94.
LaTeX Font Info:    Checking defaults for OMX/cmex/m/n on input line 94.
LaTeX Font Info:    ... okay on input line 94.
LaTeX Font Info:    Checking defaults for U/cmr/m/n on input line 94.
LaTeX Font Info:    ... okay on input line 94.
LaTeX Font Info:    Checking defaults for PD1/pdf/m/n on input line 94.
LaTeX Font Info:    ... okay on input line 94.
\AtBeginShipoutBox=\box31
Package hyperref Info: Link coloring ON on input line 94.
 (/usr/share/texlive/texmf-dist/tex/latex/hyperref/nameref.sty
Package: nameref 2012/10/27 v2.43 Cross-referencing by name of section

(/usr/share/texlive/texmf-dist/tex/generic/oberdiek/gettitlestring.sty
Package: gettitlestring 2010/12/03 v1.4 Cleanup title references (HO)
)
\c@section@level=\count140
)
LaTeX Info: Redefining \ref on input line 94.
LaTeX Info: Redefining \pageref on input line 94.
LaTeX Info: Redefining \nameref on input line 94.

(./main.out) (./main.out)
\@outlinefile=\write3
\openout3 = `main.out'.


(/usr/share/texlive/texmf-dist/tex/context/base/supp-pdf.mkii
[Loading MPS to PDF converter (version 2006.09.02).]
\scratchcounter=\count141
\scratchdimen=\dimen138
\scratchbox=\box32
\nofMPsegments=\count142
\nofMParguments=\count143
\everyMPshowfont=\toks29
\MPscratchCnt=\count144
\MPscratchDim=\dimen139
\MPnumerator=\count145
\makeMPintoPDFobject=\count146
\everyMPtoPDFconversion=\toks30
) (/usr/share/texlive/texmf-dist/tex/latex/oberdiek/epstopdf-base.sty
Package: epstopdf-base 2010/02/09 v2.5 Base part for package epstopdf

(/usr/share/texlive/texmf-dist/tex/latex/oberdiek/grfext.sty
Package: grfext 2010/08/19 v1.1 Manage graphics extensions (HO)
)
Package grfext Info: Graphics extension search list:
(grfext)             [.png,.pdf,.jpg,.mps,.jpeg,.jbig2,.jb2,.PNG,.PDF,.JPG,.JPE
G,.JBIG2,.JB2,.eps]
(grfext)             \AppendGraphicsExtensions on input line 452.

(/usr/share/texlive/texmf-dist/tex/latex/latexconfig/epstopdf-sys.cfg
File: epstopdf-sys.cfg 2010/07/13 v1.3 Configuration of (r)epstopdf for TeX Liv
e
))
LaTeX Font Info:    Try loading font information for U+msa on input line 107.

(/usr/share/texlive/texmf-dist/tex/latex/amsfonts/umsa.fd
File: umsa.fd 2013/01/14 v3.01 AMS symbols A
)
LaTeX Font Info:    Try loading font information for U+msb on input line 107.

(/usr/share/texlive/texmf-dist/tex/latex/amsfonts/umsb.fd
File: umsb.fd 2013/01/14 v3.01 AMS symbols B
)
LaTeX Font Info:    Try loading font information for U+rsfs on input line 107.

(/usr/share/texlive/texmf-dist/tex/latex/jknapltx/ursfs.fd
File: ursfs.fd 1998/03/24 rsfs font definition file (jk)
)
Underfull \hbox (badness 10000) has occurred while \output is active

 []

[1{/var/lib/texmf/fonts/map/pdftex/updmap/pdftex.map}

] [2]
Overfull \hbox (1.0542pt too wide) in paragraph at lines 254--258
[][]  \OT1/cmr/bx/n/10 As-sump-tion 1. []\OT1/cmr/m/it/10 In the lin-ear model 
[], sup-pose $\OML/cmm/b/it/10 ^^O \OT1/cmr/m/n/10 = (\OML/cmm/m/it/10 ^^O[]; [
] ; ^^O[]\OT1/cmr/m/n/10 )[]$ \OT1/cmr/m/it/10 where $\OML/cmm/m/it/10 ^^O[]; [
] ; ^^O[]$
 []


Overfull \hbox (17.73119pt too wide) in paragraph at lines 281--285
[][]  \OT1/cmr/bx/n/10 Propo-si-tion 1. []\OT1/cmr/m/it/10 Sup-pose As-sump-tio
n [][]1[][] holds. Fur-ther-more, as-sume $\OML/cmm/b/it/10 ^^O \OMS/cmsy/m/n/1
0 ^^X N[]\OT1/cmr/m/n/10 (0\OML/cmm/m/it/10 ; ^^^[]\OT1/cmr/bx/n/10 I[]\OT1/cmr
/m/n/10 )$\OT1/cmr/m/it/10 .
 []


Overfull \hbox (15.64377pt too wide) in paragraph at lines 289--290
[]\OT1/cmr/m/it/10 If $\OML/cmm/m/it/10 '\OT1/cmr/m/n/10 (\OT1/cmr/bx/n/10 y\OT
1/cmr/m/n/10 )$ \OT1/cmr/m/it/10 is non-ran-dom, then for ev-ery $\OML/cmm/m/it
/10 M > \OT1/cmr/m/n/10 0$\OT1/cmr/m/it/10 , there ex-ists a pa-ram-e-ter $\OML
/cmm/m/it/10 ^^R \OT1/cmr/m/n/10 = (\OML/cmm/b/it/10 ^^L[]\OML/cmm/m/it/10 ; \O
ML/cmm/b/it/10 ^^L[]\OML/cmm/m/it/10 ; ^^^\OT1/cmr/m/n/10 )[] \OMS/cmsy/m/n/10 
2
 []

[3] [4]
Overfull \hbox (17.82434pt too wide) in paragraph at lines 501--510
\OT1/cmr/m/n/10 in-deed nor-mally dis-tributed, then un-der the null hy-poth-e-
sis, $\OML/cmm/m/it/10 T \OMS/cmsy/m/n/10 ^^X ^^@[]\OML/cmm/m/it/10 =[]$\OT1/cm
r/m/n/10 ,
 []

[5] [6] [7] [8] [9] [10] [11]
LaTeX Font Info:    Try loading font information for OMS+cmr on input line 1082
.

(/usr/share/texlive/texmf-dist/tex/latex/base/omscmr.fd
File: omscmr.fd 2014/09/29 v2.5h Standard LaTeX font definitions
)
LaTeX Font Info:    Font shape `OMS/cmr/m/n' in size <10> not available
(Font)              Font shape `OMS/cmsy/m/n' tried instead on input line 1082.

Package epstopdf Info: Source file: <code/figure/50_uniform_t_dense.eps>
(epstopdf)                    date: 2019-01-24 13:39:27
(epstopdf)                    size: 12806 bytes
(epstopdf)             Output file: <code/figure/50_uniform_t_dense-eps-convert
ed-to.pdf>
(epstopdf)                    date: 2019-01-25 11:25:18
(epstopdf)                    size: 11519 bytes
(epstopdf)             Command: <repstopdf --outfile=code/figure/50_uniform_t_d
ense-eps-converted-to.pdf code/figure/50_uniform_t_dense.eps>
(epstopdf)             \includegraphics on input line 1103.
Package epstopdf Info: Output file is already uptodate.


pdfTeX warning: pdflatex (file ./code/figure/50_uniform_t_dense-eps-converted-t
o.pdf): PDF inclusion: found PDF version <1.7>, but at most version <1.5> allow
ed

<code/figure/50_uniform_t_dense-eps-converted-to.pdf, id=273, 458.71375pt x 281
.05pt>
File: code/figure/50_uniform_t_dense-eps-converted-to.pdf Graphic file (type pd
f)
 <use code/figure/50_uniform_t_dense-eps-converted-to.pdf>
Package pdftex.def Info: code/figure/50_uniform_t_dense-eps-converted-to.pdf us
ed on input line 1103.
(pdftex.def)             Requested size: 172.79883pt x 105.8738pt.
Package epstopdf Info: Source file: <code/figure/50_uniform_t_sparse.eps>
(epstopdf)                    date: 2019-01-24 13:39:27
(epstopdf)                    size: 12801 bytes
(epstopdf)             Output file: <code/figure/50_uniform_t_sparse-eps-conver
ted-to.pdf>
(epstopdf)                    date: 2019-01-25 11:25:19
(epstopdf)                    size: 11516 bytes
(epstopdf)             Command: <repstopdf --outfile=code/figure/50_uniform_t_s
parse-eps-converted-to.pdf code/figure/50_uniform_t_sparse.eps>
(epstopdf)             \includegraphics on input line 1106.
Package epstopdf Info: Output file is already uptodate.


pdfTeX warning: pdflatex (file ./code/figure/50_uniform_t_sparse-eps-converted-
to.pdf): PDF inclusion: found PDF version <1.7>, but at most version <1.5> allo
wed

<code/figure/50_uniform_t_sparse-eps-converted-to.pdf, id=274, 458.71375pt x 28
1.05pt>
File: code/figure/50_uniform_t_sparse-eps-converted-to.pdf Graphic file (type p
df)
 <use code/figure/50_uniform_t_sparse-eps-converted-to.pdf>
Package pdftex.def Info: code/figure/50_uniform_t_sparse-eps-converted-to.pdf u
sed on input line 1106.
(pdftex.def)             Requested size: 172.79883pt x 105.8738pt.
Package epstopdf Info: Source file: <code/figure/50_uniform_chi_dense.eps>
(epstopdf)                    date: 2019-01-24 13:39:28
(epstopdf)                    size: 12671 bytes
(epstopdf)             Output file: <code/figure/50_uniform_chi_dense-eps-conve
rted-to.pdf>
(epstopdf)                    date: 2019-01-25 11:25:19
(epstopdf)                    size: 11576 bytes
(epstopdf)             Command: <repstopdf --outfile=code/figure/50_uniform_chi
_dense-eps-converted-to.pdf code/figure/50_uniform_chi_dense.eps>
(epstopdf)             \includegraphics on input line 1110.
Package epstopdf Info: Output file is already uptodate.


pdfTeX warning: pdflatex (file ./code/figure/50_uniform_chi_dense-eps-converted
-to.pdf): PDF inclusion: found PDF version <1.7>, but at most version <1.5> all
owed

<code/figure/50_uniform_chi_dense-eps-converted-to.pdf, id=275, 458.71375pt x 2
81.05pt>
File: code/figure/50_uniform_chi_dense-eps-converted-to.pdf Graphic file (type 
pdf)
 <use code/figure/50_uniform_chi_dense-eps-converted-to.pdf>
Package pdftex.def Info: code/figure/50_uniform_chi_dense-eps-converted-to.pdf 
used on input line 1110.
(pdftex.def)             Requested size: 172.79883pt x 105.8738pt.
Package epstopdf Info: Source file: <code/figure/50_uniform_chi_sparse.eps>
(epstopdf)                    date: 2019-01-24 13:39:28
(epstopdf)                    size: 12196 bytes
(epstopdf)             Output file: <code/figure/50_uniform_chi_sparse-eps-conv
erted-to.pdf>
(epstopdf)                    date: 2019-01-25 11:25:19
(epstopdf)                    size: 10962 bytes
(epstopdf)             Command: <repstopdf --outfile=code/figure/50_uniform_chi
_sparse-eps-converted-to.pdf code/figure/50_uniform_chi_sparse.eps>
(epstopdf)             \includegraphics on input line 1113.
Package epstopdf Info: Output file is already uptodate.


pdfTeX warning: pdflatex (file ./code/figure/50_uniform_chi_sparse-eps-converte
d-to.pdf): PDF inclusion: found PDF version <1.7>, but at most version <1.5> al
lowed

<code/figure/50_uniform_chi_sparse-eps-converted-to.pdf, id=276, 458.71375pt x 
281.05pt>
File: code/figure/50_uniform_chi_sparse-eps-converted-to.pdf Graphic file (type
 pdf)
 <use code/figure/50_uniform_chi_sparse-eps-converted-to.pdf>
Package pdftex.def Info: code/figure/50_uniform_chi_sparse-eps-converted-to.pdf
 used on input line 1113.
(pdftex.def)             Requested size: 172.79883pt x 105.8738pt.
Package epstopdf Info: Source file: <code/figure/100_uniform_t_dense.eps>
(epstopdf)                    date: 2019-01-24 13:39:29
(epstopdf)                    size: 13581 bytes
(epstopdf)             Output file: <code/figure/100_uniform_t_dense-eps-conver
ted-to.pdf>
(epstopdf)                    date: 2019-01-25 11:25:20
(epstopdf)                    size: 12683 bytes
(epstopdf)             Command: <repstopdf --outfile=code/figure/100_uniform_t_
dense-eps-converted-to.pdf code/figure/100_uniform_t_dense.eps>
(epstopdf)             \includegraphics on input line 1117.
Package epstopdf Info: Output file is already uptodate.


pdfTeX warning: pdflatex (file ./code/figure/100_uniform_t_dense-eps-converted-
to.pdf): PDF inclusion: found PDF version <1.7>, but at most version <1.5> allo
wed

<code/figure/100_uniform_t_dense-eps-converted-to.pdf, id=277, 458.71375pt x 28
1.05pt>
File: code/figure/100_uniform_t_dense-eps-converted-to.pdf Graphic file (type p
df)
 <use code/figure/100_uniform_t_dense-eps-converted-to.pdf>
Package pdftex.def Info: code/figure/100_uniform_t_dense-eps-converted-to.pdf u
sed on input line 1117.
(pdftex.def)             Requested size: 172.79883pt x 105.8738pt.
Package epstopdf Info: Source file: <code/figure/100_uniform_t_sparse.eps>
(epstopdf)                    date: 2019-01-24 13:39:29
(epstopdf)                    size: 12704 bytes
(epstopdf)             Output file: <code/figure/100_uniform_t_sparse-eps-conve
rted-to.pdf>
(epstopdf)                    date: 2019-01-25 11:25:20
(epstopdf)                    size: 11628 bytes
(epstopdf)             Command: <repstopdf --outfile=code/figure/100_uniform_t_
sparse-eps-converted-to.pdf code/figure/100_uniform_t_sparse.eps>
(epstopdf)             \includegraphics on input line 1120.
Package epstopdf Info: Output file is already uptodate.


pdfTeX warning: pdflatex (file ./code/figure/100_uniform_t_sparse-eps-converted
-to.pdf): PDF inclusion: found PDF version <1.7>, but at most version <1.5> all
owed

<code/figure/100_uniform_t_sparse-eps-converted-to.pdf, id=278, 458.71375pt x 2
81.05pt>
File: code/figure/100_uniform_t_sparse-eps-converted-to.pdf Graphic file (type 
pdf)
 <use code/figure/100_uniform_t_sparse-eps-converted-to.pdf>
Package pdftex.def Info: code/figure/100_uniform_t_sparse-eps-converted-to.pdf 
used on input line 1120.
(pdftex.def)             Requested size: 172.79883pt x 105.8738pt.
Package epstopdf Info: Source file: <code/figure/100_uniform_chi_dense.eps>
(epstopdf)                    date: 2019-01-24 13:39:30
(epstopdf)                    size: 13580 bytes
(epstopdf)             Output file: <code/figure/100_uniform_chi_dense-eps-conv
erted-to.pdf>
(epstopdf)                    date: 2019-01-25 11:25:20
(epstopdf)                    size: 12686 bytes
(epstopdf)             Command: <repstopdf --outfile=code/figure/100_uniform_ch
i_dense-eps-converted-to.pdf code/figure/100_uniform_chi_dense.eps>
(epstopdf)             \includegraphics on input line 1124.
Package epstopdf Info: Output file is already uptodate.


pdfTeX warning: pdflatex (file ./code/figure/100_uniform_chi_dense-eps-converte
d-to.pdf): PDF inclusion: found PDF version <1.7>, but at most version <1.5> al
lowed

<code/figure/100_uniform_chi_dense-eps-converted-to.pdf, id=279, 458.71375pt x 
281.05pt>
File: code/figure/100_uniform_chi_dense-eps-converted-to.pdf Graphic file (type
 pdf)
 <use code/figure/100_uniform_chi_dense-eps-converted-to.pdf>
Package pdftex.def Info: code/figure/100_uniform_chi_dense-eps-converted-to.pdf
 used on input line 1124.
(pdftex.def)             Requested size: 172.79883pt x 105.8738pt.
Package epstopdf Info: Source file: <code/figure/100_uniform_chi_sparse.eps>
(epstopdf)                    date: 2019-01-24 13:39:30
(epstopdf)                    size: 12358 bytes
(epstopdf)             Output file: <code/figure/100_uniform_chi_sparse-eps-con
verted-to.pdf>
(epstopdf)                    date: 2019-01-25 11:25:21
(epstopdf)                    size: 10998 bytes
(epstopdf)             Command: <repstopdf --outfile=code/figure/100_uniform_ch
i_sparse-eps-converted-to.pdf code/figure/100_uniform_chi_sparse.eps>
(epstopdf)             \includegraphics on input line 1127.
Package epstopdf Info: Output file is already uptodate.


pdfTeX warning: pdflatex (file ./code/figure/100_uniform_chi_sparse-eps-convert
ed-to.pdf): PDF inclusion: found PDF version <1.7>, but at most version <1.5> a
llowed

<code/figure/100_uniform_chi_sparse-eps-converted-to.pdf, id=280, 458.71375pt x
 281.05pt>
File: code/figure/100_uniform_chi_sparse-eps-converted-to.pdf Graphic file (typ
e pdf)
 <use code/figure/100_uniform_chi_sparse-eps-converted-to.pdf>
Package pdftex.def Info: code/figure/100_uniform_chi_sparse-eps-converted-to.pd
f used on input line 1127.
(pdftex.def)             Requested size: 172.79883pt x 105.8738pt.


LaTeX Warning: Float too large for page by 22.79187pt on input line 1131.

Package epstopdf Info: Source file: <code/figure/50_equalCor_t_dense.eps>
(epstopdf)                    date: 2019-01-25 09:29:53
(epstopdf)                    size: 12880 bytes
(epstopdf)             Output file: <code/figure/50_equalCor_t_dense-eps-conver
ted-to.pdf>
(epstopdf)                    date: 2019-01-25 11:25:21
(epstopdf)                    size: 11745 bytes
(epstopdf)             Command: <repstopdf --outfile=code/figure/50_equalCor_t_
dense-eps-converted-to.pdf code/figure/50_equalCor_t_dense.eps>
(epstopdf)             \includegraphics on input line 1137.
Package epstopdf Info: Output file is already uptodate.


pdfTeX warning: pdflatex (file ./code/figure/50_equalCor_t_dense-eps-converted-
to.pdf): PDF inclusion: found PDF version <1.7>, but at most version <1.5> allo
wed

<code/figure/50_equalCor_t_dense-eps-converted-to.pdf, id=281, 458.71375pt x 28
1.05pt>
File: code/figure/50_equalCor_t_dense-eps-converted-to.pdf Graphic file (type p
df)
 <use code/figure/50_equalCor_t_dense-eps-converted-to.pdf>
Package pdftex.def Info: code/figure/50_equalCor_t_dense-eps-converted-to.pdf u
sed on input line 1137.
(pdftex.def)             Requested size: 172.79883pt x 105.8738pt.
Package epstopdf Info: Source file: <code/figure/50_equalCor_t_sparse.eps>
(epstopdf)                    date: 2019-01-25 09:29:53
(epstopdf)                    size: 12601 bytes
(epstopdf)             Output file: <code/figure/50_equalCor_t_sparse-eps-conve
rted-to.pdf>
(epstopdf)                    date: 2019-01-25 11:25:21
(epstopdf)                    size: 11309 bytes
(epstopdf)             Command: <repstopdf --outfile=code/figure/50_equalCor_t_
sparse-eps-converted-to.pdf code/figure/50_equalCor_t_sparse.eps>
(epstopdf)             \includegraphics on input line 1140.
Package epstopdf Info: Output file is already uptodate.


pdfTeX warning: pdflatex (file ./code/figure/50_equalCor_t_sparse-eps-converted
-to.pdf): PDF inclusion: found PDF version <1.7>, but at most version <1.5> all
owed

<code/figure/50_equalCor_t_sparse-eps-converted-to.pdf, id=282, 458.71375pt x 2
81.05pt>
File: code/figure/50_equalCor_t_sparse-eps-converted-to.pdf Graphic file (type 
pdf)
 <use code/figure/50_equalCor_t_sparse-eps-converted-to.pdf>
Package pdftex.def Info: code/figure/50_equalCor_t_sparse-eps-converted-to.pdf 
used on input line 1140.
(pdftex.def)             Requested size: 172.79883pt x 105.8738pt.
Package epstopdf Info: Source file: <code/figure/50_equalCor_chi_dense.eps>
(epstopdf)                    date: 2019-01-25 09:29:53
(epstopdf)                    size: 12996 bytes
(epstopdf)             Output file: <code/figure/50_equalCor_chi_dense-eps-conv
erted-to.pdf>
(epstopdf)                    date: 2019-01-25 11:25:21
(epstopdf)                    size: 11982 bytes
(epstopdf)             Command: <repstopdf --outfile=code/figure/50_equalCor_ch
i_dense-eps-converted-to.pdf code/figure/50_equalCor_chi_dense.eps>
(epstopdf)             \includegraphics on input line 1144.
Package epstopdf Info: Output file is already uptodate.


pdfTeX warning: pdflatex (file ./code/figure/50_equalCor_chi_dense-eps-converte
d-to.pdf): PDF inclusion: found PDF version <1.7>, but at most version <1.5> al
lowed

<code/figure/50_equalCor_chi_dense-eps-converted-to.pdf, id=283, 458.71375pt x 
281.05pt>
File: code/figure/50_equalCor_chi_dense-eps-converted-to.pdf Graphic file (type
 pdf)
 <use code/figure/50_equalCor_chi_dense-eps-converted-to.pdf>
Package pdftex.def Info: code/figure/50_equalCor_chi_dense-eps-converted-to.pdf
 used on input line 1144.
(pdftex.def)             Requested size: 172.79883pt x 105.8738pt.
Package epstopdf Info: Source file: <code/figure/50_equalCor_chi_sparse.eps>
(epstopdf)                    date: 2019-01-25 09:29:54
(epstopdf)                    size: 12639 bytes
(epstopdf)             Output file: <code/figure/50_equalCor_chi_sparse-eps-con
verted-to.pdf>
(epstopdf)                    date: 2019-01-25 11:25:22
(epstopdf)                    size: 11508 bytes
(epstopdf)             Command: <repstopdf --outfile=code/figure/50_equalCor_ch
i_sparse-eps-converted-to.pdf code/figure/50_equalCor_chi_sparse.eps>
(epstopdf)             \includegraphics on input line 1147.
Package epstopdf Info: Output file is already uptodate.


pdfTeX warning: pdflatex (file ./code/figure/50_equalCor_chi_sparse-eps-convert
ed-to.pdf): PDF inclusion: found PDF version <1.7>, but at most version <1.5> a
llowed

<code/figure/50_equalCor_chi_sparse-eps-converted-to.pdf, id=284, 458.71375pt x
 281.05pt>
File: code/figure/50_equalCor_chi_sparse-eps-converted-to.pdf Graphic file (typ
e pdf)
 <use code/figure/50_equalCor_chi_sparse-eps-converted-to.pdf>
Package pdftex.def Info: code/figure/50_equalCor_chi_sparse-eps-converted-to.pd
f used on input line 1147.
(pdftex.def)             Requested size: 172.79883pt x 105.8738pt.
Package epstopdf Info: Source file: <code/figure/100_equalCor_t_dense.eps>
(epstopdf)                    date: 2019-01-25 09:29:54
(epstopdf)                    size: 12343 bytes
(epstopdf)             Output file: <code/figure/100_equalCor_t_dense-eps-conve
rted-to.pdf>
(epstopdf)                    date: 2019-01-25 11:25:22
(epstopdf)                    size: 11055 bytes
(epstopdf)             Command: <repstopdf --outfile=code/figure/100_equalCor_t
_dense-eps-converted-to.pdf code/figure/100_equalCor_t_dense.eps>
(epstopdf)             \includegraphics on input line 1151.
Package epstopdf Info: Output file is already uptodate.


pdfTeX warning: pdflatex (file ./code/figure/100_equalCor_t_dense-eps-converted
-to.pdf): PDF inclusion: found PDF version <1.7>, but at most version <1.5> all
owed

<code/figure/100_equalCor_t_dense-eps-converted-to.pdf, id=285, 458.71375pt x 2
81.05pt>
File: code/figure/100_equalCor_t_dense-eps-converted-to.pdf Graphic file (type 
pdf)
 <use code/figure/100_equalCor_t_dense-eps-converted-to.pdf>
Package pdftex.def Info: code/figure/100_equalCor_t_dense-eps-converted-to.pdf 
used on input line 1151.
(pdftex.def)             Requested size: 172.79883pt x 105.8738pt.
Package epstopdf Info: Source file: <code/figure/100_equalCor_t_sparse.eps>
(epstopdf)                    date: 2019-01-25 09:29:54
(epstopdf)                    size: 12431 bytes
(epstopdf)             Output file: <code/figure/100_equalCor_t_sparse-eps-conv
erted-to.pdf>
(epstopdf)                    date: 2019-01-25 11:25:22
(epstopdf)                    size: 11179 bytes
(epstopdf)             Command: <repstopdf --outfile=code/figure/100_equalCor_t
_sparse-eps-converted-to.pdf code/figure/100_equalCor_t_sparse.eps>
(epstopdf)             \includegraphics on input line 1154.
Package epstopdf Info: Output file is already uptodate.


pdfTeX warning: pdflatex (file ./code/figure/100_equalCor_t_sparse-eps-converte
d-to.pdf): PDF inclusion: found PDF version <1.7>, but at most version <1.5> al
lowed

<code/figure/100_equalCor_t_sparse-eps-converted-to.pdf, id=286, 458.71375pt x 
281.05pt>
File: code/figure/100_equalCor_t_sparse-eps-converted-to.pdf Graphic file (type
 pdf)
 <use code/figure/100_equalCor_t_sparse-eps-converted-to.pdf>
Package pdftex.def Info: code/figure/100_equalCor_t_sparse-eps-converted-to.pdf
 used on input line 1154.
(pdftex.def)             Requested size: 172.79883pt x 105.8738pt.
Package epstopdf Info: Source file: <code/figure/100_equalCor_chi_dense.eps>
(epstopdf)                    date: 2019-01-25 09:29:55
(epstopdf)                    size: 12623 bytes
(epstopdf)             Output file: <code/figure/100_equalCor_chi_dense-eps-con
verted-to.pdf>
(epstopdf)                    date: 2019-01-25 11:25:23
(epstopdf)                    size: 11417 bytes
(epstopdf)             Command: <repstopdf --outfile=code/figure/100_equalCor_c
hi_dense-eps-converted-to.pdf code/figure/100_equalCor_chi_dense.eps>
(epstopdf)             \includegraphics on input line 1158.
Package epstopdf Info: Output file is already uptodate.


pdfTeX warning: pdflatex (file ./code/figure/100_equalCor_chi_dense-eps-convert
ed-to.pdf): PDF inclusion: found PDF version <1.7>, but at most version <1.5> a
llowed

<code/figure/100_equalCor_chi_dense-eps-converted-to.pdf, id=287, 458.71375pt x
 281.05pt>
File: code/figure/100_equalCor_chi_dense-eps-converted-to.pdf Graphic file (typ
e pdf)
 <use code/figure/100_equalCor_chi_dense-eps-converted-to.pdf>
Package pdftex.def Info: code/figure/100_equalCor_chi_dense-eps-converted-to.pd
f used on input line 1158.
(pdftex.def)             Requested size: 172.79883pt x 105.8738pt.
Package epstopdf Info: Source file: <code/figure/100_equalCor_chi_sparse.eps>
(epstopdf)                    date: 2019-01-25 09:29:55
(epstopdf)                    size: 12760 bytes
(epstopdf)             Output file: <code/figure/100_equalCor_chi_sparse-eps-co
nverted-to.pdf>
(epstopdf)                    date: 2019-01-25 11:25:23
(epstopdf)                    size: 11504 bytes
(epstopdf)             Command: <repstopdf --outfile=code/figure/100_equalCor_c
hi_sparse-eps-converted-to.pdf code/figure/100_equalCor_chi_sparse.eps>
(epstopdf)             \includegraphics on input line 1161.
Package epstopdf Info: Output file is already uptodate.


pdfTeX warning: pdflatex (file ./code/figure/100_equalCor_chi_sparse-eps-conver
ted-to.pdf): PDF inclusion: found PDF version <1.7>, but at most version <1.5> 
allowed

<code/figure/100_equalCor_chi_sparse-eps-converted-to.pdf, id=288, 458.71375pt 
x 281.05pt>
File: code/figure/100_equalCor_chi_sparse-eps-converted-to.pdf Graphic file (ty
pe pdf)
 <use code/figure/100_equalCor_chi_sparse-eps-converted-to.pdf>
Package pdftex.def Info: code/figure/100_equalCor_chi_sparse-eps-converted-to.p
df used on input line 1161.
(pdftex.def)             Requested size: 172.79883pt x 105.8738pt.


LaTeX Warning: Float too large for page by 22.79187pt on input line 1165.

Package epstopdf Info: Source file: <code/figure/50_factor_t_dense.eps>
(epstopdf)                    date: 2019-01-24 13:39:19
(epstopdf)                    size: 15023 bytes
(epstopdf)             Output file: <code/figure/50_factor_t_dense-eps-converte
d-to.pdf>
(epstopdf)                    date: 2019-01-25 11:25:23
(epstopdf)                    size: 15851 bytes
(epstopdf)             Command: <repstopdf --outfile=code/figure/50_factor_t_de
nse-eps-converted-to.pdf code/figure/50_factor_t_dense.eps>
(epstopdf)             \includegraphics on input line 1171.
Package epstopdf Info: Output file is already uptodate.


pdfTeX warning: pdflatex (file ./code/figure/50_factor_t_dense-eps-converted-to
.pdf): PDF inclusion: found PDF version <1.7>, but at most version <1.5> allowe
d

<code/figure/50_factor_t_dense-eps-converted-to.pdf, id=289, 458.71375pt x 281.
05pt>
File: code/figure/50_factor_t_dense-eps-converted-to.pdf Graphic file (type pdf
)
 <use code/figure/50_factor_t_dense-eps-converted-to.pdf>
Package pdftex.def Info: code/figure/50_factor_t_dense-eps-converted-to.pdf use
d on input line 1171.
(pdftex.def)             Requested size: 172.79883pt x 105.8738pt.
Package epstopdf Info: Source file: <code/figure/50_factor_t_sparse.eps>
(epstopdf)                    date: 2019-01-24 13:39:19
(epstopdf)                    size: 14251 bytes
(epstopdf)             Output file: <code/figure/50_factor_t_sparse-eps-convert
ed-to.pdf>
(epstopdf)                    date: 2019-01-25 11:25:24
(epstopdf)                    size: 14539 bytes
(epstopdf)             Command: <repstopdf --outfile=code/figure/50_factor_t_sp
arse-eps-converted-to.pdf code/figure/50_factor_t_sparse.eps>
(epstopdf)             \includegraphics on input line 1174.
Package epstopdf Info: Output file is already uptodate.


pdfTeX warning: pdflatex (file ./code/figure/50_factor_t_sparse-eps-converted-t
o.pdf): PDF inclusion: found PDF version <1.7>, but at most version <1.5> allow
ed

<code/figure/50_factor_t_sparse-eps-converted-to.pdf, id=290, 458.71375pt x 281
.05pt>
File: code/figure/50_factor_t_sparse-eps-converted-to.pdf Graphic file (type pd
f)
 <use code/figure/50_factor_t_sparse-eps-converted-to.pdf>
Package pdftex.def Info: code/figure/50_factor_t_sparse-eps-converted-to.pdf us
ed on input line 1174.
(pdftex.def)             Requested size: 172.79883pt x 105.8738pt.
Package epstopdf Info: Source file: <code/figure/50_factor_chi_dense.eps>
(epstopdf)                    date: 2019-01-24 13:39:20
(epstopdf)                    size: 14680 bytes
(epstopdf)             Output file: <code/figure/50_factor_chi_dense-eps-conver
ted-to.pdf>
(epstopdf)                    date: 2019-01-25 11:25:24
(epstopdf)                    size: 15170 bytes
(epstopdf)             Command: <repstopdf --outfile=code/figure/50_factor_chi_
dense-eps-converted-to.pdf code/figure/50_factor_chi_dense.eps>
(epstopdf)             \includegraphics on input line 1178.
Package epstopdf Info: Output file is already uptodate.


pdfTeX warning: pdflatex (file ./code/figure/50_factor_chi_dense-eps-converted-
to.pdf): PDF inclusion: found PDF version <1.7>, but at most version <1.5> allo
wed

<code/figure/50_factor_chi_dense-eps-converted-to.pdf, id=291, 458.71375pt x 28
1.05pt>
File: code/figure/50_factor_chi_dense-eps-converted-to.pdf Graphic file (type p
df)
 <use code/figure/50_factor_chi_dense-eps-converted-to.pdf>
Package pdftex.def Info: code/figure/50_factor_chi_dense-eps-converted-to.pdf u
sed on input line 1178.
(pdftex.def)             Requested size: 172.79883pt x 105.8738pt.
Package epstopdf Info: Source file: <code/figure/50_factor_chi_sparse.eps>
(epstopdf)                    date: 2019-01-24 13:39:21
(epstopdf)                    size: 15004 bytes
(epstopdf)             Output file: <code/figure/50_factor_chi_sparse-eps-conve
rted-to.pdf>
(epstopdf)                    date: 2019-01-25 11:25:24
(epstopdf)                    size: 15795 bytes
(epstopdf)             Command: <repstopdf --outfile=code/figure/50_factor_chi_
sparse-eps-converted-to.pdf code/figure/50_factor_chi_sparse.eps>
(epstopdf)             \includegraphics on input line 1181.
Package epstopdf Info: Output file is already uptodate.


pdfTeX warning: pdflatex (file ./code/figure/50_factor_chi_sparse-eps-converted
-to.pdf): PDF inclusion: found PDF version <1.7>, but at most version <1.5> all
owed

<code/figure/50_factor_chi_sparse-eps-converted-to.pdf, id=292, 458.71375pt x 2
81.05pt>
File: code/figure/50_factor_chi_sparse-eps-converted-to.pdf Graphic file (type 
pdf)
 <use code/figure/50_factor_chi_sparse-eps-converted-to.pdf>
Package pdftex.def Info: code/figure/50_factor_chi_sparse-eps-converted-to.pdf 
used on input line 1181.
(pdftex.def)             Requested size: 172.79883pt x 105.8738pt.
Package epstopdf Info: Source file: <code/figure/100_factor_t_dense.eps>
(epstopdf)                    date: 2019-01-24 13:39:21
(epstopdf)                    size: 13685 bytes
(epstopdf)             Output file: <code/figure/100_factor_t_dense-eps-convert
ed-to.pdf>
(epstopdf)                    date: 2019-01-25 11:25:24
(epstopdf)                    size: 12962 bytes
(epstopdf)             Command: <repstopdf --outfile=code/figure/100_factor_t_d
ense-eps-converted-to.pdf code/figure/100_factor_t_dense.eps>
(epstopdf)             \includegraphics on input line 1185.
Package epstopdf Info: Output file is already uptodate.


pdfTeX warning: pdflatex (file ./code/figure/100_factor_t_dense-eps-converted-t
o.pdf): PDF inclusion: found PDF version <1.7>, but at most version <1.5> allow
ed

<code/figure/100_factor_t_dense-eps-converted-to.pdf, id=293, 458.71375pt x 281
.05pt>
File: code/figure/100_factor_t_dense-eps-converted-to.pdf Graphic file (type pd
f)
 <use code/figure/100_factor_t_dense-eps-converted-to.pdf>
Package pdftex.def Info: code/figure/100_factor_t_dense-eps-converted-to.pdf us
ed on input line 1185.
(pdftex.def)             Requested size: 172.79883pt x 105.8738pt.
Package epstopdf Info: Source file: <code/figure/100_factor_t_sparse.eps>
(epstopdf)                    date: 2019-01-24 13:39:22
(epstopdf)                    size: 13669 bytes
(epstopdf)             Output file: <code/figure/100_factor_t_sparse-eps-conver
ted-to.pdf>
(epstopdf)                    date: 2019-01-25 11:25:25
(epstopdf)                    size: 13405 bytes
(epstopdf)             Command: <repstopdf --outfile=code/figure/100_factor_t_s
parse-eps-converted-to.pdf code/figure/100_factor_t_sparse.eps>
(epstopdf)             \includegraphics on input line 1188.
Package epstopdf Info: Output file is already uptodate.


pdfTeX warning: pdflatex (file ./code/figure/100_factor_t_sparse-eps-converted-
to.pdf): PDF inclusion: found PDF version <1.7>, but at most version <1.5> allo
wed

<code/figure/100_factor_t_sparse-eps-converted-to.pdf, id=294, 458.71375pt x 28
1.05pt>
File: code/figure/100_factor_t_sparse-eps-converted-to.pdf Graphic file (type p
df)
 <use code/figure/100_factor_t_sparse-eps-converted-to.pdf>
Package pdftex.def Info: code/figure/100_factor_t_sparse-eps-converted-to.pdf u
sed on input line 1188.
(pdftex.def)             Requested size: 172.79883pt x 105.8738pt.
Package epstopdf Info: Source file: <code/figure/100_factor_chi_dense.eps>
(epstopdf)                    date: 2019-01-24 13:39:22
(epstopdf)                    size: 13306 bytes
(epstopdf)             Output file: <code/figure/100_factor_chi_dense-eps-conve
rted-to.pdf>
(epstopdf)                    date: 2019-01-25 11:25:25
(epstopdf)                    size: 12629 bytes
(epstopdf)             Command: <repstopdf --outfile=code/figure/100_factor_chi
_dense-eps-converted-to.pdf code/figure/100_factor_chi_dense.eps>
(epstopdf)             \includegraphics on input line 1192.
Package epstopdf Info: Output file is already uptodate.


pdfTeX warning: pdflatex (file ./code/figure/100_factor_chi_dense-eps-converted
-to.pdf): PDF inclusion: found PDF version <1.7>, but at most version <1.5> all
owed

<code/figure/100_factor_chi_dense-eps-converted-to.pdf, id=295, 458.71375pt x 2
81.05pt>
File: code/figure/100_factor_chi_dense-eps-converted-to.pdf Graphic file (type 
pdf)
 <use code/figure/100_factor_chi_dense-eps-converted-to.pdf>
Package pdftex.def Info: code/figure/100_factor_chi_dense-eps-converted-to.pdf 
used on input line 1192.
(pdftex.def)             Requested size: 172.79883pt x 105.8738pt.
Package epstopdf Info: Source file: <code/figure/100_factor_chi_sparse.eps>
(epstopdf)                    date: 2019-01-24 13:39:22
(epstopdf)                    size: 13884 bytes
(epstopdf)             Output file: <code/figure/100_factor_chi_sparse-eps-conv
erted-to.pdf>
(epstopdf)                    date: 2019-01-25 11:25:25
(epstopdf)                    size: 13680 bytes
(epstopdf)             Command: <repstopdf --outfile=code/figure/100_factor_chi
_sparse-eps-converted-to.pdf code/figure/100_factor_chi_sparse.eps>
(epstopdf)             \includegraphics on input line 1195.
Package epstopdf Info: Output file is already uptodate.


pdfTeX warning: pdflatex (file ./code/figure/100_factor_chi_sparse-eps-converte
d-to.pdf): PDF inclusion: found PDF version <1.7>, but at most version <1.5> al
lowed

<code/figure/100_factor_chi_sparse-eps-converted-to.pdf, id=296, 458.71375pt x 
281.05pt>
File: code/figure/100_factor_chi_sparse-eps-converted-to.pdf Graphic file (type
 pdf)
 <use code/figure/100_factor_chi_sparse-eps-converted-to.pdf>
Package pdftex.def Info: code/figure/100_factor_chi_sparse-eps-converted-to.pdf
 used on input line 1195.
(pdftex.def)             Requested size: 172.79883pt x 105.8738pt.


LaTeX Warning: Float too large for page by 22.79187pt on input line 1199.

[12] [13 <./code/figure/50_uniform_t_dense-eps-converted-to.pdf> <./code/figure
/50_uniform_t_sparse-eps-converted-to.pdf> <./code/figure/50_uniform_chi_dense-
eps-converted-to.pdf> <./code/figure/50_uniform_chi_sparse-eps-converted-to.pdf
> <./code/figure/100_uniform_t_dense-eps-converted-to.pdf> <./code/figure/100_u
niform_t_sparse-eps-converted-to.pdf> <./code/figure/100_uniform_chi_dense-eps-
converted-to.pdf> <./code/figure/100_uniform_chi_sparse-eps-converted-to.pdf>]
[14 <./code/figure/50_equalCor_t_dense-eps-converted-to.pdf> <./code/figure/50_
equalCor_t_sparse-eps-converted-to.pdf> <./code/figure/50_equalCor_chi_dense-ep
s-converted-to.pdf> <./code/figure/50_equalCor_chi_sparse-eps-converted-to.pdf>
 <./code/figure/100_equalCor_t_dense-eps-converted-to.pdf> <./code/figure/100_e
qualCor_t_sparse-eps-converted-to.pdf> <./code/figure/100_equalCor_chi_dense-ep
s-converted-to.pdf> <./code/figure/100_equalCor_chi_sparse-eps-converted-to.pdf
>] [15 <./code/figure/50_factor_t_dense-eps-converted-to.pdf> <./code/figure/50
_factor_t_sparse-eps-converted-to.pdf> <./code/figure/50_factor_chi_dense-eps-c
onverted-to.pdf> <./code/figure/50_factor_chi_sparse-eps-converted-to.pdf> <./c
ode/figure/100_factor_t_dense-eps-converted-to.pdf> <./code/figure/100_factor_t
_sparse-eps-converted-to.pdf> <./code/figure/100_factor_chi_dense-eps-converted
-to.pdf> <./code/figure/100_factor_chi_sparse-eps-converted-to.pdf>] [16]
[17] [18] [19] [20] [21] [22] [23]
Overfull \hbox (30.0068pt too wide) in paragraph at lines 2094--2107
\OT1/cmr/m/n/10 Then there ex-ists a se-quence of pos-i-tive in-te-gers $\OML/c
mm/m/it/10 r\OT1/cmr/m/n/10 (\OML/cmm/m/it/10 n\OT1/cmr/m/n/10 ) \OMS/cmsy/m/n/
10 ! 1$ \OT1/cmr/m/n/10 such that $[]\OML/cmm/m/it/10 =[] \OMS/cmsy/m/n/10 !
 []

[24] [25] [26] [27]
Underfull \hbox (badness 1565) in paragraph at lines 2818--2837
[]\OT1/cmr/m/sc/10 Goddard, S. D. \OT1/cmr/m/n/10 and \OT1/cmr/m/sc/10 John-son
, V. E. \OT1/cmr/m/n/10 (2016). Re-stricted most pow-er-ful
 []

[28]
Package atveryend Info: Empty hook `BeforeClearDocument' on input line 3356.
 [29]
Package atveryend Info: Empty hook `AfterLastShipout' on input line 3356.
 (./main.aux)
Package atveryend Info: Executing hook `AtVeryEndDocument' on input line 3356.
Package atveryend Info: Executing hook `AtEndAfterFileList' on input line 3356.

Package rerunfilecheck Info: File `main.out' has not changed.
(rerunfilecheck)             Checksum: 1863C9A96E937C4BB7932003D21A1B84;536.


LaTeX Warning: There were multiply-defined labels.

Package atveryend Info: Empty hook `AtVeryVeryEnd' on input line 3356.
 ) 
Here is how much of TeX's memory you used:
 8162 strings out of 493029
 117318 string characters out of 6136233
 209236 words of memory out of 5000000
 11389 multiletter control sequences out of 15000+600000
 20393 words of font info for 77 fonts, out of 8000000 for 9000
 1141 hyphenation exceptions out of 8191
 30i,22n,47p,390b,504s stack positions out of 5000i,500n,10000p,200000b,80000s
pdfTeX warning (dest): name{e2} has been referenced but does not exist, repla
ced by a fixed one

</usr/share/texlive/texmf-dist/fonts/type1/public/amsfonts/cm/cmbx10.pfb></usr/
share/texlive/texmf-dist/fonts/type1/public/amsfonts/cm/cmbx12.pfb></usr/share/
texlive/texmf-dist/fonts/type1/public/amsfonts/cm/cmbx8.pfb></usr/share/texlive
/texmf-dist/fonts/type1/public/amsfonts/cm/cmbxti10.pfb></usr/share/texlive/tex
mf-dist/fonts/type1/public/amsfonts/cm/cmcsc10.pfb></usr/share/texlive/texmf-di
st/fonts/type1/public/amsfonts/cm/cmex10.pfb></usr/share/texlive/texmf-dist/fon
ts/type1/public/amsfonts/cm/cmmi10.pfb></usr/share/texlive/texmf-dist/fonts/typ
e1/public/amsfonts/cm/cmmi5.pfb></usr/share/texlive/texmf-dist/fonts/type1/publ
ic/amsfonts/cm/cmmi6.pfb></usr/share/texlive/texmf-dist/fonts/type1/public/amsf
onts/cm/cmmi7.pfb></usr/share/texlive/texmf-dist/fonts/type1/public/amsfonts/cm
/cmmi8.pfb></usr/share/texlive/texmf-dist/fonts/type1/public/amsfonts/cm/cmmib1
0.pfb></usr/share/texlive/texmf-dist/fonts/type1/public/amsfonts/cmextra/cmmib8
.pfb></usr/share/texlive/texmf-dist/fonts/type1/public/amsfonts/cm/cmr10.pfb></
usr/share/texlive/texmf-dist/fonts/type1/public/amsfonts/cm/cmr17.pfb></usr/sha
re/texlive/texmf-dist/fonts/type1/public/amsfonts/cm/cmr5.pfb></usr/share/texli
ve/texmf-dist/fonts/type1/public/amsfonts/cm/cmr6.pfb></usr/share/texlive/texmf
-dist/fonts/type1/public/amsfonts/cm/cmr7.pfb></usr/share/texlive/texmf-dist/fo
nts/type1/public/amsfonts/cm/cmr8.pfb></usr/share/texlive/texmf-dist/fonts/type
1/public/amsfonts/cm/cmr9.pfb></usr/share/texlive/texmf-dist/fonts/type1/public
/amsfonts/cm/cmsy10.pfb></usr/share/texlive/texmf-dist/fonts/type1/public/amsfo
nts/cm/cmsy5.pfb></usr/share/texlive/texmf-dist/fonts/type1/public/amsfonts/cm/
cmsy7.pfb></usr/share/texlive/texmf-dist/fonts/type1/public/amsfonts/cm/cmsy8.p
fb></usr/share/texlive/texmf-dist/fonts/type1/public/amsfonts/cm/cmti10.pfb></u
sr/share/texlive/texmf-dist/fonts/type1/public/amsfonts/cm/cmti9.pfb></usr/shar
e/texlive/texmf-dist/fonts/type1/public/amsfonts/cm/cmtt8.pfb></usr/share/texli
ve/texmf-dist/fonts/type1/public/amsfonts/cm/cmtt9.pfb></usr/share/texlive/texm
f-dist/fonts/type1/public/amsfonts/symbols/msam10.pfb></usr/share/texlive/texmf
-dist/fonts/type1/public/amsfonts/symbols/msam5.pfb></usr/share/texlive/texmf-d
ist/fonts/type1/public/amsfonts/symbols/msam7.pfb></usr/share/texlive/texmf-dis
t/fonts/type1/public/amsfonts/symbols/msbm10.pfb></usr/share/texlive/texmf-dist
/fonts/type1/public/amsfonts/symbols/msbm7.pfb></usr/share/texlive/texmf-dist/f
onts/type1/public/rsfs/rsfs10.pfb>
Output written on main.pdf (29 pages, 697106 bytes).
PDF statistics:
 804 PDF objects out of 1000 (max. 8388607)
 660 compressed objects within 7 object streams
 141 named destinations out of 1000 (max. 500000)
 201 words of extra memory for PDF output out of 10000 (max. 10000000)

