This is pdfTeX, Version 3.14159265-2.6-1.40.16 (TeX Live 2015/Debian) (preloaded format=pdflatex 2018.10.15)  17 JAN 2019 22:03
entering extended mode
 restricted \write18 enabled.
 %&-line parsing enabled.
**main
(./main.tex
LaTeX2e <2016/02/01>
Babel <3.9q> and hyphenation patterns for 81 language(s) loaded.
(/usr/share/texlive/texmf-dist/tex/latex/base/article.cls
Document Class: article 2014/09/29 v1.4h Standard LaTeX document class
(/usr/share/texlive/texmf-dist/tex/latex/base/size11.clo
File: size11.clo 2014/09/29 v1.4h Standard LaTeX file (size option)
)
\c@part=\count79
\c@section=\count80
\c@subsection=\count81
\c@subsubsection=\count82
\c@paragraph=\count83
\c@subparagraph=\count84
\c@figure=\count85
\c@table=\count86
\abovecaptionskip=\skip41
\belowcaptionskip=\skip42
\bibindent=\dimen102
)
(/usr/share/texlive/texmf-dist/tex/latex/lineno/lineno.sty
Package: lineno 2005/11/02 line numbers on paragraphs v4.41
\linenopenalty=\count87
\output=\toks14
\linenoprevgraf=\count88
\linenumbersep=\dimen103
\linenumberwidth=\dimen104
\c@linenumber=\count89
\c@pagewiselinenumber=\count90
\c@LN@truepage=\count91
\c@internallinenumber=\count92
\c@internallinenumbers=\count93
\quotelinenumbersep=\dimen105
\bframerule=\dimen106
\bframesep=\dimen107
\bframebox=\box26
LaTeX Info: Redefining \\ on input line 3056.
)
(/usr/share/texlive/texmf-dist/tex/latex/hyperref/hyperref.sty
Package: hyperref 2012/11/06 v6.83m Hypertext links for LaTeX

(/usr/share/texlive/texmf-dist/tex/generic/oberdiek/hobsub-hyperref.sty
Package: hobsub-hyperref 2012/05/28 v1.13 Bundle oberdiek, subset hyperref (HO)


(/usr/share/texlive/texmf-dist/tex/generic/oberdiek/hobsub-generic.sty
Package: hobsub-generic 2012/05/28 v1.13 Bundle oberdiek, subset generic (HO)
Package: hobsub 2012/05/28 v1.13 Construct package bundles (HO)
Package: infwarerr 2010/04/08 v1.3 Providing info/warning/error messages (HO)
Package: ltxcmds 2011/11/09 v1.22 LaTeX kernel commands for general use (HO)
Package: ifluatex 2010/03/01 v1.3 Provides the ifluatex switch (HO)
Package ifluatex Info: LuaTeX not detected.
Package: ifvtex 2010/03/01 v1.5 Detect VTeX and its facilities (HO)
Package ifvtex Info: VTeX not detected.
Package: intcalc 2007/09/27 v1.1 Expandable calculations with integers (HO)
Package: ifpdf 2011/01/30 v2.3 Provides the ifpdf switch (HO)
Package ifpdf Info: pdfTeX in PDF mode is detected.
Package: etexcmds 2011/02/16 v1.5 Avoid name clashes with e-TeX commands (HO)
Package etexcmds Info: Could not find \expanded.
(etexcmds)             That can mean that you are not using pdfTeX 1.50 or
(etexcmds)             that some package has redefined \expanded.
(etexcmds)             In the latter case, load this package earlier.
Package: kvsetkeys 2012/04/25 v1.16 Key value parser (HO)
Package: kvdefinekeys 2011/04/07 v1.3 Define keys (HO)
Package: pdftexcmds 2011/11/29 v0.20 Utility functions of pdfTeX for LuaTeX (HO
)
Package pdftexcmds Info: LuaTeX not detected.
Package pdftexcmds Info: \pdf@primitive is available.
Package pdftexcmds Info: \pdf@ifprimitive is available.
Package pdftexcmds Info: \pdfdraftmode found.
Package: pdfescape 2011/11/25 v1.13 Implements pdfTeX's escape features (HO)
Package: bigintcalc 2012/04/08 v1.3 Expandable calculations on big integers (HO
)
Package: bitset 2011/01/30 v1.1 Handle bit-vector datatype (HO)
Package: uniquecounter 2011/01/30 v1.2 Provide unlimited unique counter (HO)
)
Package hobsub Info: Skipping package `hobsub' (already loaded).
Package: letltxmacro 2010/09/02 v1.4 Let assignment for LaTeX macros (HO)
Package: hopatch 2012/05/28 v1.2 Wrapper for package hooks (HO)
Package: xcolor-patch 2011/01/30 xcolor patch
Package: atveryend 2011/06/30 v1.8 Hooks at the very end of document (HO)
Package atveryend Info: \enddocument detected (standard20110627).
Package: atbegshi 2011/10/05 v1.16 At begin shipout hook (HO)
Package: refcount 2011/10/16 v3.4 Data extraction from label references (HO)
Package: hycolor 2011/01/30 v1.7 Color options for hyperref/bookmark (HO)
)
(/usr/share/texlive/texmf-dist/tex/latex/graphics/keyval.sty
Package: keyval 2014/10/28 v1.15 key=value parser (DPC)
\KV@toks@=\toks15
)
(/usr/share/texlive/texmf-dist/tex/generic/ifxetex/ifxetex.sty
Package: ifxetex 2010/09/12 v0.6 Provides ifxetex conditional
)
(/usr/share/texlive/texmf-dist/tex/latex/oberdiek/auxhook.sty
Package: auxhook 2011/03/04 v1.3 Hooks for auxiliary files (HO)
)
(/usr/share/texlive/texmf-dist/tex/latex/oberdiek/kvoptions.sty
Package: kvoptions 2011/06/30 v3.11 Key value format for package options (HO)
)
\@linkdim=\dimen108
\Hy@linkcounter=\count94
\Hy@pagecounter=\count95

(/usr/share/texlive/texmf-dist/tex/latex/hyperref/pd1enc.def
File: pd1enc.def 2012/11/06 v6.83m Hyperref: PDFDocEncoding definition (HO)
)
\Hy@SavedSpaceFactor=\count96

(/usr/share/texlive/texmf-dist/tex/latex/latexconfig/hyperref.cfg
File: hyperref.cfg 2002/06/06 v1.2 hyperref configuration of TeXLive
)
Package hyperref Info: Hyper figures OFF on input line 4443.
Package hyperref Info: Link nesting OFF on input line 4448.
Package hyperref Info: Hyper index ON on input line 4451.
Package hyperref Info: Plain pages OFF on input line 4458.
Package hyperref Info: Backreferencing OFF on input line 4463.
Package hyperref Info: Implicit mode ON; LaTeX internals redefined.
Package hyperref Info: Bookmarks ON on input line 4688.
\c@Hy@tempcnt=\count97

(/usr/share/texlive/texmf-dist/tex/latex/url/url.sty
\Urlmuskip=\muskip10
Package: url 2013/09/16  ver 3.4  Verb mode for urls, etc.
)
LaTeX Info: Redefining \url on input line 5041.
\XeTeXLinkMargin=\dimen109
\Fld@menulength=\count98
\Field@Width=\dimen110
\Fld@charsize=\dimen111
Package hyperref Info: Hyper figures OFF on input line 6295.
Package hyperref Info: Link nesting OFF on input line 6300.
Package hyperref Info: Hyper index ON on input line 6303.
Package hyperref Info: backreferencing OFF on input line 6310.
Package hyperref Info: Link coloring OFF on input line 6315.
Package hyperref Info: Link coloring with OCG OFF on input line 6320.
Package hyperref Info: PDF/A mode OFF on input line 6325.
LaTeX Info: Redefining \ref on input line 6365.
LaTeX Info: Redefining \pageref on input line 6369.
\Hy@abspage=\count99
\c@Item=\count100
\c@Hfootnote=\count101
)

Package hyperref Message: Driver (autodetected): hpdftex.

(/usr/share/texlive/texmf-dist/tex/latex/hyperref/hpdftex.def
File: hpdftex.def 2012/11/06 v6.83m Hyperref driver for pdfTeX
\Fld@listcount=\count102
\c@bookmark@seq@number=\count103

(/usr/share/texlive/texmf-dist/tex/latex/oberdiek/rerunfilecheck.sty
Package: rerunfilecheck 2011/04/15 v1.7 Rerun checks for auxiliary files (HO)
Package uniquecounter Info: New unique counter `rerunfilecheck' on input line 2
82.
)
\Hy@SectionHShift=\skip43
)
(/usr/share/texlive/texmf-dist/tex/latex/geometry/geometry.sty
Package: geometry 2010/09/12 v5.6 Page Geometry
\Gm@cnth=\count104
\Gm@cntv=\count105
\c@Gm@tempcnt=\count106
\Gm@bindingoffset=\dimen112
\Gm@wd@mp=\dimen113
\Gm@odd@mp=\dimen114
\Gm@even@mp=\dimen115
\Gm@layoutwidth=\dimen116
\Gm@layoutheight=\dimen117
\Gm@layouthoffset=\dimen118
\Gm@layoutvoffset=\dimen119
\Gm@dimlist=\toks16
)
(/usr/share/texlive/texmf-dist/tex/latex/preprint/authblk.sty
Package: authblk 2001/02/27 1.3 (PWD)
\affilsep=\skip44
\@affilsep=\skip45
\c@Maxaffil=\count107
\c@authors=\count108
\c@affil=\count109
)
(/usr/share/texlive/texmf-dist/tex/latex/galois/galois.sty
Package: galois 2005/03/19 v1.05, Galois connections, Patrick.Cousot@ens.fr
\@GALOISalphadepth=\skip46
\@GALOISalphaheight=\skip47
\@GALOISgammadepth=\skip48
\@GALOISwidth=\skip49
\@GALOISheight=\skip50
\@GALOISdepth=\skip51
\@GALOIStotalheight=\skip52
\@GALOISGap=\skip53
\@GALOISalphaarrowwidth=\skip54
\@GALOISalphaarrowhalfheight=\skip55
\@GALOISgammaarrowwidth=\skip56
\@GALOISgammaarrowhalfheight=\skip57
)
(/usr/share/texlive/texmf-dist/tex/latex/tools/bm.sty
Package: bm 2014/10/28 v1.1c Bold Symbol Support (DPC/FMi)
\symboldoperators=\mathgroup4
\symboldletters=\mathgroup5
\symboldsymbols=\mathgroup6
LaTeX Font Info:    Redeclaring math alphabet \mathbf on input line 141.
LaTeX Info: Redefining \bm on input line 207.
)
(/usr/share/texlive/texmf-dist/tex/latex/amsmath/amsmath.sty
Package: amsmath 2016/03/03 v2.15a AMS math features
\@mathmargin=\skip58

For additional information on amsmath, use the `?' option.
(/usr/share/texlive/texmf-dist/tex/latex/amsmath/amstext.sty
Package: amstext 2000/06/29 v2.01 AMS text

(/usr/share/texlive/texmf-dist/tex/latex/amsmath/amsgen.sty
File: amsgen.sty 1999/11/30 v2.0 generic functions
\@emptytoks=\toks17
\ex@=\dimen120
))
(/usr/share/texlive/texmf-dist/tex/latex/amsmath/amsbsy.sty
Package: amsbsy 1999/11/29 v1.2d Bold Symbols
LaTeX Info: Redefining \boldsymbol on input line 28.
\pmbraise@=\dimen121
)
(/usr/share/texlive/texmf-dist/tex/latex/amsmath/amsopn.sty
Package: amsopn 1999/12/14 v2.01 operator names
)
\inf@bad=\count110
LaTeX Info: Redefining \frac on input line 199.
\uproot@=\count111
\leftroot@=\count112
LaTeX Info: Redefining \overline on input line 297.
\classnum@=\count113
\DOTSCASE@=\count114
LaTeX Info: Redefining \ldots on input line 394.
LaTeX Info: Redefining \dots on input line 397.
LaTeX Info: Redefining \cdots on input line 518.
\Mathstrutbox@=\box27
\strutbox@=\box28
\big@size=\dimen122
LaTeX Font Info:    Redeclaring font encoding OML on input line 630.
LaTeX Font Info:    Redeclaring font encoding OMS on input line 631.
\macc@depth=\count115
\c@MaxMatrixCols=\count116
\dotsspace@=\muskip11
\c@parentequation=\count117
\dspbrk@lvl=\count118
\tag@help=\toks18
\row@=\count119
\column@=\count120
\maxfields@=\count121
\andhelp@=\toks19
\eqnshift@=\dimen123
\alignsep@=\dimen124
\tagshift@=\dimen125
\tagwidth@=\dimen126
\totwidth@=\dimen127
\lineht@=\dimen128
\@envbody=\toks20
\multlinegap=\skip59
\multlinetaggap=\skip60
\mathdisplay@stack=\toks21
LaTeX Info: Redefining \[ on input line 2735.
LaTeX Info: Redefining \] on input line 2736.
)
(/usr/share/texlive/texmf-dist/tex/latex/amsfonts/amssymb.sty
Package: amssymb 2013/01/14 v3.01 AMS font symbols

(/usr/share/texlive/texmf-dist/tex/latex/amsfonts/amsfonts.sty
Package: amsfonts 2013/01/14 v3.01 Basic AMSFonts support
\symAMSa=\mathgroup7
\symAMSb=\mathgroup8
LaTeX Font Info:    Overwriting math alphabet `\mathfrak' in version `bold'
(Font)                  U/euf/m/n --> U/euf/b/n on input line 106.
))
(/usr/share/texlive/texmf-dist/tex/latex/jknapltx/mathrsfs.sty
Package: mathrsfs 1996/01/01 Math RSFS package v1.0 (jk)
\symrsfs=\mathgroup9
)
(/usr/share/texlive/texmf-dist/tex/latex/amscls/amsthm.sty
Package: amsthm 2015/03/04 v2.20.2
\thm@style=\toks22
\thm@bodyfont=\toks23
\thm@headfont=\toks24
\thm@notefont=\toks25
\thm@headpunct=\toks26
\thm@preskip=\skip61
\thm@postskip=\skip62
\thm@headsep=\skip63
\dth@everypar=\toks27
)
(/usr/share/texlive/texmf-dist/tex/latex/natbib/natbib.sty
Package: natbib 2010/09/13 8.31b (PWD, AO)
\bibhang=\skip64
\bibsep=\skip65
LaTeX Info: Redefining \cite on input line 694.
\c@NAT@ctr=\count122
)
(/usr/share/texlive/texmf-dist/tex/latex/graphics/graphicx.sty
Package: graphicx 2014/10/28 v1.0g Enhanced LaTeX Graphics (DPC,SPQR)

(/usr/share/texlive/texmf-dist/tex/latex/graphics/graphics.sty
Package: graphics 2016/01/03 v1.0q Standard LaTeX Graphics (DPC,SPQR)

(/usr/share/texlive/texmf-dist/tex/latex/graphics/trig.sty
Package: trig 2016/01/03 v1.10 sin cos tan (DPC)
)
(/usr/share/texlive/texmf-dist/tex/latex/latexconfig/graphics.cfg
File: graphics.cfg 2010/04/23 v1.9 graphics configuration of TeX Live
)
Package graphics Info: Driver file: pdftex.def on input line 95.

(/usr/share/texlive/texmf-dist/tex/latex/pdftex-def/pdftex.def
File: pdftex.def 2011/05/27 v0.06d Graphics/color for pdfTeX
\Gread@gobject=\count123
))
\Gin@req@height=\dimen129
\Gin@req@width=\dimen130
)
(/usr/share/texlive/texmf-dist/tex/latex/graphics/color.sty
Package: color 2016/01/03 v1.1b Standard LaTeX Color (DPC)

(/usr/share/texlive/texmf-dist/tex/latex/latexconfig/color.cfg
File: color.cfg 2007/01/18 v1.5 color configuration of teTeX/TeXLive
)
Package color Info: Driver file: pdftex.def on input line 143.
)
(/usr/share/texlive/texmf-dist/tex/latex/booktabs/booktabs.sty
Package: booktabs 2005/04/14 v1.61803 publication quality tables
\heavyrulewidth=\dimen131
\lightrulewidth=\dimen132
\cmidrulewidth=\dimen133
\belowrulesep=\dimen134
\belowbottomsep=\dimen135
\aboverulesep=\dimen136
\abovetopsep=\dimen137
\cmidrulesep=\dimen138
\cmidrulekern=\dimen139
\defaultaddspace=\dimen140
\@cmidla=\count124
\@cmidlb=\count125
\@aboverulesep=\dimen141
\@belowrulesep=\dimen142
\@thisruleclass=\count126
\@lastruleclass=\count127
\@thisrulewidth=\dimen143
)
(/usr/share/texlive/texmf-dist/tex/latex/appendix/appendix.sty
Package: appendix 2009/09/02 v1.2b extra appendix facilities
\c@@pps=\count128
\c@@ppsavesec=\count129
\c@@ppsaveapp=\count130
)
(/usr/share/texlive/texmf-dist/tex/latex/tools/enumerate.sty
Package: enumerate 2015/07/23 v3.00 enumerate extensions (DPC)
\@enLab=\toks28
)
(/usr/share/texlive/texmf-dist/tex/latex/changepage/changepage.sty
Package: changepage 2009/10/20 v1.0c check page and change page layout
\c@cp@cntr=\count131
\cp@tempcnt=\count132
)
(/usr/share/texlive/texmf-dist/tex/latex/datetime/datetime.sty
Package: datetime 2015/03/20 v2.60 Date Time Package

(/usr/share/texlive/texmf-dist/tex/latex/etoolbox/etoolbox.sty
Package: etoolbox 2015/08/02 v2.2a e-TeX tools for LaTeX (JAW)
\etb@tempcnta=\count133
)
(/usr/share/texlive/texmf-dist/tex/latex/fmtcount/fmtcount.sty
Package: fmtcount 2015/05/05 v3.01

(/usr/share/texlive/texmf-dist/tex/latex/base/ifthen.sty
Package: ifthen 2014/09/29 v1.1c Standard LaTeX ifthen package (DPC)
)
(/usr/share/texlive/texmf-dist/tex/latex/xkeyval/xkeyval.sty
Package: xkeyval 2014/12/03 v2.7a package option processing (HA)

(/usr/share/texlive/texmf-dist/tex/generic/xkeyval/xkeyval.tex
(/usr/share/texlive/texmf-dist/tex/generic/xkeyval/xkvutils.tex
\XKV@toks=\toks29
\XKV@tempa@toks=\toks30
)
\XKV@depth=\count134
File: xkeyval.tex 2014/12/03 v2.7a key=value parser (HA)
))
(/usr/share/texlive/texmf-dist/tex/latex/fmtcount/fcprefix.sty
Package: fcprefix 2012/09/28

(/usr/share/texlive/texmf-dist/tex/latex/fmtcount/fcnumparser.sty
Package: fcnumparser 2012/09/28
\fc@digit@counter=\count135
))
\c@padzeroesN=\count136
\fc@tmpcatcode=\count137
\@DT@modctr=\count138
\@ordinalctr=\count139
\@orgargctr=\count140
\@strctr=\count141
\@tmpstrctr=\count142
\@DT@loopN=\count143
\@DT@X=\count144

(/usr/share/texlive/texmf-dist/tex/latex/fmtcount/fc-english.def
File: fc-english.def 2013/08/17
))
(/usr/share/texlive/texmf-dist/tex/latex/datetime/datetime-defaults.sty
Package: datetime-defaults 2013/09/10
)
\@day=\count145
\@month=\count146
\@year=\count147
\c@HOUR=\count148
\c@HOURXII=\count149
\c@MINUTE=\count150
\c@TOHOUR=\count151
\c@TOMINUTE=\count152
\c@SECOND=\count153
\currenthour=\count154
\currentminute=\count155
\currentsecond=\count156
Package datetime Info: No datetime.cfg file found, using default settings on in
put line 308.
\@dtctr=\count157
\dayofyear=\count158
\dayofweek=\count159
LaTeX Info: Redefining \today on input line 736.
\dt@a=\toks31
\dt@b=\toks32
)
(/usr/share/texlive/texmf-dist/tex/latex/subfigure/subfigure.sty
Package: subfigure 2002/03/15 v2.1.5 subfigure package
\subfigtopskip=\skip66
\subfigcapskip=\skip67
\subfigcaptopadj=\dimen144
\subfigbottomskip=\skip68
\subfigcapmargin=\dimen145
\subfiglabelskip=\skip69
\c@subfigure=\count160
\c@lofdepth=\count161
\c@subtable=\count162
\c@lotdepth=\count163

****************************************
* Local config file subfigure.cfg used *
****************************************
(/usr/share/texlive/texmf-dist/tex/latex/subfigure/subfigure.cfg)
\subfig@top=\skip70
\subfig@bottom=\skip71
)
\c@theorem=\count164
\c@proposition=\count165
\c@corollary=\count166
\c@lemma=\count167
\c@example=\count168
\c@assumption=\count169
\c@condition=\count170
\c@definition=\count171
\c@remark=\count172
 (./main.aux)
\openout1 = `main.aux'.

LaTeX Font Info:    Checking defaults for OML/cmm/m/it on input line 91.
LaTeX Font Info:    ... okay on input line 91.
LaTeX Font Info:    Checking defaults for T1/cmr/m/n on input line 91.
LaTeX Font Info:    ... okay on input line 91.
LaTeX Font Info:    Checking defaults for OT1/cmr/m/n on input line 91.
LaTeX Font Info:    ... okay on input line 91.
LaTeX Font Info:    Checking defaults for OMS/cmsy/m/n on input line 91.
LaTeX Font Info:    ... okay on input line 91.
LaTeX Font Info:    Checking defaults for OMX/cmex/m/n on input line 91.
LaTeX Font Info:    ... okay on input line 91.
LaTeX Font Info:    Checking defaults for U/cmr/m/n on input line 91.
LaTeX Font Info:    ... okay on input line 91.
LaTeX Font Info:    Checking defaults for PD1/pdf/m/n on input line 91.
LaTeX Font Info:    ... okay on input line 91.
\AtBeginShipoutBox=\box29
Package hyperref Info: Link coloring OFF on input line 91.
(/usr/share/texlive/texmf-dist/tex/latex/hyperref/nameref.sty
Package: nameref 2012/10/27 v2.43 Cross-referencing by name of section

(/usr/share/texlive/texmf-dist/tex/generic/oberdiek/gettitlestring.sty
Package: gettitlestring 2010/12/03 v1.4 Cleanup title references (HO)
)
\c@section@level=\count173
)
LaTeX Info: Redefining \ref on input line 91.
LaTeX Info: Redefining \pageref on input line 91.
LaTeX Info: Redefining \nameref on input line 91.

(./main.out) (./main.out)
\@outlinefile=\write3
\openout3 = `main.out'.


*geometry* driver: auto-detecting
*geometry* detected driver: pdftex
*geometry* verbose mode - [ preamble ] result:
* driver: pdftex
* paper: <default>
* layout: <same size as paper>
* layoutoffset:(h,v)=(0.0pt,0.0pt)
* modes: 
* h-part:(L,W,R)=(72.26999pt, 469.75502pt, 72.26999pt)
* v-part:(T,H,B)=(72.26999pt, 650.43001pt, 72.26999pt)
* \paperwidth=614.295pt
* \paperheight=794.96999pt
* \textwidth=469.75502pt
* \textheight=650.43001pt
* \oddsidemargin=0.0pt
* \evensidemargin=0.0pt
* \topmargin=-37.0pt
* \headheight=12.0pt
* \headsep=25.0pt
* \topskip=11.0pt
* \footskip=30.0pt
* \marginparwidth=59.0pt
* \marginparsep=10.0pt
* \columnsep=10.0pt
* \skip\footins=10.0pt plus 4.0pt minus 2.0pt
* \hoffset=0.0pt
* \voffset=0.0pt
* \mag=1000
* \@twocolumnfalse
* \@twosidefalse
* \@mparswitchfalse
* \@reversemarginfalse
* (1in=72.27pt=25.4mm, 1cm=28.453pt)

(/usr/share/texlive/texmf-dist/tex/context/base/supp-pdf.mkii
[Loading MPS to PDF converter (version 2006.09.02).]
\scratchcounter=\count174
\scratchdimen=\dimen146
\scratchbox=\box30
\nofMPsegments=\count175
\nofMParguments=\count176
\everyMPshowfont=\toks33
\MPscratchCnt=\count177
\MPscratchDim=\dimen147
\MPnumerator=\count178
\makeMPintoPDFobject=\count179
\everyMPtoPDFconversion=\toks34
) (/usr/share/texlive/texmf-dist/tex/latex/oberdiek/epstopdf-base.sty
Package: epstopdf-base 2010/02/09 v2.5 Base part for package epstopdf

(/usr/share/texlive/texmf-dist/tex/latex/oberdiek/grfext.sty
Package: grfext 2010/08/19 v1.1 Manage graphics extensions (HO)
)
Package grfext Info: Graphics extension search list:
(grfext)             [.png,.pdf,.jpg,.mps,.jpeg,.jbig2,.jb2,.PNG,.PDF,.JPG,.JPE
G,.JBIG2,.JB2,.eps]
(grfext)             \AppendGraphicsExtensions on input line 452.

(/usr/share/texlive/texmf-dist/tex/latex/latexconfig/epstopdf-sys.cfg
File: epstopdf-sys.cfg 2010/07/13 v1.3 Configuration of (r)epstopdf for TeX Liv
e
))
LaTeX Font Info:    Try loading font information for U+msa on input line 108.

(/usr/share/texlive/texmf-dist/tex/latex/amsfonts/umsa.fd
File: umsa.fd 2013/01/14 v3.01 AMS symbols A
)
LaTeX Font Info:    Try loading font information for U+msb on input line 108.

(/usr/share/texlive/texmf-dist/tex/latex/amsfonts/umsb.fd
File: umsb.fd 2013/01/14 v3.01 AMS symbols B
)
LaTeX Font Info:    Try loading font information for U+rsfs on input line 108.

(/usr/share/texlive/texmf-dist/tex/latex/jknapltx/ursfs.fd
File: ursfs.fd 1998/03/24 rsfs font definition file (jk)
)
LaTeX Font Info:    Try loading font information for OMS+cmr on input line 108.


(/usr/share/texlive/texmf-dist/tex/latex/base/omscmr.fd
File: omscmr.fd 2014/09/29 v2.5h Standard LaTeX font definitions
)
LaTeX Font Info:    Font shape `OMS/cmr/m/n' in size <8> not available
(Font)              Font shape `OMS/cmsy/m/n' tried instead on input line 108.
LaTeX Font Info:    Font shape `OMS/cmr/m/n' in size <6> not available
(Font)              Font shape `OMS/cmsy/m/n' tried instead on input line 108.
 [1

{/var/lib/texmf/fonts/map/pdftex/updmap/pdftex.map}] [2] [3]
Overfull \hbox (3.96439pt too wide) in paragraph at lines 250--254
[]\OT1/cmr/m/n/10.95 In low di-men-sional set-ting, it is easy to con-struct a 
test whose power tends to $1$ as $\OML/cmm/m/it/10.95 ^^^[][]\OT1/cmr/bx/n/10.9
5 X[][]X[][][]$
 []

[4] [5] [6] [7] [8] [9] [10]
Overfull \hbox (10.77121pt too wide) in paragraph at lines 1015--1018
[]\OT1/cmr/m/n/10.95 (\OMS/cmsy/m/n/10.95 ^^@\OML/cmm/m/it/10.95 ^^M[]; ^^M[]w[
]\OT1/cmr/m/n/10.95 )$ while the power of the test of []Goe-man et al.[] ([]200
6[]) mainly de-pends on $[](\OML/cmm/m/it/10.95 ^^M[]; ^^M[]w[]\OT1/cmr/m/n/10.
95 )$.
 []

[11]

LaTeX Warning: Reference `table1' on page 12 undefined on input line 1071.


LaTeX Warning: Reference `table2' on page 12 undefined on input line 1071.

Package epstopdf Info: Source file: <code/tmp/50_iidnormal_t_dense.eps>
(epstopdf)                    date: 2019-01-17 20:15:57
(epstopdf)                    size: 13778 bytes
(epstopdf)             Output file: <code/tmp/50_iidnormal_t_dense-eps-converte
d-to.pdf>
(epstopdf)                    date: 2019-01-17 21:52:59
(epstopdf)                    size: 12752 bytes
(epstopdf)             Command: <repstopdf --outfile=code/tmp/50_iidnormal_t_de
nse-eps-converted-to.pdf code/tmp/50_iidnormal_t_dense.eps>
(epstopdf)             \includegraphics on input line 1081.
Package epstopdf Info: Output file is already uptodate.


pdfTeX warning: pdflatex (file ./code/tmp/50_iidnormal_t_dense-eps-converted-to
.pdf): PDF inclusion: found PDF version <1.7>, but at most version <1.5> allowe
d

<code/tmp/50_iidnormal_t_dense-eps-converted-to.pdf, id=277, 574.145pt x 351.31
25pt>
File: code/tmp/50_iidnormal_t_dense-eps-converted-to.pdf Graphic file (type pdf
)
 <use code/tmp/50_iidnormal_t_dense-eps-converted-to.pdf>
Package pdftex.def Info: code/tmp/50_iidnormal_t_dense-eps-converted-to.pdf use
d on input line 1081.
(pdftex.def)             Requested size: 211.38832pt x 129.34567pt.
Package epstopdf Info: Source file: <code/tmp/50_iidnormal_t_sparse.eps>
(epstopdf)                    date: 2019-01-17 20:15:58
(epstopdf)                    size: 12824 bytes
(epstopdf)             Output file: <code/tmp/50_iidnormal_t_sparse-eps-convert
ed-to.pdf>
(epstopdf)                    date: 2019-01-17 21:54:54
(epstopdf)                    size: 11660 bytes
(epstopdf)             Command: <repstopdf --outfile=code/tmp/50_iidnormal_t_sp
arse-eps-converted-to.pdf code/tmp/50_iidnormal_t_sparse.eps>
(epstopdf)             \includegraphics on input line 1084.
Package epstopdf Info: Output file is already uptodate.


pdfTeX warning: pdflatex (file ./code/tmp/50_iidnormal_t_sparse-eps-converted-t
o.pdf): PDF inclusion: found PDF version <1.7>, but at most version <1.5> allow
ed

<code/tmp/50_iidnormal_t_sparse-eps-converted-to.pdf, id=278, 574.145pt x 351.3
125pt>
File: code/tmp/50_iidnormal_t_sparse-eps-converted-to.pdf Graphic file (type pd
f)
 <use code/tmp/50_iidnormal_t_sparse-eps-converted-to.pdf>
Package pdftex.def Info: code/tmp/50_iidnormal_t_sparse-eps-converted-to.pdf us
ed on input line 1084.
(pdftex.def)             Requested size: 211.38832pt x 129.34567pt.
Package epstopdf Info: Source file: <code/tmp/50_iidnormal_chi_dense.eps>
(epstopdf)                    date: 2019-01-17 20:15:58
(epstopdf)                    size: 12420 bytes
(epstopdf)             Output file: <code/tmp/50_iidnormal_chi_dense-eps-conver
ted-to.pdf>
(epstopdf)                    date: 2019-01-17 21:57:22
(epstopdf)                    size: 11245 bytes
(epstopdf)             Command: <repstopdf --outfile=code/tmp/50_iidnormal_chi_
dense-eps-converted-to.pdf code/tmp/50_iidnormal_chi_dense.eps>
(epstopdf)             \includegraphics on input line 1088.
Package epstopdf Info: Output file is already uptodate.


pdfTeX warning: pdflatex (file ./code/tmp/50_iidnormal_chi_dense-eps-converted-
to.pdf): PDF inclusion: found PDF version <1.7>, but at most version <1.5> allo
wed

<code/tmp/50_iidnormal_chi_dense-eps-converted-to.pdf, id=279, 574.145pt x 351.
3125pt>
File: code/tmp/50_iidnormal_chi_dense-eps-converted-to.pdf Graphic file (type p
df)
 <use code/tmp/50_iidnormal_chi_dense-eps-converted-to.pdf>
Package pdftex.def Info: code/tmp/50_iidnormal_chi_dense-eps-converted-to.pdf u
sed on input line 1088.
(pdftex.def)             Requested size: 211.38832pt x 129.34567pt.
Package epstopdf Info: Source file: <code/tmp/50_iidnormal_chi_sparse.eps>
(epstopdf)                    date: 2019-01-17 20:15:58
(epstopdf)                    size: 13652 bytes
(epstopdf)             Output file: <code/tmp/50_iidnormal_chi_sparse-eps-conve
rted-to.pdf>
(epstopdf)                    date: 2019-01-17 21:57:22
(epstopdf)                    size: 12696 bytes
(epstopdf)             Command: <repstopdf --outfile=code/tmp/50_iidnormal_chi_
sparse-eps-converted-to.pdf code/tmp/50_iidnormal_chi_sparse.eps>
(epstopdf)             \includegraphics on input line 1091.
Package epstopdf Info: Output file is already uptodate.


pdfTeX warning: pdflatex (file ./code/tmp/50_iidnormal_chi_sparse-eps-converted
-to.pdf): PDF inclusion: found PDF version <1.7>, but at most version <1.5> all
owed

<code/tmp/50_iidnormal_chi_sparse-eps-converted-to.pdf, id=280, 574.145pt x 351
.3125pt>
File: code/tmp/50_iidnormal_chi_sparse-eps-converted-to.pdf Graphic file (type 
pdf)
 <use code/tmp/50_iidnormal_chi_sparse-eps-converted-to.pdf>
Package pdftex.def Info: code/tmp/50_iidnormal_chi_sparse-eps-converted-to.pdf 
used on input line 1091.
(pdftex.def)             Requested size: 211.38832pt x 129.34567pt.
Package epstopdf Info: Source file: <code/tmp/100_iidnormal_t_dense.eps>
(epstopdf)                    date: 2019-01-17 20:15:59
(epstopdf)                    size: 12277 bytes
(epstopdf)             Output file: <code/tmp/100_iidnormal_t_dense-eps-convert
ed-to.pdf>
(epstopdf)                    date: 2019-01-17 21:58:47
(epstopdf)                    size: 11136 bytes
(epstopdf)             Command: <repstopdf --outfile=code/tmp/100_iidnormal_t_d
ense-eps-converted-to.pdf code/tmp/100_iidnormal_t_dense.eps>
(epstopdf)             \includegraphics on input line 1095.
Package epstopdf Info: Output file is already uptodate.


pdfTeX warning: pdflatex (file ./code/tmp/100_iidnormal_t_dense-eps-converted-t
o.pdf): PDF inclusion: found PDF version <1.7>, but at most version <1.5> allow
ed

<code/tmp/100_iidnormal_t_dense-eps-converted-to.pdf, id=281, 574.145pt x 351.3
125pt>
File: code/tmp/100_iidnormal_t_dense-eps-converted-to.pdf Graphic file (type pd
f)
 <use code/tmp/100_iidnormal_t_dense-eps-converted-to.pdf>
Package pdftex.def Info: code/tmp/100_iidnormal_t_dense-eps-converted-to.pdf us
ed on input line 1095.
(pdftex.def)             Requested size: 211.38832pt x 129.34567pt.
Package epstopdf Info: Source file: <code/tmp/100_iidnormal_t_sparse.eps>
(epstopdf)                    date: 2019-01-17 20:15:59
(epstopdf)                    size: 12243 bytes
(epstopdf)             Output file: <code/tmp/100_iidnormal_t_sparse-eps-conver
ted-to.pdf>
(epstopdf)                    date: 2019-01-17 21:58:48
(epstopdf)                    size: 10968 bytes
(epstopdf)             Command: <repstopdf --outfile=code/tmp/100_iidnormal_t_s
parse-eps-converted-to.pdf code/tmp/100_iidnormal_t_sparse.eps>
(epstopdf)             \includegraphics on input line 1098.
Package epstopdf Info: Output file is already uptodate.


pdfTeX warning: pdflatex (file ./code/tmp/100_iidnormal_t_sparse-eps-converted-
to.pdf): PDF inclusion: found PDF version <1.7>, but at most version <1.5> allo
wed

<code/tmp/100_iidnormal_t_sparse-eps-converted-to.pdf, id=282, 574.145pt x 351.
3125pt>
File: code/tmp/100_iidnormal_t_sparse-eps-converted-to.pdf Graphic file (type p
df)
 <use code/tmp/100_iidnormal_t_sparse-eps-converted-to.pdf>
Package pdftex.def Info: code/tmp/100_iidnormal_t_sparse-eps-converted-to.pdf u
sed on input line 1098.
(pdftex.def)             Requested size: 211.38832pt x 129.34567pt.
Package epstopdf Info: Source file: <code/tmp/100_iidnormal_chi_dense.eps>
(epstopdf)                    date: 2019-01-17 20:15:59
(epstopdf)                    size: 12377 bytes
(epstopdf)             Output file: <code/tmp/100_iidnormal_chi_dense-eps-conve
rted-to.pdf>
(epstopdf)                    date: 2019-01-17 21:58:48
(epstopdf)                    size: 11029 bytes
(epstopdf)             Command: <repstopdf --outfile=code/tmp/100_iidnormal_chi
_dense-eps-converted-to.pdf code/tmp/100_iidnormal_chi_dense.eps>
(epstopdf)             \includegraphics on input line 1102.
Package epstopdf Info: Output file is already uptodate.


pdfTeX warning: pdflatex (file ./code/tmp/100_iidnormal_chi_dense-eps-converted
-to.pdf): PDF inclusion: found PDF version <1.7>, but at most version <1.5> all
owed

<code/tmp/100_iidnormal_chi_dense-eps-converted-to.pdf, id=283, 574.145pt x 351
.3125pt>
File: code/tmp/100_iidnormal_chi_dense-eps-converted-to.pdf Graphic file (type 
pdf)
 <use code/tmp/100_iidnormal_chi_dense-eps-converted-to.pdf>
Package pdftex.def Info: code/tmp/100_iidnormal_chi_dense-eps-converted-to.pdf 
used on input line 1102.
(pdftex.def)             Requested size: 211.38832pt x 129.34567pt.
Package epstopdf Info: Source file: <code/tmp/100_iidnormal_chi_sparse.eps>
(epstopdf)                    date: 2019-01-17 20:16:00
(epstopdf)                    size: 12071 bytes
(epstopdf)             Output file: <code/tmp/100_iidnormal_chi_sparse-eps-conv
erted-to.pdf>
(epstopdf)                    date: 2019-01-17 21:58:48
(epstopdf)                    size: 10868 bytes
(epstopdf)             Command: <repstopdf --outfile=code/tmp/100_iidnormal_chi
_sparse-eps-converted-to.pdf code/tmp/100_iidnormal_chi_sparse.eps>
(epstopdf)             \includegraphics on input line 1105.
Package epstopdf Info: Output file is already uptodate.


pdfTeX warning: pdflatex (file ./code/tmp/100_iidnormal_chi_sparse-eps-converte
d-to.pdf): PDF inclusion: found PDF version <1.7>, but at most version <1.5> al
lowed

<code/tmp/100_iidnormal_chi_sparse-eps-converted-to.pdf, id=284, 574.145pt x 35
1.3125pt>
File: code/tmp/100_iidnormal_chi_sparse-eps-converted-to.pdf Graphic file (type
 pdf)
 <use code/tmp/100_iidnormal_chi_sparse-eps-converted-to.pdf>
Package pdftex.def Info: code/tmp/100_iidnormal_chi_sparse-eps-converted-to.pdf
 used on input line 1105.
(pdftex.def)             Requested size: 211.38832pt x 129.34567pt.


LaTeX Warning: Float too large for page by 2.60101pt on input line 1110.

Package epstopdf Info: Source file: <code/tmp/50_Toeplitz_t_dense.eps>
(epstopdf)                    date: 2019-01-17 20:16:03
(epstopdf)                    size: 12870 bytes
(epstopdf)             Output file: <code/tmp/50_Toeplitz_t_dense-eps-converted
-to.pdf>
(epstopdf)                    date: 2019-01-17 22:01:01
(epstopdf)                    size: 11547 bytes
(epstopdf)             Command: <repstopdf --outfile=code/tmp/50_Toeplitz_t_den
se-eps-converted-to.pdf code/tmp/50_Toeplitz_t_dense.eps>
(epstopdf)             \includegraphics on input line 1116.
Package epstopdf Info: Output file is already uptodate.


pdfTeX warning: pdflatex (file ./code/tmp/50_Toeplitz_t_dense-eps-converted-to.
pdf): PDF inclusion: found PDF version <1.7>, but at most version <1.5> allowed


<code/tmp/50_Toeplitz_t_dense-eps-converted-to.pdf, id=285, 574.145pt x 351.312
5pt>
File: code/tmp/50_Toeplitz_t_dense-eps-converted-to.pdf Graphic file (type pdf)

 <use code/tmp/50_Toeplitz_t_dense-eps-converted-to.pdf>
Package pdftex.def Info: code/tmp/50_Toeplitz_t_dense-eps-converted-to.pdf used
 on input line 1116.
(pdftex.def)             Requested size: 211.38832pt x 129.34567pt.
Package epstopdf Info: Source file: <code/tmp/50_Toeplitz_t_sparse.eps>
(epstopdf)                    date: 2019-01-17 20:16:03
(epstopdf)                    size: 12923 bytes
(epstopdf)             Output file: <code/tmp/50_Toeplitz_t_sparse-eps-converte
d-to.pdf>
(epstopdf)                    date: 2019-01-17 22:01:01
(epstopdf)                    size: 11682 bytes
(epstopdf)             Command: <repstopdf --outfile=code/tmp/50_Toeplitz_t_spa
rse-eps-converted-to.pdf code/tmp/50_Toeplitz_t_sparse.eps>
(epstopdf)             \includegraphics on input line 1119.
Package epstopdf Info: Output file is already uptodate.


pdfTeX warning: pdflatex (file ./code/tmp/50_Toeplitz_t_sparse-eps-converted-to
.pdf): PDF inclusion: found PDF version <1.7>, but at most version <1.5> allowe
d

<code/tmp/50_Toeplitz_t_sparse-eps-converted-to.pdf, id=286, 574.145pt x 351.31
25pt>
File: code/tmp/50_Toeplitz_t_sparse-eps-converted-to.pdf Graphic file (type pdf
)
 <use code/tmp/50_Toeplitz_t_sparse-eps-converted-to.pdf>
Package pdftex.def Info: code/tmp/50_Toeplitz_t_sparse-eps-converted-to.pdf use
d on input line 1119.
(pdftex.def)             Requested size: 211.38832pt x 129.34567pt.
Package epstopdf Info: Source file: <code/tmp/50_Toeplitz_chi_dense.eps>
(epstopdf)                    date: 2019-01-17 20:16:03
(epstopdf)                    size: 12610 bytes
(epstopdf)             Output file: <code/tmp/50_Toeplitz_chi_dense-eps-convert
ed-to.pdf>
(epstopdf)                    date: 2019-01-17 22:01:02
(epstopdf)                    size: 11337 bytes
(epstopdf)             Command: <repstopdf --outfile=code/tmp/50_Toeplitz_chi_d
ense-eps-converted-to.pdf code/tmp/50_Toeplitz_chi_dense.eps>
(epstopdf)             \includegraphics on input line 1123.
Package epstopdf Info: Output file is already uptodate.


pdfTeX warning: pdflatex (file ./code/tmp/50_Toeplitz_chi_dense-eps-converted-t
o.pdf): PDF inclusion: found PDF version <1.7>, but at most version <1.5> allow
ed

<code/tmp/50_Toeplitz_chi_dense-eps-converted-to.pdf, id=287, 574.145pt x 351.3
125pt>
File: code/tmp/50_Toeplitz_chi_dense-eps-converted-to.pdf Graphic file (type pd
f)
 <use code/tmp/50_Toeplitz_chi_dense-eps-converted-to.pdf>
Package pdftex.def Info: code/tmp/50_Toeplitz_chi_dense-eps-converted-to.pdf us
ed on input line 1123.
(pdftex.def)             Requested size: 211.38832pt x 129.34567pt.
Package epstopdf Info: Source file: <code/tmp/50_Toeplitz_chi_sparse.eps>
(epstopdf)                    date: 2019-01-17 20:16:04
(epstopdf)                    size: 12889 bytes
(epstopdf)             Output file: <code/tmp/50_Toeplitz_chi_sparse-eps-conver
ted-to.pdf>
(epstopdf)                    date: 2019-01-17 22:01:02
(epstopdf)                    size: 11618 bytes
(epstopdf)             Command: <repstopdf --outfile=code/tmp/50_Toeplitz_chi_s
parse-eps-converted-to.pdf code/tmp/50_Toeplitz_chi_sparse.eps>
(epstopdf)             \includegraphics on input line 1126.
Package epstopdf Info: Output file is already uptodate.


pdfTeX warning: pdflatex (file ./code/tmp/50_Toeplitz_chi_sparse-eps-converted-
to.pdf): PDF inclusion: found PDF version <1.7>, but at most version <1.5> allo
wed

<code/tmp/50_Toeplitz_chi_sparse-eps-converted-to.pdf, id=288, 574.145pt x 351.
3125pt>
File: code/tmp/50_Toeplitz_chi_sparse-eps-converted-to.pdf Graphic file (type p
df)
 <use code/tmp/50_Toeplitz_chi_sparse-eps-converted-to.pdf>
Package pdftex.def Info: code/tmp/50_Toeplitz_chi_sparse-eps-converted-to.pdf u
sed on input line 1126.
(pdftex.def)             Requested size: 211.38832pt x 129.34567pt.
Package epstopdf Info: Source file: <code/tmp/100_Toeplitz_t_dense.eps>
(epstopdf)                    date: 2019-01-17 20:16:04
(epstopdf)                    size: 14009 bytes
(epstopdf)             Output file: <code/tmp/100_Toeplitz_t_dense-eps-converte
d-to.pdf>
(epstopdf)                    date: 2019-01-17 22:01:02
(epstopdf)                    size: 12981 bytes
(epstopdf)             Command: <repstopdf --outfile=code/tmp/100_Toeplitz_t_de
nse-eps-converted-to.pdf code/tmp/100_Toeplitz_t_dense.eps>
(epstopdf)             \includegraphics on input line 1130.
Package epstopdf Info: Output file is already uptodate.


pdfTeX warning: pdflatex (file ./code/tmp/100_Toeplitz_t_dense-eps-converted-to
.pdf): PDF inclusion: found PDF version <1.7>, but at most version <1.5> allowe
d

<code/tmp/100_Toeplitz_t_dense-eps-converted-to.pdf, id=289, 574.145pt x 351.31
25pt>
File: code/tmp/100_Toeplitz_t_dense-eps-converted-to.pdf Graphic file (type pdf
)
 <use code/tmp/100_Toeplitz_t_dense-eps-converted-to.pdf>
Package pdftex.def Info: code/tmp/100_Toeplitz_t_dense-eps-converted-to.pdf use
d on input line 1130.
(pdftex.def)             Requested size: 211.38832pt x 129.34567pt.
Package epstopdf Info: Source file: <code/tmp/100_Toeplitz_t_sparse.eps>
(epstopdf)                    date: 2019-01-17 20:16:04
(epstopdf)                    size: 13489 bytes
(epstopdf)             Output file: <code/tmp/100_Toeplitz_t_sparse-eps-convert
ed-to.pdf>
(epstopdf)                    date: 2019-01-17 22:01:03
(epstopdf)                    size: 12219 bytes
(epstopdf)             Command: <repstopdf --outfile=code/tmp/100_Toeplitz_t_sp
arse-eps-converted-to.pdf code/tmp/100_Toeplitz_t_sparse.eps>
(epstopdf)             \includegraphics on input line 1133.
Package epstopdf Info: Output file is already uptodate.


pdfTeX warning: pdflatex (file ./code/tmp/100_Toeplitz_t_sparse-eps-converted-t
o.pdf): PDF inclusion: found PDF version <1.7>, but at most version <1.5> allow
ed

<code/tmp/100_Toeplitz_t_sparse-eps-converted-to.pdf, id=290, 574.145pt x 351.3
125pt>
File: code/tmp/100_Toeplitz_t_sparse-eps-converted-to.pdf Graphic file (type pd
f)
 <use code/tmp/100_Toeplitz_t_sparse-eps-converted-to.pdf>
Package pdftex.def Info: code/tmp/100_Toeplitz_t_sparse-eps-converted-to.pdf us
ed on input line 1133.
(pdftex.def)             Requested size: 211.38832pt x 129.34567pt.
Package epstopdf Info: Source file: <code/tmp/100_Toeplitz_chi_dense.eps>
(epstopdf)                    date: 2019-01-17 20:16:05
(epstopdf)                    size: 13479 bytes
(epstopdf)             Output file: <code/tmp/100_Toeplitz_chi_dense-eps-conver
ted-to.pdf>
(epstopdf)                    date: 2019-01-17 22:01:03
(epstopdf)                    size: 12247 bytes
(epstopdf)             Command: <repstopdf --outfile=code/tmp/100_Toeplitz_chi_
dense-eps-converted-to.pdf code/tmp/100_Toeplitz_chi_dense.eps>
(epstopdf)             \includegraphics on input line 1137.
Package epstopdf Info: Output file is already uptodate.


pdfTeX warning: pdflatex (file ./code/tmp/100_Toeplitz_chi_dense-eps-converted-
to.pdf): PDF inclusion: found PDF version <1.7>, but at most version <1.5> allo
wed

<code/tmp/100_Toeplitz_chi_dense-eps-converted-to.pdf, id=291, 574.145pt x 351.
3125pt>
File: code/tmp/100_Toeplitz_chi_dense-eps-converted-to.pdf Graphic file (type p
df)
 <use code/tmp/100_Toeplitz_chi_dense-eps-converted-to.pdf>
Package pdftex.def Info: code/tmp/100_Toeplitz_chi_dense-eps-converted-to.pdf u
sed on input line 1137.
(pdftex.def)             Requested size: 211.38832pt x 129.34567pt.
Package epstopdf Info: Source file: <code/tmp/100_Toeplitz_chi_sparse.eps>
(epstopdf)                    date: 2019-01-17 20:16:05
(epstopdf)                    size: 13539 bytes
(epstopdf)             Output file: <code/tmp/100_Toeplitz_chi_sparse-eps-conve
rted-to.pdf>
(epstopdf)                    date: 2019-01-17 22:01:03
(epstopdf)                    size: 12390 bytes
(epstopdf)             Command: <repstopdf --outfile=code/tmp/100_Toeplitz_chi_
sparse-eps-converted-to.pdf code/tmp/100_Toeplitz_chi_sparse.eps>
(epstopdf)             \includegraphics on input line 1140.
Package epstopdf Info: Output file is already uptodate.


pdfTeX warning: pdflatex (file ./code/tmp/100_Toeplitz_chi_sparse-eps-converted
-to.pdf): PDF inclusion: found PDF version <1.7>, but at most version <1.5> all
owed

<code/tmp/100_Toeplitz_chi_sparse-eps-converted-to.pdf, id=292, 574.145pt x 351
.3125pt>
File: code/tmp/100_Toeplitz_chi_sparse-eps-converted-to.pdf Graphic file (type 
pdf)
 <use code/tmp/100_Toeplitz_chi_sparse-eps-converted-to.pdf>
Package pdftex.def Info: code/tmp/100_Toeplitz_chi_sparse-eps-converted-to.pdf 
used on input line 1140.
(pdftex.def)             Requested size: 211.38832pt x 129.34567pt.


LaTeX Warning: Float too large for page by 2.60101pt on input line 1145.

Package epstopdf Info: Source file: <code/tmp/50_equalCor_t_dense.eps>
(epstopdf)                    date: 2019-01-17 20:16:00
(epstopdf)                    size: 12701 bytes
(epstopdf)             Output file: <code/tmp/50_equalCor_t_dense-eps-converted
-to.pdf>
(epstopdf)             Command: <repstopdf --outfile=code/tmp/50_equalCor_t_den
se-eps-converted-to.pdf code/tmp/50_equalCor_t_dense.eps>
(epstopdf)             \includegraphics on input line 1151.
runsystem(repstopdf --outfile=code/tmp/50_equalCor_t_dense-eps-converted-to.pdf
 code/tmp/50_equalCor_t_dense.eps)...executed safely (allowed).

Package epstopdf Info: Result file: <code/tmp/50_equalCor_t_dense-eps-converted
-to.pdf>
(epstopdf)                    date: 2019-01-17 22:03:22
(epstopdf)                    size: 11354 bytes.


pdfTeX warning: pdflatex (file ./code/tmp/50_equalCor_t_dense-eps-converted-to.
pdf): PDF inclusion: found PDF version <1.7>, but at most version <1.5> allowed


<code/tmp/50_equalCor_t_dense-eps-converted-to.pdf, id=293, 574.145pt x 351.312
5pt>
File: code/tmp/50_equalCor_t_dense-eps-converted-to.pdf Graphic file (type pdf)

 <use code/tmp/50_equalCor_t_dense-eps-converted-to.pdf>
Package pdftex.def Info: code/tmp/50_equalCor_t_dense-eps-converted-to.pdf used
 on input line 1151.
(pdftex.def)             Requested size: 211.38832pt x 129.34567pt.
Package epstopdf Info: Source file: <code/tmp/50_equalCor_t_sparse.eps>
(epstopdf)                    date: 2019-01-17 20:16:00
(epstopdf)                    size: 12259 bytes
(epstopdf)             Output file: <code/tmp/50_equalCor_t_sparse-eps-converte
d-to.pdf>
(epstopdf)             Command: <repstopdf --outfile=code/tmp/50_equalCor_t_spa
rse-eps-converted-to.pdf code/tmp/50_equalCor_t_sparse.eps>
(epstopdf)             \includegraphics on input line 1154.
runsystem(repstopdf --outfile=code/tmp/50_equalCor_t_sparse-eps-converted-to.pd
f code/tmp/50_equalCor_t_sparse.eps)...executed safely (allowed).

Package epstopdf Info: Result file: <code/tmp/50_equalCor_t_sparse-eps-converte
d-to.pdf>
(epstopdf)                    date: 2019-01-17 22:03:23
(epstopdf)                    size: 11121 bytes.


pdfTeX warning: pdflatex (file ./code/tmp/50_equalCor_t_sparse-eps-converted-to
.pdf): PDF inclusion: found PDF version <1.7>, but at most version <1.5> allowe
d

<code/tmp/50_equalCor_t_sparse-eps-converted-to.pdf, id=294, 574.145pt x 351.31
25pt>
File: code/tmp/50_equalCor_t_sparse-eps-converted-to.pdf Graphic file (type pdf
)
 <use code/tmp/50_equalCor_t_sparse-eps-converted-to.pdf>
Package pdftex.def Info: code/tmp/50_equalCor_t_sparse-eps-converted-to.pdf use
d on input line 1154.
(pdftex.def)             Requested size: 211.38832pt x 129.34567pt.
Package epstopdf Info: Source file: <code/tmp/50_equalCor_chi_dense.eps>
(epstopdf)                    date: 2019-01-17 20:16:01
(epstopdf)                    size: 12193 bytes
(epstopdf)             Output file: <code/tmp/50_equalCor_chi_dense-eps-convert
ed-to.pdf>
(epstopdf)             Command: <repstopdf --outfile=code/tmp/50_equalCor_chi_d
ense-eps-converted-to.pdf code/tmp/50_equalCor_chi_dense.eps>
(epstopdf)             \includegraphics on input line 1158.
runsystem(repstopdf --outfile=code/tmp/50_equalCor_chi_dense-eps-converted-to.p
df code/tmp/50_equalCor_chi_dense.eps)...executed safely (allowed).

Package epstopdf Info: Result file: <code/tmp/50_equalCor_chi_dense-eps-convert
ed-to.pdf>
(epstopdf)                    date: 2019-01-17 22:03:23
(epstopdf)                    size: 10951 bytes.


pdfTeX warning: pdflatex (file ./code/tmp/50_equalCor_chi_dense-eps-converted-t
o.pdf): PDF inclusion: found PDF version <1.7>, but at most version <1.5> allow
ed

<code/tmp/50_equalCor_chi_dense-eps-converted-to.pdf, id=295, 574.145pt x 351.3
125pt>
File: code/tmp/50_equalCor_chi_dense-eps-converted-to.pdf Graphic file (type pd
f)
 <use code/tmp/50_equalCor_chi_dense-eps-converted-to.pdf>
Package pdftex.def Info: code/tmp/50_equalCor_chi_dense-eps-converted-to.pdf us
ed on input line 1158.
(pdftex.def)             Requested size: 211.38832pt x 129.34567pt.
Package epstopdf Info: Source file: <code/tmp/50_equalCor_chi_sparse.eps>
(epstopdf)                    date: 2019-01-17 20:16:01
(epstopdf)                    size: 12288 bytes
(epstopdf)             Output file: <code/tmp/50_equalCor_chi_sparse-eps-conver
ted-to.pdf>
(epstopdf)             Command: <repstopdf --outfile=code/tmp/50_equalCor_chi_s
parse-eps-converted-to.pdf code/tmp/50_equalCor_chi_sparse.eps>
(epstopdf)             \includegraphics on input line 1161.
runsystem(repstopdf --outfile=code/tmp/50_equalCor_chi_sparse-eps-converted-to.
pdf code/tmp/50_equalCor_chi_sparse.eps)...executed safely (allowed).

Package epstopdf Info: Result file: <code/tmp/50_equalCor_chi_sparse-eps-conver
ted-to.pdf>
(epstopdf)                    date: 2019-01-17 22:03:23
(epstopdf)                    size: 11176 bytes.


pdfTeX warning: pdflatex (file ./code/tmp/50_equalCor_chi_sparse-eps-converted-
to.pdf): PDF inclusion: found PDF version <1.7>, but at most version <1.5> allo
wed

<code/tmp/50_equalCor_chi_sparse-eps-converted-to.pdf, id=296, 574.145pt x 351.
3125pt>
File: code/tmp/50_equalCor_chi_sparse-eps-converted-to.pdf Graphic file (type p
df)
 <use code/tmp/50_equalCor_chi_sparse-eps-converted-to.pdf>
Package pdftex.def Info: code/tmp/50_equalCor_chi_sparse-eps-converted-to.pdf u
sed on input line 1161.
(pdftex.def)             Requested size: 211.38832pt x 129.34567pt.
Package epstopdf Info: Source file: <code/tmp/100_equalCor_t_dense.eps>
(epstopdf)                    date: 2019-01-17 20:16:01
(epstopdf)                    size: 12261 bytes
(epstopdf)             Output file: <code/tmp/100_equalCor_t_dense-eps-converte
d-to.pdf>
(epstopdf)             Command: <repstopdf --outfile=code/tmp/100_equalCor_t_de
nse-eps-converted-to.pdf code/tmp/100_equalCor_t_dense.eps>
(epstopdf)             \includegraphics on input line 1165.
runsystem(repstopdf --outfile=code/tmp/100_equalCor_t_dense-eps-converted-to.pd
f code/tmp/100_equalCor_t_dense.eps)...executed safely (allowed).

Package epstopdf Info: Result file: <code/tmp/100_equalCor_t_dense-eps-converte
d-to.pdf>
(epstopdf)                    date: 2019-01-17 22:03:24
(epstopdf)                    size: 11012 bytes.


pdfTeX warning: pdflatex (file ./code/tmp/100_equalCor_t_dense-eps-converted-to
.pdf): PDF inclusion: found PDF version <1.7>, but at most version <1.5> allowe
d

<code/tmp/100_equalCor_t_dense-eps-converted-to.pdf, id=297, 574.145pt x 351.31
25pt>
File: code/tmp/100_equalCor_t_dense-eps-converted-to.pdf Graphic file (type pdf
)
 <use code/tmp/100_equalCor_t_dense-eps-converted-to.pdf>
Package pdftex.def Info: code/tmp/100_equalCor_t_dense-eps-converted-to.pdf use
d on input line 1165.
(pdftex.def)             Requested size: 211.38832pt x 129.34567pt.
Package epstopdf Info: Source file: <code/tmp/100_equalCor_t_sparse.eps>
(epstopdf)                    date: 2019-01-17 20:16:01
(epstopdf)                    size: 12204 bytes
(epstopdf)             Output file: <code/tmp/100_equalCor_t_sparse-eps-convert
ed-to.pdf>
(epstopdf)             Command: <repstopdf --outfile=code/tmp/100_equalCor_t_sp
arse-eps-converted-to.pdf code/tmp/100_equalCor_t_sparse.eps>
(epstopdf)             \includegraphics on input line 1168.
runsystem(repstopdf --outfile=code/tmp/100_equalCor_t_sparse-eps-converted-to.p
df code/tmp/100_equalCor_t_sparse.eps)...executed safely (allowed).

Package epstopdf Info: Result file: <code/tmp/100_equalCor_t_sparse-eps-convert
ed-to.pdf>
(epstopdf)                    date: 2019-01-17 22:03:24
(epstopdf)                    size: 10963 bytes.


pdfTeX warning: pdflatex (file ./code/tmp/100_equalCor_t_sparse-eps-converted-t
o.pdf): PDF inclusion: found PDF version <1.7>, but at most version <1.5> allow
ed

<code/tmp/100_equalCor_t_sparse-eps-converted-to.pdf, id=298, 574.145pt x 351.3
125pt>
File: code/tmp/100_equalCor_t_sparse-eps-converted-to.pdf Graphic file (type pd
f)
 <use code/tmp/100_equalCor_t_sparse-eps-converted-to.pdf>
Package pdftex.def Info: code/tmp/100_equalCor_t_sparse-eps-converted-to.pdf us
ed on input line 1168.
(pdftex.def)             Requested size: 211.38832pt x 129.34567pt.
Package epstopdf Info: Source file: <code/tmp/100_equalCor_chi_dense.eps>
(epstopdf)                    date: 2019-01-17 20:16:02
(epstopdf)                    size: 12241 bytes
(epstopdf)             Output file: <code/tmp/100_equalCor_chi_dense-eps-conver
ted-to.pdf>
(epstopdf)             Command: <repstopdf --outfile=code/tmp/100_equalCor_chi_
dense-eps-converted-to.pdf code/tmp/100_equalCor_chi_dense.eps>
(epstopdf)             \includegraphics on input line 1172.
runsystem(repstopdf --outfile=code/tmp/100_equalCor_chi_dense-eps-converted-to.
pdf code/tmp/100_equalCor_chi_dense.eps)...executed safely (allowed).

Package epstopdf Info: Result file: <code/tmp/100_equalCor_chi_dense-eps-conver
ted-to.pdf>
(epstopdf)                    date: 2019-01-17 22:03:24
(epstopdf)                    size: 10949 bytes.


pdfTeX warning: pdflatex (file ./code/tmp/100_equalCor_chi_dense-eps-converted-
to.pdf): PDF inclusion: found PDF version <1.7>, but at most version <1.5> allo
wed

<code/tmp/100_equalCor_chi_dense-eps-converted-to.pdf, id=299, 574.145pt x 351.
3125pt>
File: code/tmp/100_equalCor_chi_dense-eps-converted-to.pdf Graphic file (type p
df)
 <use code/tmp/100_equalCor_chi_dense-eps-converted-to.pdf>
Package pdftex.def Info: code/tmp/100_equalCor_chi_dense-eps-converted-to.pdf u
sed on input line 1172.
(pdftex.def)             Requested size: 211.38832pt x 129.34567pt.
Package epstopdf Info: Source file: <code/tmp/100_equalCor_chi_sparse.eps>
(epstopdf)                    date: 2019-01-17 20:16:02
(epstopdf)                    size: 12232 bytes
(epstopdf)             Output file: <code/tmp/100_equalCor_chi_sparse-eps-conve
rted-to.pdf>
(epstopdf)             Command: <repstopdf --outfile=code/tmp/100_equalCor_chi_
sparse-eps-converted-to.pdf code/tmp/100_equalCor_chi_sparse.eps>
(epstopdf)             \includegraphics on input line 1175.
runsystem(repstopdf --outfile=code/tmp/100_equalCor_chi_sparse-eps-converted-to
.pdf code/tmp/100_equalCor_chi_sparse.eps)...executed safely (allowed).

Package epstopdf Info: Result file: <code/tmp/100_equalCor_chi_sparse-eps-conve
rted-to.pdf>
(epstopdf)                    date: 2019-01-17 22:03:25
(epstopdf)                    size: 10995 bytes.


pdfTeX warning: pdflatex (file ./code/tmp/100_equalCor_chi_sparse-eps-converted
-to.pdf): PDF inclusion: found PDF version <1.7>, but at most version <1.5> all
owed

<code/tmp/100_equalCor_chi_sparse-eps-converted-to.pdf, id=300, 574.145pt x 351
.3125pt>
File: code/tmp/100_equalCor_chi_sparse-eps-converted-to.pdf Graphic file (type 
pdf)
 <use code/tmp/100_equalCor_chi_sparse-eps-converted-to.pdf>
Package pdftex.def Info: code/tmp/100_equalCor_chi_sparse-eps-converted-to.pdf 
used on input line 1175.
(pdftex.def)             Requested size: 211.38832pt x 129.34567pt.


LaTeX Warning: Float too large for page by 2.60101pt on input line 1180.

[12] [13 <./code/tmp/50_iidnormal_t_dense-eps-converted-to.pdf> <./code/tmp/50_
iidnormal_t_sparse-eps-converted-to.pdf> <./code/tmp/50_iidnormal_chi_dense-eps
-converted-to.pdf> <./code/tmp/50_iidnormal_chi_sparse-eps-converted-to.pdf> <.
/code/tmp/100_iidnormal_t_dense-eps-converted-to.pdf> <./code/tmp/100_iidnormal
_t_sparse-eps-converted-to.pdf> <./code/tmp/100_iidnormal_chi_dense-eps-convert
ed-to.pdf> <./code/tmp/100_iidnormal_chi_sparse-eps-converted-to.pdf>] [14 <./c
ode/tmp/50_Toeplitz_t_dense-eps-converted-to.pdf> <./code/tmp/50_Toeplitz_t_spa
rse-eps-converted-to.pdf> <./code/tmp/50_Toeplitz_chi_dense-eps-converted-to.pd
f> <./code/tmp/50_Toeplitz_chi_sparse-eps-converted-to.pdf> <./code/tmp/100_Toe
plitz_t_dense-eps-converted-to.pdf> <./code/tmp/100_Toeplitz_t_sparse-eps-conve
rted-to.pdf> <./code/tmp/100_Toeplitz_chi_dense-eps-converted-to.pdf> <./code/t
mp/100_Toeplitz_chi_sparse-eps-converted-to.pdf>] [15 <./code/tmp/50_equalCor_t
_dense-eps-converted-to.pdf> <./code/tmp/50_equalCor_t_sparse-eps-converted-to.
pdf> <./code/tmp/50_equalCor_chi_dense-eps-converted-to.pdf> <./code/tmp/50_equ
alCor_chi_sparse-eps-converted-to.pdf> <./code/tmp/100_equalCor_t_dense-eps-con
verted-to.pdf> <./code/tmp/100_equalCor_t_sparse-eps-converted-to.pdf> <./code/
tmp/100_equalCor_chi_dense-eps-converted-to.pdf> <./code/tmp/100_equalCor_chi_s
parse-eps-converted-to.pdf>] [16]
Overfull \hbox (12.22441pt too wide) detected at line 1427
[] \OMS/cmsy/m/n/10.95 ^^Z [] \OML/cmm/m/it/10.95 :
 []

[17] [18] [19] [20] [21]
Overfull \hbox (12.88023pt too wide) in paragraph at lines 2041--2046
\OT1/cmr/m/n/10.95 In what fol-lows, we as-sume $\OML/cmm/m/it/10.95 c \OMS/cms
y/m/n/10.95 2 \OT1/cmr/m/n/10.95 (0\OML/cmm/m/it/10.95 ; \OT1/cmr/m/n/10.95 +\O
MS/cmsy/m/n/10.95 1\OT1/cmr/m/n/10.95 )$. By Helly se-lec-tion the-o-rem, we ca
n as-sume $[][] \OMS/cmsy/m/n/10.95 j\OML/cmm/m/it/10.95 b[]\OMS/cmsy/m/n/10.95
 j\OML/cmm/m/it/10.95 =\OMS/cmsy/m/n/10.95 k\OT1/cmr/bx/n/10.95 b\OMS/cmsy/m/n/
10.95 k \OT1/cmr/m/n/10.95 =
 []

[22]
Overfull \hbox (9.91473pt too wide) in paragraph at lines 2123--2123
[] 
 []


Overfull \hbox (5.92715pt too wide) in paragraph at lines 2172--2181
\OT1/cmr/m/n/10.95 Note that $[][] []$ is in-de-pen-dent of $[][] \OML/cmm/m/it
/10.95 b[]z[]$ \OT1/cmr/m/n/10.95 and $[][] \OML/cmm/m/it/10.95 b[]z[] \OMS/cms
y/m/n/10.95 ^^X N\OT1/cmr/m/n/10.95 (0\OML/cmm/m/it/10.95 ; [][] b[]\OT1/cmr/m/
n/10.95 )$.
 []

[23] (./main.bbl [24]
Missing character: There is no  in font cmr10!
Missing character: There is no  in font cmr10!
Missing character: There is no  in font cmr10!
Missing character: There is no  in font cmr10!
 [25])
Package atveryend Info: Empty hook `BeforeClearDocument' on input line 2479.
 [26]
Package atveryend Info: Empty hook `AfterLastShipout' on input line 2479.
 (./main.aux)
Package atveryend Info: Executing hook `AtVeryEndDocument' on input line 2479.
Package atveryend Info: Executing hook `AtEndAfterFileList' on input line 2479.

Package rerunfilecheck Info: File `main.out' has not changed.
(rerunfilecheck)             Checksum: 48E02D1B466318B0F7EAAA3160DAB830;394.


LaTeX Warning: There were undefined references.

Package atveryend Info: Empty hook `AtVeryVeryEnd' on input line 2479.
 ) 
Here is how much of TeX's memory you used:
 9398 strings out of 493029
 136033 string characters out of 6136233
 251911 words of memory out of 5000000
 12600 multiletter control sequences out of 15000+600000
 21156 words of font info for 79 fonts, out of 8000000 for 9000
 1141 hyphenation exceptions out of 8191
 35i,22n,36p,1015b,466s stack positions out of 5000i,500n,10000p,200000b,80000s
</usr/share/texlive/texmf-dist/fonts/type1/public/amsfonts/cm/cmbx10.pfb></us
r/share/texlive/texmf-dist/fonts/type1/public/amsfonts/cm/cmbx12.pfb></usr/shar
e/texlive/texmf-dist/fonts/type1/public/amsfonts/cm/cmbxti10.pfb></usr/share/te
xlive/texmf-dist/fonts/type1/public/amsfonts/cm/cmex10.pfb></usr/share/texlive/
texmf-dist/fonts/type1/public/amsfonts/cm/cmmi10.pfb></usr/share/texlive/texmf-
dist/fonts/type1/public/amsfonts/cm/cmmi6.pfb></usr/share/texlive/texmf-dist/fo
nts/type1/public/amsfonts/cm/cmmi8.pfb></usr/share/texlive/texmf-dist/fonts/typ
e1/public/amsfonts/cm/cmmi9.pfb></usr/share/texlive/texmf-dist/fonts/type1/publ
ic/amsfonts/cm/cmmib10.pfb></usr/share/texlive/texmf-dist/fonts/type1/public/am
sfonts/cmextra/cmmib9.pfb></usr/share/texlive/texmf-dist/fonts/type1/public/ams
fonts/cm/cmr10.pfb></usr/share/texlive/texmf-dist/fonts/type1/public/amsfonts/c
m/cmr12.pfb></usr/share/texlive/texmf-dist/fonts/type1/public/amsfonts/cm/cmr17
.pfb></usr/share/texlive/texmf-dist/fonts/type1/public/amsfonts/cm/cmr6.pfb></u
sr/share/texlive/texmf-dist/fonts/type1/public/amsfonts/cm/cmr8.pfb></usr/share
/texlive/texmf-dist/fonts/type1/public/amsfonts/cm/cmr9.pfb></usr/share/texlive
/texmf-dist/fonts/type1/public/amsfonts/cm/cmsy10.pfb></usr/share/texlive/texmf
-dist/fonts/type1/public/amsfonts/cm/cmsy6.pfb></usr/share/texlive/texmf-dist/f
onts/type1/public/amsfonts/cm/cmsy8.pfb></usr/share/texlive/texmf-dist/fonts/ty
pe1/public/amsfonts/cm/cmsy9.pfb></usr/share/texlive/texmf-dist/fonts/type1/pub
lic/amsfonts/cm/cmti10.pfb></usr/share/texlive/texmf-dist/fonts/type1/public/am
sfonts/symbols/msam10.pfb></usr/share/texlive/texmf-dist/fonts/type1/public/ams
fonts/symbols/msam7.pfb></usr/share/texlive/texmf-dist/fonts/type1/public/amsfo
nts/symbols/msbm10.pfb></usr/share/texlive/texmf-dist/fonts/type1/public/rsfs/r
sfs10.pfb>
Output written on main.pdf (26 pages, 579764 bytes).
PDF statistics:
 734 PDF objects out of 1000 (max. 8388607)
 602 compressed objects within 7 object streams
 127 named destinations out of 1000 (max. 500000)
 177 words of extra memory for PDF output out of 10000 (max. 10000000)

